[2024-05-13T04:46:55.739+0000] {local_task_job_runner.py:120} INFO - ::group::Pre task execution logs
[2024-05-13T04:46:55.757+0000] {taskinstance.py:2073} INFO - Dependencies all met for dep_context=non-requeueable deps ti=<TaskInstance: customer_transactions_pipeline.Create_Process_schema_Spark_SQL.DDL_process_schema manual__2024-05-13T04:45:13.871143+00:00 [queued]>
[2024-05-13T04:46:55.765+0000] {taskinstance.py:2073} INFO - Dependencies all met for dep_context=requeueable deps ti=<TaskInstance: customer_transactions_pipeline.Create_Process_schema_Spark_SQL.DDL_process_schema manual__2024-05-13T04:45:13.871143+00:00 [queued]>
[2024-05-13T04:46:55.765+0000] {taskinstance.py:2303} INFO - Starting attempt 1 of 2
[2024-05-13T04:46:55.779+0000] {taskinstance.py:2327} INFO - Executing <Task(DatabricksRunNowOperator): Create_Process_schema_Spark_SQL.DDL_process_schema> on 2024-05-13 04:45:13.871143+00:00
[2024-05-13T04:46:55.782+0000] {standard_task_runner.py:63} INFO - Started process 12508 to run task
[2024-05-13T04:46:55.785+0000] {standard_task_runner.py:90} INFO - Running: ['airflow', 'tasks', 'run', 'customer_transactions_pipeline', 'Create_Process_schema_Spark_SQL.DDL_process_schema', 'manual__2024-05-13T04:45:13.871143+00:00', '--job-id', '67', '--raw', '--subdir', 'DAGS_FOLDER/dag.py', '--cfg-path', '/tmp/tmp5ckzcj89']
[2024-05-13T04:46:55.787+0000] {standard_task_runner.py:91} INFO - Job 67: Subtask Create_Process_schema_Spark_SQL.DDL_process_schema
[2024-05-13T04:46:55.834+0000] {task_command.py:426} INFO - Running <TaskInstance: customer_transactions_pipeline.Create_Process_schema_Spark_SQL.DDL_process_schema manual__2024-05-13T04:45:13.871143+00:00 [running]> on host f5da772b0226
[2024-05-13T04:46:55.916+0000] {taskinstance.py:2644} INFO - Exporting env vars: AIRFLOW_CTX_DAG_EMAIL='mm22@gmail.com' AIRFLOW_CTX_DAG_OWNER='ct' AIRFLOW_CTX_DAG_ID='customer_transactions_pipeline' AIRFLOW_CTX_TASK_ID='Create_Process_schema_Spark_SQL.DDL_process_schema' AIRFLOW_CTX_EXECUTION_DATE='2024-05-13T04:45:13.871143+00:00' AIRFLOW_CTX_TRY_NUMBER='1' AIRFLOW_CTX_DAG_RUN_ID='manual__2024-05-13T04:45:13.871143+00:00'
[2024-05-13T04:46:55.917+0000] {taskinstance.py:430} INFO - ::endgroup::
[2024-05-13T04:46:55.939+0000] {base.py:84} INFO - Using connection ID 'databricks_default' for task execution.
[2024-05-13T04:46:55.940+0000] {databricks_base.py:501} INFO - Using token auth.
[2024-05-13T04:46:56.396+0000] {databricks.py:56} INFO - Run submitted with run_id: 476017732935863
[2024-05-13T04:46:56.396+0000] {databricks_base.py:501} INFO - Using token auth.
[2024-05-13T04:46:56.726+0000] {databricks_base.py:501} INFO - Using token auth.
[2024-05-13T04:46:57.020+0000] {databricks.py:109} INFO - Create_Process_schema_Spark_SQL.DDL_process_schema in run state: {'life_cycle_state': 'RUNNING', 'result_state': '', 'state_message': ''}
[2024-05-13T04:46:57.021+0000] {databricks.py:110} INFO - View run status, Spark UI, and logs at https://adb-321042217431130.10.azuredatabricks.net/?o=321042217431130#job/243865987601161/run/476017732935863
[2024-05-13T04:46:57.022+0000] {databricks.py:111} INFO - Sleeping for 30 seconds.
[2024-05-13T04:47:27.053+0000] {databricks_base.py:501} INFO - Using token auth.
[2024-05-13T04:47:27.374+0000] {databricks.py:67} INFO - Create_Process_schema_Spark_SQL.DDL_process_schema completed successfully.
[2024-05-13T04:47:27.375+0000] {databricks.py:68} INFO - View run status, Spark UI, and logs at https://adb-321042217431130.10.azuredatabricks.net/?o=321042217431130#job/243865987601161/run/476017732935863
[2024-05-13T04:47:27.375+0000] {taskinstance.py:441} INFO - ::group::Post task execution logs
[2024-05-13T04:47:27.384+0000] {taskinstance.py:1205} INFO - Marking task as SUCCESS. dag_id=customer_transactions_pipeline, task_id=Create_Process_schema_Spark_SQL.DDL_process_schema, execution_date=20240513T044513, start_date=20240513T044655, end_date=20240513T044727
[2024-05-13T04:47:27.421+0000] {local_task_job_runner.py:240} INFO - Task exited with return code 0
[2024-05-13T04:47:27.450+0000] {taskinstance.py:3482} INFO - 3 downstream tasks scheduled from follow-on schedule check
[2024-05-13T04:47:27.453+0000] {local_task_job_runner.py:222} INFO - ::endgroup::
