[2024-05-13T04:46:23.037+0000] {local_task_job_runner.py:120} INFO - ::group::Pre task execution logs
[2024-05-13T04:46:23.067+0000] {taskinstance.py:2073} INFO - Dependencies all met for dep_context=non-requeueable deps ti=<TaskInstance: customer_transactions_pipeline.Set_configs_Databricks.mount_adfs_with_dbfs manual__2024-05-13T04:45:13.871143+00:00 [queued]>
[2024-05-13T04:46:23.079+0000] {taskinstance.py:2073} INFO - Dependencies all met for dep_context=requeueable deps ti=<TaskInstance: customer_transactions_pipeline.Set_configs_Databricks.mount_adfs_with_dbfs manual__2024-05-13T04:45:13.871143+00:00 [queued]>
[2024-05-13T04:46:23.080+0000] {taskinstance.py:2303} INFO - Starting attempt 1 of 2
[2024-05-13T04:46:23.095+0000] {taskinstance.py:2327} INFO - Executing <Task(DatabricksRunNowOperator): Set_configs_Databricks.mount_adfs_with_dbfs> on 2024-05-13 04:45:13.871143+00:00
[2024-05-13T04:46:23.100+0000] {standard_task_runner.py:63} INFO - Started process 12492 to run task
[2024-05-13T04:46:23.103+0000] {standard_task_runner.py:90} INFO - Running: ['airflow', 'tasks', 'run', 'customer_transactions_pipeline', 'Set_configs_Databricks.mount_adfs_with_dbfs', 'manual__2024-05-13T04:45:13.871143+00:00', '--job-id', '65', '--raw', '--subdir', 'DAGS_FOLDER/dag.py', '--cfg-path', '/tmp/tmpsd8ugku4']
[2024-05-13T04:46:23.105+0000] {standard_task_runner.py:91} INFO - Job 65: Subtask Set_configs_Databricks.mount_adfs_with_dbfs
[2024-05-13T04:46:23.159+0000] {task_command.py:426} INFO - Running <TaskInstance: customer_transactions_pipeline.Set_configs_Databricks.mount_adfs_with_dbfs manual__2024-05-13T04:45:13.871143+00:00 [running]> on host f5da772b0226
[2024-05-13T04:46:23.240+0000] {taskinstance.py:2644} INFO - Exporting env vars: AIRFLOW_CTX_DAG_EMAIL='mm22@gmail.com' AIRFLOW_CTX_DAG_OWNER='ct' AIRFLOW_CTX_DAG_ID='customer_transactions_pipeline' AIRFLOW_CTX_TASK_ID='Set_configs_Databricks.mount_adfs_with_dbfs' AIRFLOW_CTX_EXECUTION_DATE='2024-05-13T04:45:13.871143+00:00' AIRFLOW_CTX_TRY_NUMBER='1' AIRFLOW_CTX_DAG_RUN_ID='manual__2024-05-13T04:45:13.871143+00:00'
[2024-05-13T04:46:23.241+0000] {taskinstance.py:430} INFO - ::endgroup::
[2024-05-13T04:46:23.272+0000] {base.py:84} INFO - Using connection ID 'databricks_default' for task execution.
[2024-05-13T04:46:23.274+0000] {databricks_base.py:501} INFO - Using token auth.
[2024-05-13T04:46:23.896+0000] {databricks.py:56} INFO - Run submitted with run_id: 1059666435224951
[2024-05-13T04:46:23.897+0000] {databricks_base.py:501} INFO - Using token auth.
[2024-05-13T04:46:24.225+0000] {databricks_base.py:501} INFO - Using token auth.
[2024-05-13T04:46:24.540+0000] {databricks.py:109} INFO - Set_configs_Databricks.mount_adfs_with_dbfs in run state: {'life_cycle_state': 'RUNNING', 'result_state': '', 'state_message': ''}
[2024-05-13T04:46:24.541+0000] {databricks.py:110} INFO - View run status, Spark UI, and logs at https://adb-321042217431130.10.azuredatabricks.net/?o=321042217431130#job/755324852567507/run/1059666435224951
[2024-05-13T04:46:24.541+0000] {databricks.py:111} INFO - Sleeping for 30 seconds.
[2024-05-13T04:46:54.572+0000] {databricks_base.py:501} INFO - Using token auth.
[2024-05-13T04:46:54.898+0000] {databricks.py:67} INFO - Set_configs_Databricks.mount_adfs_with_dbfs completed successfully.
[2024-05-13T04:46:54.899+0000] {databricks.py:68} INFO - View run status, Spark UI, and logs at https://adb-321042217431130.10.azuredatabricks.net/?o=321042217431130#job/755324852567507/run/1059666435224951
[2024-05-13T04:46:54.899+0000] {taskinstance.py:441} INFO - ::group::Post task execution logs
[2024-05-13T04:46:54.908+0000] {taskinstance.py:1205} INFO - Marking task as SUCCESS. dag_id=customer_transactions_pipeline, task_id=Set_configs_Databricks.mount_adfs_with_dbfs, execution_date=20240513T044513, start_date=20240513T044623, end_date=20240513T044654
[2024-05-13T04:46:54.942+0000] {local_task_job_runner.py:240} INFO - Task exited with return code 0
[2024-05-13T04:46:54.993+0000] {taskinstance.py:3482} INFO - 1 downstream tasks scheduled from follow-on schedule check
[2024-05-13T04:46:54.995+0000] {local_task_job_runner.py:222} INFO - ::endgroup::
