[2024-05-13T04:58:00.853+0000] {local_task_job_runner.py:120} INFO - ::group::Pre task execution logs
[2024-05-13T04:58:00.873+0000] {taskinstance.py:2073} INFO - Dependencies all met for dep_context=non-requeueable deps ti=<TaskInstance: customer_transactions_pipeline.Presentation_layer_PySpark.dim_customer_transformation scheduled__2024-05-03T02:00:00+00:00 [queued]>
[2024-05-13T04:58:00.882+0000] {taskinstance.py:2073} INFO - Dependencies all met for dep_context=requeueable deps ti=<TaskInstance: customer_transactions_pipeline.Presentation_layer_PySpark.dim_customer_transformation scheduled__2024-05-03T02:00:00+00:00 [queued]>
[2024-05-13T04:58:00.882+0000] {taskinstance.py:2303} INFO - Starting attempt 1 of 2
[2024-05-13T04:58:00.897+0000] {taskinstance.py:2327} INFO - Executing <Task(DatabricksRunNowOperator): Presentation_layer_PySpark.dim_customer_transformation> on 2024-05-03 02:00:00+00:00
[2024-05-13T04:58:00.903+0000] {standard_task_runner.py:63} INFO - Started process 12812 to run task
[2024-05-13T04:58:00.907+0000] {standard_task_runner.py:90} INFO - Running: ['airflow', 'tasks', 'run', 'customer_transactions_pipeline', 'Presentation_layer_PySpark.dim_customer_transformation', 'scheduled__2024-05-03T02:00:00+00:00', '--job-id', '98', '--raw', '--subdir', 'DAGS_FOLDER/dag.py', '--cfg-path', '/tmp/tmp6pspaw2q']
[2024-05-13T04:58:00.909+0000] {standard_task_runner.py:91} INFO - Job 98: Subtask Presentation_layer_PySpark.dim_customer_transformation
[2024-05-13T04:58:00.957+0000] {task_command.py:426} INFO - Running <TaskInstance: customer_transactions_pipeline.Presentation_layer_PySpark.dim_customer_transformation scheduled__2024-05-03T02:00:00+00:00 [running]> on host f5da772b0226
[2024-05-13T04:58:01.042+0000] {taskinstance.py:2644} INFO - Exporting env vars: AIRFLOW_CTX_DAG_EMAIL='mm22@gmail.com' AIRFLOW_CTX_DAG_OWNER='ct' AIRFLOW_CTX_DAG_ID='customer_transactions_pipeline' AIRFLOW_CTX_TASK_ID='Presentation_layer_PySpark.dim_customer_transformation' AIRFLOW_CTX_EXECUTION_DATE='2024-05-03T02:00:00+00:00' AIRFLOW_CTX_TRY_NUMBER='1' AIRFLOW_CTX_DAG_RUN_ID='scheduled__2024-05-03T02:00:00+00:00'
[2024-05-13T04:58:01.043+0000] {taskinstance.py:430} INFO - ::endgroup::
[2024-05-13T04:58:01.066+0000] {base.py:84} INFO - Using connection ID 'databricks_default' for task execution.
[2024-05-13T04:58:01.068+0000] {databricks_base.py:501} INFO - Using token auth.
[2024-05-13T04:58:01.475+0000] {databricks.py:56} INFO - Run submitted with run_id: 1102931870540426
[2024-05-13T04:58:01.476+0000] {databricks_base.py:501} INFO - Using token auth.
[2024-05-13T04:58:01.783+0000] {databricks_base.py:501} INFO - Using token auth.
[2024-05-13T04:58:02.105+0000] {databricks.py:109} INFO - Presentation_layer_PySpark.dim_customer_transformation in run state: {'life_cycle_state': 'RUNNING', 'result_state': '', 'state_message': ''}
[2024-05-13T04:58:02.107+0000] {databricks.py:110} INFO - View run status, Spark UI, and logs at https://adb-321042217431130.10.azuredatabricks.net/?o=321042217431130#job/1082082529585351/run/1102931870540426
[2024-05-13T04:58:02.107+0000] {databricks.py:111} INFO - Sleeping for 30 seconds.
[2024-05-13T04:58:32.137+0000] {databricks_base.py:501} INFO - Using token auth.
[2024-05-13T04:58:32.582+0000] {databricks.py:67} INFO - Presentation_layer_PySpark.dim_customer_transformation completed successfully.
[2024-05-13T04:58:32.584+0000] {databricks.py:68} INFO - View run status, Spark UI, and logs at https://adb-321042217431130.10.azuredatabricks.net/?o=321042217431130#job/1082082529585351/run/1102931870540426
[2024-05-13T04:58:32.585+0000] {taskinstance.py:441} INFO - ::group::Post task execution logs
[2024-05-13T04:58:32.599+0000] {taskinstance.py:1205} INFO - Marking task as SUCCESS. dag_id=customer_transactions_pipeline, task_id=Presentation_layer_PySpark.dim_customer_transformation, execution_date=20240503T020000, start_date=20240513T045800, end_date=20240513T045832
[2024-05-13T04:58:32.667+0000] {local_task_job_runner.py:240} INFO - Task exited with return code 0
[2024-05-13T04:58:32.698+0000] {taskinstance.py:3482} INFO - 0 downstream tasks scheduled from follow-on schedule check
[2024-05-13T04:58:32.701+0000] {local_task_job_runner.py:222} INFO - ::endgroup::
[2024-05-13T06:53:08.713+0000] {local_task_job_runner.py:120} INFO - ::group::Pre task execution logs
[2024-05-13T06:53:08.742+0000] {taskinstance.py:2073} INFO - Dependencies all met for dep_context=non-requeueable deps ti=<TaskInstance: customer_transactions_pipeline.Presentation_layer_PySpark.dim_customer_transformation scheduled__2024-05-03T02:00:00+00:00 [queued]>
[2024-05-13T06:53:08.756+0000] {taskinstance.py:2073} INFO - Dependencies all met for dep_context=requeueable deps ti=<TaskInstance: customer_transactions_pipeline.Presentation_layer_PySpark.dim_customer_transformation scheduled__2024-05-03T02:00:00+00:00 [queued]>
[2024-05-13T06:53:08.757+0000] {taskinstance.py:2303} INFO - Starting attempt 1 of 2
[2024-05-13T06:53:08.780+0000] {taskinstance.py:2327} INFO - Executing <Task(DatabricksRunNowOperator): Presentation_layer_PySpark.dim_customer_transformation> on 2024-05-03 02:00:00+00:00
[2024-05-13T06:53:08.787+0000] {standard_task_runner.py:63} INFO - Started process 15373 to run task
[2024-05-13T06:53:08.792+0000] {standard_task_runner.py:90} INFO - Running: ['airflow', 'tasks', 'run', 'customer_transactions_pipeline', 'Presentation_layer_PySpark.dim_customer_transformation', 'scheduled__2024-05-03T02:00:00+00:00', '--job-id', '116', '--raw', '--subdir', 'DAGS_FOLDER/dag.py', '--cfg-path', '/tmp/tmpi4ej7v2s']
[2024-05-13T06:53:08.794+0000] {standard_task_runner.py:91} INFO - Job 116: Subtask Presentation_layer_PySpark.dim_customer_transformation
[2024-05-13T06:53:08.859+0000] {task_command.py:426} INFO - Running <TaskInstance: customer_transactions_pipeline.Presentation_layer_PySpark.dim_customer_transformation scheduled__2024-05-03T02:00:00+00:00 [running]> on host f5da772b0226
[2024-05-13T06:53:08.953+0000] {taskinstance.py:2644} INFO - Exporting env vars: AIRFLOW_CTX_DAG_EMAIL='mm22@gmail.com' AIRFLOW_CTX_DAG_OWNER='ct' AIRFLOW_CTX_DAG_ID='customer_transactions_pipeline' AIRFLOW_CTX_TASK_ID='Presentation_layer_PySpark.dim_customer_transformation' AIRFLOW_CTX_EXECUTION_DATE='2024-05-03T02:00:00+00:00' AIRFLOW_CTX_TRY_NUMBER='1' AIRFLOW_CTX_DAG_RUN_ID='scheduled__2024-05-03T02:00:00+00:00'
[2024-05-13T06:53:08.954+0000] {taskinstance.py:430} INFO - ::endgroup::
[2024-05-13T06:53:08.978+0000] {base.py:84} INFO - Using connection ID 'databricks_default' for task execution.
[2024-05-13T06:53:08.980+0000] {databricks_base.py:501} INFO - Using token auth.
[2024-05-13T06:53:09.451+0000] {databricks.py:56} INFO - Run submitted with run_id: 508279071615475
[2024-05-13T06:53:09.451+0000] {databricks_base.py:501} INFO - Using token auth.
[2024-05-13T06:53:09.791+0000] {databricks_base.py:501} INFO - Using token auth.
[2024-05-13T06:53:10.136+0000] {databricks.py:109} INFO - Presentation_layer_PySpark.dim_customer_transformation in run state: {'life_cycle_state': 'RUNNING', 'result_state': '', 'state_message': ''}
[2024-05-13T06:53:10.138+0000] {databricks.py:110} INFO - View run status, Spark UI, and logs at https://adb-321042217431130.10.azuredatabricks.net/?o=321042217431130#job/1082082529585351/run/508279071615475
[2024-05-13T06:53:10.138+0000] {databricks.py:111} INFO - Sleeping for 30 seconds.
[2024-05-13T06:53:40.169+0000] {databricks_base.py:501} INFO - Using token auth.
[2024-05-13T06:53:40.486+0000] {databricks.py:67} INFO - Presentation_layer_PySpark.dim_customer_transformation completed successfully.
[2024-05-13T06:53:40.487+0000] {databricks.py:68} INFO - View run status, Spark UI, and logs at https://adb-321042217431130.10.azuredatabricks.net/?o=321042217431130#job/1082082529585351/run/508279071615475
[2024-05-13T06:53:40.488+0000] {taskinstance.py:441} INFO - ::group::Post task execution logs
[2024-05-13T06:53:40.499+0000] {taskinstance.py:1205} INFO - Marking task as SUCCESS. dag_id=customer_transactions_pipeline, task_id=Presentation_layer_PySpark.dim_customer_transformation, execution_date=20240503T020000, start_date=20240513T065308, end_date=20240513T065340
[2024-05-13T06:53:40.528+0000] {local_task_job_runner.py:240} INFO - Task exited with return code 0
[2024-05-13T06:53:40.559+0000] {taskinstance.py:3482} INFO - 0 downstream tasks scheduled from follow-on schedule check
[2024-05-13T06:53:40.562+0000] {local_task_job_runner.py:222} INFO - ::endgroup::
