[2024-05-13T04:39:35.088+0000] {local_task_job_runner.py:120} INFO - ::group::Pre task execution logs
[2024-05-13T04:39:35.105+0000] {taskinstance.py:2073} INFO - Dependencies all met for dep_context=non-requeueable deps ti=<TaskInstance: customer_transactions_pipeline.Ingestion_Fivetran.MongoDB_to_AzureStorage manual__2024-05-13T04:39:33.353583+00:00 [queued]>
[2024-05-13T04:39:35.114+0000] {taskinstance.py:2073} INFO - Dependencies all met for dep_context=requeueable deps ti=<TaskInstance: customer_transactions_pipeline.Ingestion_Fivetran.MongoDB_to_AzureStorage manual__2024-05-13T04:39:33.353583+00:00 [queued]>
[2024-05-13T04:39:35.115+0000] {taskinstance.py:2303} INFO - Starting attempt 1 of 2
[2024-05-13T04:39:35.129+0000] {taskinstance.py:2327} INFO - Executing <Task(FivetranOperator): Ingestion_Fivetran.MongoDB_to_AzureStorage> on 2024-05-13 04:39:33.353583+00:00
[2024-05-13T04:39:35.133+0000] {standard_task_runner.py:63} INFO - Started process 12318 to run task
[2024-05-13T04:39:35.136+0000] {standard_task_runner.py:90} INFO - Running: ['airflow', 'tasks', 'run', 'customer_transactions_pipeline', 'Ingestion_Fivetran.MongoDB_to_AzureStorage', 'manual__2024-05-13T04:39:33.353583+00:00', '--job-id', '54', '--raw', '--subdir', 'DAGS_FOLDER/dag.py', '--cfg-path', '/tmp/tmp4js0qp7x']
[2024-05-13T04:39:35.138+0000] {standard_task_runner.py:91} INFO - Job 54: Subtask Ingestion_Fivetran.MongoDB_to_AzureStorage
[2024-05-13T04:39:35.180+0000] {task_command.py:426} INFO - Running <TaskInstance: customer_transactions_pipeline.Ingestion_Fivetran.MongoDB_to_AzureStorage manual__2024-05-13T04:39:33.353583+00:00 [running]> on host f5da772b0226
[2024-05-13T04:39:35.267+0000] {taskinstance.py:2644} INFO - Exporting env vars: AIRFLOW_CTX_DAG_EMAIL='mm22@gmail.com' AIRFLOW_CTX_DAG_OWNER='ct' AIRFLOW_CTX_DAG_ID='customer_transactions_pipeline' AIRFLOW_CTX_TASK_ID='Ingestion_Fivetran.MongoDB_to_AzureStorage' AIRFLOW_CTX_EXECUTION_DATE='2024-05-13T04:39:33.353583+00:00' AIRFLOW_CTX_TRY_NUMBER='1' AIRFLOW_CTX_DAG_RUN_ID='manual__2024-05-13T04:39:33.353583+00:00'
[2024-05-13T04:39:35.268+0000] {taskinstance.py:430} INFO - ::endgroup::
[2024-05-13T04:39:35.291+0000] {base.py:84} INFO - Using connection ID 'fivetran_default' for task execution.
[2024-05-13T04:39:35.951+0000] {hooks.py:320} INFO - Connector type: mongo, connector schema: mongo
[2024-05-13T04:39:35.952+0000] {hooks.py:321} INFO - Connectors logs at https://fivetran.com/dashboard/connectors/mongo/mongo/logs
[2024-05-13T04:39:39.271+0000] {hooks.py:487} INFO - Connector rescue_aerobics: sync_state = syncing
[2024-05-13T04:39:39.273+0000] {taskinstance.py:441} INFO - ::group::Post task execution logs
[2024-05-13T04:39:39.274+0000] {crypto.py:82} WARNING - empty cryptography key - values will not be stored encrypted.
[2024-05-13T04:39:39.284+0000] {taskinstance.py:2486} INFO - Pausing task as DEFERRED. dag_id=customer_transactions_pipeline, task_id=Ingestion_Fivetran.MongoDB_to_AzureStorage, execution_date=20240513T043933, start_date=20240513T043935
[2024-05-13T04:39:39.370+0000] {local_task_job_runner.py:237} INFO - Task exited with return code 100 (task deferral)
[2024-05-13T04:39:39.371+0000] {local_task_job_runner.py:222} INFO - ::endgroup::
