[2024-05-13T04:58:00.854+0000] {local_task_job_runner.py:120} INFO - ::group::Pre task execution logs
[2024-05-13T04:58:00.873+0000] {taskinstance.py:2073} INFO - Dependencies all met for dep_context=non-requeueable deps ti=<TaskInstance: customer_transactions_pipeline.Presentation_layer_PySpark.dim_transaction_details_transformation scheduled__2024-05-03T02:00:00+00:00 [queued]>
[2024-05-13T04:58:00.882+0000] {taskinstance.py:2073} INFO - Dependencies all met for dep_context=requeueable deps ti=<TaskInstance: customer_transactions_pipeline.Presentation_layer_PySpark.dim_transaction_details_transformation scheduled__2024-05-03T02:00:00+00:00 [queued]>
[2024-05-13T04:58:00.882+0000] {taskinstance.py:2303} INFO - Starting attempt 1 of 2
[2024-05-13T04:58:00.897+0000] {taskinstance.py:2327} INFO - Executing <Task(DatabricksRunNowOperator): Presentation_layer_PySpark.dim_transaction_details_transformation> on 2024-05-03 02:00:00+00:00
[2024-05-13T04:58:00.903+0000] {standard_task_runner.py:63} INFO - Started process 12813 to run task
[2024-05-13T04:58:00.906+0000] {standard_task_runner.py:90} INFO - Running: ['airflow', 'tasks', 'run', 'customer_transactions_pipeline', 'Presentation_layer_PySpark.dim_transaction_details_transformation', 'scheduled__2024-05-03T02:00:00+00:00', '--job-id', '97', '--raw', '--subdir', 'DAGS_FOLDER/dag.py', '--cfg-path', '/tmp/tmp0qozang0']
[2024-05-13T04:58:00.908+0000] {standard_task_runner.py:91} INFO - Job 97: Subtask Presentation_layer_PySpark.dim_transaction_details_transformation
[2024-05-13T04:58:00.957+0000] {task_command.py:426} INFO - Running <TaskInstance: customer_transactions_pipeline.Presentation_layer_PySpark.dim_transaction_details_transformation scheduled__2024-05-03T02:00:00+00:00 [running]> on host f5da772b0226
[2024-05-13T04:58:01.045+0000] {taskinstance.py:2644} INFO - Exporting env vars: AIRFLOW_CTX_DAG_EMAIL='mm22@gmail.com' AIRFLOW_CTX_DAG_OWNER='ct' AIRFLOW_CTX_DAG_ID='customer_transactions_pipeline' AIRFLOW_CTX_TASK_ID='Presentation_layer_PySpark.dim_transaction_details_transformation' AIRFLOW_CTX_EXECUTION_DATE='2024-05-03T02:00:00+00:00' AIRFLOW_CTX_TRY_NUMBER='1' AIRFLOW_CTX_DAG_RUN_ID='scheduled__2024-05-03T02:00:00+00:00'
[2024-05-13T04:58:01.046+0000] {taskinstance.py:430} INFO - ::endgroup::
[2024-05-13T04:58:01.067+0000] {base.py:84} INFO - Using connection ID 'databricks_default' for task execution.
[2024-05-13T04:58:01.068+0000] {databricks_base.py:501} INFO - Using token auth.
[2024-05-13T04:58:01.470+0000] {databricks.py:56} INFO - Run submitted with run_id: 316624554880885
[2024-05-13T04:58:01.472+0000] {databricks_base.py:501} INFO - Using token auth.
[2024-05-13T04:58:01.778+0000] {databricks_base.py:501} INFO - Using token auth.
[2024-05-13T04:58:02.081+0000] {databricks.py:109} INFO - Presentation_layer_PySpark.dim_transaction_details_transformation in run state: {'life_cycle_state': 'RUNNING', 'result_state': '', 'state_message': ''}
[2024-05-13T04:58:02.082+0000] {databricks.py:110} INFO - View run status, Spark UI, and logs at https://adb-321042217431130.10.azuredatabricks.net/?o=321042217431130#job/848711502692621/run/316624554880885
[2024-05-13T04:58:02.083+0000] {databricks.py:111} INFO - Sleeping for 30 seconds.
[2024-05-13T04:58:32.104+0000] {databricks_base.py:501} INFO - Using token auth.
[2024-05-13T04:58:32.584+0000] {databricks.py:67} INFO - Presentation_layer_PySpark.dim_transaction_details_transformation completed successfully.
[2024-05-13T04:58:32.585+0000] {databricks.py:68} INFO - View run status, Spark UI, and logs at https://adb-321042217431130.10.azuredatabricks.net/?o=321042217431130#job/848711502692621/run/316624554880885
[2024-05-13T04:58:32.586+0000] {taskinstance.py:441} INFO - ::group::Post task execution logs
[2024-05-13T04:58:32.600+0000] {taskinstance.py:1205} INFO - Marking task as SUCCESS. dag_id=customer_transactions_pipeline, task_id=Presentation_layer_PySpark.dim_transaction_details_transformation, execution_date=20240503T020000, start_date=20240513T045800, end_date=20240513T045832
[2024-05-13T04:58:32.669+0000] {local_task_job_runner.py:240} INFO - Task exited with return code 0
[2024-05-13T04:58:32.722+0000] {taskinstance.py:3482} INFO - 0 downstream tasks scheduled from follow-on schedule check
[2024-05-13T04:58:32.725+0000] {local_task_job_runner.py:222} INFO - ::endgroup::
[2024-05-13T06:53:08.701+0000] {local_task_job_runner.py:120} INFO - ::group::Pre task execution logs
[2024-05-13T06:53:08.730+0000] {taskinstance.py:2073} INFO - Dependencies all met for dep_context=non-requeueable deps ti=<TaskInstance: customer_transactions_pipeline.Presentation_layer_PySpark.dim_transaction_details_transformation scheduled__2024-05-03T02:00:00+00:00 [queued]>
[2024-05-13T06:53:08.744+0000] {taskinstance.py:2073} INFO - Dependencies all met for dep_context=requeueable deps ti=<TaskInstance: customer_transactions_pipeline.Presentation_layer_PySpark.dim_transaction_details_transformation scheduled__2024-05-03T02:00:00+00:00 [queued]>
[2024-05-13T06:53:08.745+0000] {taskinstance.py:2303} INFO - Starting attempt 1 of 2
[2024-05-13T06:53:08.766+0000] {taskinstance.py:2327} INFO - Executing <Task(DatabricksRunNowOperator): Presentation_layer_PySpark.dim_transaction_details_transformation> on 2024-05-03 02:00:00+00:00
[2024-05-13T06:53:08.773+0000] {standard_task_runner.py:63} INFO - Started process 15372 to run task
[2024-05-13T06:53:08.778+0000] {standard_task_runner.py:90} INFO - Running: ['airflow', 'tasks', 'run', 'customer_transactions_pipeline', 'Presentation_layer_PySpark.dim_transaction_details_transformation', 'scheduled__2024-05-03T02:00:00+00:00', '--job-id', '115', '--raw', '--subdir', 'DAGS_FOLDER/dag.py', '--cfg-path', '/tmp/tmphe7koczg']
[2024-05-13T06:53:08.781+0000] {standard_task_runner.py:91} INFO - Job 115: Subtask Presentation_layer_PySpark.dim_transaction_details_transformation
[2024-05-13T06:53:08.848+0000] {task_command.py:426} INFO - Running <TaskInstance: customer_transactions_pipeline.Presentation_layer_PySpark.dim_transaction_details_transformation scheduled__2024-05-03T02:00:00+00:00 [running]> on host f5da772b0226
[2024-05-13T06:53:08.943+0000] {taskinstance.py:2644} INFO - Exporting env vars: AIRFLOW_CTX_DAG_EMAIL='mm22@gmail.com' AIRFLOW_CTX_DAG_OWNER='ct' AIRFLOW_CTX_DAG_ID='customer_transactions_pipeline' AIRFLOW_CTX_TASK_ID='Presentation_layer_PySpark.dim_transaction_details_transformation' AIRFLOW_CTX_EXECUTION_DATE='2024-05-03T02:00:00+00:00' AIRFLOW_CTX_TRY_NUMBER='1' AIRFLOW_CTX_DAG_RUN_ID='scheduled__2024-05-03T02:00:00+00:00'
[2024-05-13T06:53:08.944+0000] {taskinstance.py:430} INFO - ::endgroup::
[2024-05-13T06:53:08.970+0000] {base.py:84} INFO - Using connection ID 'databricks_default' for task execution.
[2024-05-13T06:53:08.972+0000] {databricks_base.py:501} INFO - Using token auth.
[2024-05-13T06:53:09.433+0000] {databricks.py:56} INFO - Run submitted with run_id: 797125903088342
[2024-05-13T06:53:09.434+0000] {databricks_base.py:501} INFO - Using token auth.
[2024-05-13T06:53:09.788+0000] {databricks_base.py:501} INFO - Using token auth.
[2024-05-13T06:53:10.121+0000] {databricks.py:109} INFO - Presentation_layer_PySpark.dim_transaction_details_transformation in run state: {'life_cycle_state': 'RUNNING', 'result_state': '', 'state_message': ''}
[2024-05-13T06:53:10.124+0000] {databricks.py:110} INFO - View run status, Spark UI, and logs at https://adb-321042217431130.10.azuredatabricks.net/?o=321042217431130#job/848711502692621/run/797125903088342
[2024-05-13T06:53:10.125+0000] {databricks.py:111} INFO - Sleeping for 30 seconds.
[2024-05-13T06:53:40.128+0000] {databricks_base.py:501} INFO - Using token auth.
[2024-05-13T06:53:40.485+0000] {databricks.py:67} INFO - Presentation_layer_PySpark.dim_transaction_details_transformation completed successfully.
[2024-05-13T06:53:40.486+0000] {databricks.py:68} INFO - View run status, Spark UI, and logs at https://adb-321042217431130.10.azuredatabricks.net/?o=321042217431130#job/848711502692621/run/797125903088342
[2024-05-13T06:53:40.487+0000] {taskinstance.py:441} INFO - ::group::Post task execution logs
[2024-05-13T06:53:40.498+0000] {taskinstance.py:1205} INFO - Marking task as SUCCESS. dag_id=customer_transactions_pipeline, task_id=Presentation_layer_PySpark.dim_transaction_details_transformation, execution_date=20240503T020000, start_date=20240513T065308, end_date=20240513T065340
[2024-05-13T06:53:40.532+0000] {local_task_job_runner.py:240} INFO - Task exited with return code 0
[2024-05-13T06:53:40.585+0000] {taskinstance.py:3482} INFO - 1 downstream tasks scheduled from follow-on schedule check
[2024-05-13T06:53:40.587+0000] {local_task_job_runner.py:222} INFO - ::endgroup::
