[2024-05-12T12:39:27.710+0000] {local_task_job_runner.py:120} INFO - ::group::Pre task execution logs
[2024-05-12T12:39:27.734+0000] {taskinstance.py:2073} INFO - Dependencies all met for dep_context=non-requeueable deps ti=<TaskInstance: customer_transactions_pipeline.extract_load_fivetran.MongoDB_to_AzureStorage manual__2024-05-12T12:25:42.534357+00:00 [queued]>
[2024-05-12T12:39:27.746+0000] {taskinstance.py:2073} INFO - Dependencies all met for dep_context=requeueable deps ti=<TaskInstance: customer_transactions_pipeline.extract_load_fivetran.MongoDB_to_AzureStorage manual__2024-05-12T12:25:42.534357+00:00 [queued]>
[2024-05-12T12:39:27.747+0000] {taskinstance.py:2303} INFO - Starting attempt 2 of 3
[2024-05-12T12:39:27.766+0000] {taskinstance.py:2327} INFO - Executing <Task(FivetranOperator): extract_load_fivetran.MongoDB_to_AzureStorage> on 2024-05-12 12:25:42.534357+00:00
[2024-05-12T12:39:27.773+0000] {standard_task_runner.py:63} INFO - Started process 2630 to run task
[2024-05-12T12:39:27.777+0000] {standard_task_runner.py:90} INFO - Running: ['airflow', 'tasks', 'run', 'customer_transactions_pipeline', 'extract_load_fivetran.MongoDB_to_AzureStorage', 'manual__2024-05-12T12:25:42.534357+00:00', '--job-id', '26', '--raw', '--subdir', 'DAGS_FOLDER/dag.py', '--cfg-path', '/tmp/tmpjshvkw15']
[2024-05-12T12:39:27.780+0000] {standard_task_runner.py:91} INFO - Job 26: Subtask extract_load_fivetran.MongoDB_to_AzureStorage
[2024-05-12T12:39:27.850+0000] {task_command.py:426} INFO - Running <TaskInstance: customer_transactions_pipeline.extract_load_fivetran.MongoDB_to_AzureStorage manual__2024-05-12T12:25:42.534357+00:00 [running]> on host f5da772b0226
[2024-05-12T12:39:27.948+0000] {taskinstance.py:2644} INFO - Exporting env vars: AIRFLOW_CTX_DAG_EMAIL='mm22@gmail.com' AIRFLOW_CTX_DAG_OWNER='ct' AIRFLOW_CTX_DAG_ID='customer_transactions_pipeline' AIRFLOW_CTX_TASK_ID='extract_load_fivetran.MongoDB_to_AzureStorage' AIRFLOW_CTX_EXECUTION_DATE='2024-05-12T12:25:42.534357+00:00' AIRFLOW_CTX_TRY_NUMBER='2' AIRFLOW_CTX_DAG_RUN_ID='manual__2024-05-12T12:25:42.534357+00:00'
[2024-05-12T12:39:27.949+0000] {taskinstance.py:430} INFO - ::endgroup::
[2024-05-12T12:39:27.976+0000] {base.py:84} INFO - Using connection ID 'fivetran_default' for task execution.
[2024-05-12T12:39:28.697+0000] {hooks.py:320} INFO - Connector type: mongo, connector schema: mongo
[2024-05-12T12:39:28.698+0000] {hooks.py:321} INFO - Connectors logs at https://fivetran.com/dashboard/connectors/mongo/mongo/logs
[2024-05-12T12:39:32.915+0000] {hooks.py:487} INFO - Connector rescue_aerobics: sync_state = syncing
[2024-05-12T12:39:32.917+0000] {taskinstance.py:441} INFO - ::group::Post task execution logs
[2024-05-12T12:39:32.919+0000] {crypto.py:82} WARNING - empty cryptography key - values will not be stored encrypted.
[2024-05-12T12:39:32.936+0000] {taskinstance.py:2486} INFO - Pausing task as DEFERRED. dag_id=customer_transactions_pipeline, task_id=extract_load_fivetran.MongoDB_to_AzureStorage, execution_date=20240512T122542, start_date=20240512T123927
[2024-05-12T12:39:32.970+0000] {local_task_job_runner.py:237} INFO - Task exited with return code 100 (task deferral)
[2024-05-12T12:39:32.970+0000] {local_task_job_runner.py:222} INFO - ::endgroup::
