[2024-05-12T12:25:43.602+0000] {local_task_job_runner.py:120} INFO - ::group::Pre task execution logs
[2024-05-12T12:25:43.619+0000] {taskinstance.py:2073} INFO - Dependencies all met for dep_context=non-requeueable deps ti=<TaskInstance: customer_transactions_pipeline.extract_load_fivetran.MongoDB_to_AzureStorage manual__2024-05-12T12:25:42.534357+00:00 [queued]>
[2024-05-12T12:25:43.629+0000] {taskinstance.py:2073} INFO - Dependencies all met for dep_context=requeueable deps ti=<TaskInstance: customer_transactions_pipeline.extract_load_fivetran.MongoDB_to_AzureStorage manual__2024-05-12T12:25:42.534357+00:00 [queued]>
[2024-05-12T12:25:43.630+0000] {taskinstance.py:2303} INFO - Starting attempt 1 of 3
[2024-05-12T12:25:43.648+0000] {taskinstance.py:2327} INFO - Executing <Task(FivetranOperator): extract_load_fivetran.MongoDB_to_AzureStorage> on 2024-05-12 12:25:42.534357+00:00
[2024-05-12T12:25:43.652+0000] {standard_task_runner.py:63} INFO - Started process 2319 to run task
[2024-05-12T12:25:43.655+0000] {standard_task_runner.py:90} INFO - Running: ['airflow', 'tasks', 'run', 'customer_transactions_pipeline', 'extract_load_fivetran.MongoDB_to_AzureStorage', 'manual__2024-05-12T12:25:42.534357+00:00', '--job-id', '19', '--raw', '--subdir', 'DAGS_FOLDER/dag.py', '--cfg-path', '/tmp/tmpdb0af2ro']
[2024-05-12T12:25:43.657+0000] {standard_task_runner.py:91} INFO - Job 19: Subtask extract_load_fivetran.MongoDB_to_AzureStorage
[2024-05-12T12:25:43.703+0000] {task_command.py:426} INFO - Running <TaskInstance: customer_transactions_pipeline.extract_load_fivetran.MongoDB_to_AzureStorage manual__2024-05-12T12:25:42.534357+00:00 [running]> on host f5da772b0226
[2024-05-12T12:25:43.784+0000] {taskinstance.py:2644} INFO - Exporting env vars: AIRFLOW_CTX_DAG_EMAIL='mm22@gmail.com' AIRFLOW_CTX_DAG_OWNER='ct' AIRFLOW_CTX_DAG_ID='customer_transactions_pipeline' AIRFLOW_CTX_TASK_ID='extract_load_fivetran.MongoDB_to_AzureStorage' AIRFLOW_CTX_EXECUTION_DATE='2024-05-12T12:25:42.534357+00:00' AIRFLOW_CTX_TRY_NUMBER='1' AIRFLOW_CTX_DAG_RUN_ID='manual__2024-05-12T12:25:42.534357+00:00'
[2024-05-12T12:25:43.784+0000] {taskinstance.py:430} INFO - ::endgroup::
[2024-05-12T12:25:43.806+0000] {base.py:84} INFO - Using connection ID 'fivetran_default' for task execution.
[2024-05-12T12:25:44.489+0000] {taskinstance.py:441} INFO - ::group::Post task execution logs
[2024-05-12T12:25:44.497+0000] {taskinstance.py:2890} ERROR - Task failed with exception
Traceback (most recent call last):
  File "/home/airflow/.local/lib/python3.9/site-packages/airflow/models/taskinstance.py", line 465, in _execute_task
    result = _execute_callable(context=context, **execute_callable_kwargs)
  File "/home/airflow/.local/lib/python3.9/site-packages/airflow/models/taskinstance.py", line 432, in _execute_callable
    return execute_callable(context=context, **execute_callable_kwargs)
  File "/home/airflow/.local/lib/python3.9/site-packages/airflow/models/baseoperator.py", line 400, in wrapper
    return func(self, *args, **kwargs)
  File "/home/airflow/.local/lib/python3.9/site-packages/fivetran_provider_async/operators.py", line 102, in execute
    hook.prep_connector(self.connector_id, self.schedule_type)
  File "/home/airflow/.local/lib/python3.9/site-packages/fivetran_provider_async/hooks.py", line 346, in prep_connector
    connector_details = self.check_connector(connector_id)
  File "/home/airflow/.local/lib/python3.9/site-packages/fivetran_provider_async/hooks.py", line 315, in check_connector
    raise AirflowException(
airflow.exceptions.AirflowException: Fivetran connector "rescue_aerobics" not correctly configured, status: broken
Please see: https://fivetran.com/dashboard/connectors/mongo/mongo/setup
[2024-05-12T12:25:44.501+0000] {taskinstance.py:1205} INFO - Marking task as UP_FOR_RETRY. dag_id=customer_transactions_pipeline, task_id=extract_load_fivetran.MongoDB_to_AzureStorage, execution_date=20240512T122542, start_date=20240512T122543, end_date=20240512T122544
[2024-05-12T12:25:44.513+0000] {standard_task_runner.py:110} ERROR - Failed to execute job 19 for task extract_load_fivetran.MongoDB_to_AzureStorage (Fivetran connector "rescue_aerobics" not correctly configured, status: broken
Please see: https://fivetran.com/dashboard/connectors/mongo/mongo/setup; 2319)
[2024-05-12T12:25:44.551+0000] {local_task_job_runner.py:240} INFO - Task exited with return code 1
[2024-05-12T12:25:44.567+0000] {taskinstance.py:3482} INFO - 0 downstream tasks scheduled from follow-on schedule check
[2024-05-12T12:25:44.570+0000] {local_task_job_runner.py:222} INFO - ::endgroup::
