[2024-05-12T12:44:52.077+0000] {local_task_job_runner.py:120} INFO - ::group::Pre task execution logs
[2024-05-12T12:44:52.094+0000] {taskinstance.py:2073} INFO - Dependencies all met for dep_context=non-requeueable deps ti=<TaskInstance: customer_transactions_pipeline.extract_load_fivetran.MongoDB_to_AzureStorage manual__2024-05-12T12:44:51.461420+00:00 [queued]>
[2024-05-12T12:44:52.104+0000] {taskinstance.py:2073} INFO - Dependencies all met for dep_context=requeueable deps ti=<TaskInstance: customer_transactions_pipeline.extract_load_fivetran.MongoDB_to_AzureStorage manual__2024-05-12T12:44:51.461420+00:00 [queued]>
[2024-05-12T12:44:52.105+0000] {taskinstance.py:2303} INFO - Starting attempt 1 of 3
[2024-05-12T12:44:52.119+0000] {taskinstance.py:2327} INFO - Executing <Task(FivetranOperator): extract_load_fivetran.MongoDB_to_AzureStorage> on 2024-05-12 12:44:51.461420+00:00
[2024-05-12T12:44:52.124+0000] {standard_task_runner.py:63} INFO - Started process 2770 to run task
[2024-05-12T12:44:52.127+0000] {standard_task_runner.py:90} INFO - Running: ['airflow', 'tasks', 'run', 'customer_transactions_pipeline', 'extract_load_fivetran.MongoDB_to_AzureStorage', 'manual__2024-05-12T12:44:51.461420+00:00', '--job-id', '36', '--raw', '--subdir', 'DAGS_FOLDER/dag.py', '--cfg-path', '/tmp/tmpqz7nmidq']
[2024-05-12T12:44:52.129+0000] {standard_task_runner.py:91} INFO - Job 36: Subtask extract_load_fivetran.MongoDB_to_AzureStorage
[2024-05-12T12:44:52.176+0000] {task_command.py:426} INFO - Running <TaskInstance: customer_transactions_pipeline.extract_load_fivetran.MongoDB_to_AzureStorage manual__2024-05-12T12:44:51.461420+00:00 [running]> on host f5da772b0226
[2024-05-12T12:44:52.263+0000] {taskinstance.py:2644} INFO - Exporting env vars: AIRFLOW_CTX_DAG_EMAIL='mm22@gmail.com' AIRFLOW_CTX_DAG_OWNER='ct' AIRFLOW_CTX_DAG_ID='customer_transactions_pipeline' AIRFLOW_CTX_TASK_ID='extract_load_fivetran.MongoDB_to_AzureStorage' AIRFLOW_CTX_EXECUTION_DATE='2024-05-12T12:44:51.461420+00:00' AIRFLOW_CTX_TRY_NUMBER='1' AIRFLOW_CTX_DAG_RUN_ID='manual__2024-05-12T12:44:51.461420+00:00'
[2024-05-12T12:44:52.265+0000] {taskinstance.py:430} INFO - ::endgroup::
[2024-05-12T12:44:52.288+0000] {base.py:84} INFO - Using connection ID 'fivetran_default' for task execution.
[2024-05-12T12:44:53.020+0000] {hooks.py:320} INFO - Connector type: mongo, connector schema: mongo
[2024-05-12T12:44:53.021+0000] {hooks.py:321} INFO - Connectors logs at https://fivetran.com/dashboard/connectors/mongo/mongo/logs
[2024-05-12T12:44:56.292+0000] {hooks.py:487} INFO - Connector rescue_aerobics: sync_state = syncing
[2024-05-12T12:44:56.293+0000] {taskinstance.py:441} INFO - ::group::Post task execution logs
[2024-05-12T12:44:56.295+0000] {crypto.py:82} WARNING - empty cryptography key - values will not be stored encrypted.
[2024-05-12T12:44:56.302+0000] {taskinstance.py:2486} INFO - Pausing task as DEFERRED. dag_id=customer_transactions_pipeline, task_id=extract_load_fivetran.MongoDB_to_AzureStorage, execution_date=20240512T124451, start_date=20240512T124452
[2024-05-12T12:44:56.358+0000] {local_task_job_runner.py:237} INFO - Task exited with return code 100 (task deferral)
[2024-05-12T12:44:56.358+0000] {local_task_job_runner.py:222} INFO - ::endgroup::
[2024-05-12T12:45:15.597+0000] {local_task_job_runner.py:120} INFO - ::group::Pre task execution logs
[2024-05-12T12:45:15.612+0000] {taskinstance.py:2073} INFO - Dependencies all met for dep_context=non-requeueable deps ti=<TaskInstance: customer_transactions_pipeline.extract_load_fivetran.MongoDB_to_AzureStorage manual__2024-05-12T12:44:51.461420+00:00 [queued]>
[2024-05-12T12:45:15.620+0000] {taskinstance.py:2073} INFO - Dependencies all met for dep_context=requeueable deps ti=<TaskInstance: customer_transactions_pipeline.extract_load_fivetran.MongoDB_to_AzureStorage manual__2024-05-12T12:44:51.461420+00:00 [queued]>
[2024-05-12T12:45:15.621+0000] {taskinstance.py:2301} INFO - Resuming after deferral
[2024-05-12T12:45:15.634+0000] {taskinstance.py:2327} INFO - Executing <Task(FivetranOperator): extract_load_fivetran.MongoDB_to_AzureStorage> on 2024-05-12 12:44:51.461420+00:00
[2024-05-12T12:45:15.640+0000] {standard_task_runner.py:63} INFO - Started process 2784 to run task
[2024-05-12T12:45:15.643+0000] {standard_task_runner.py:90} INFO - Running: ['airflow', 'tasks', 'run', 'customer_transactions_pipeline', 'extract_load_fivetran.MongoDB_to_AzureStorage', 'manual__2024-05-12T12:44:51.461420+00:00', '--job-id', '38', '--raw', '--subdir', 'DAGS_FOLDER/dag.py', '--cfg-path', '/tmp/tmp3efz2g0n']
[2024-05-12T12:45:15.646+0000] {standard_task_runner.py:91} INFO - Job 38: Subtask extract_load_fivetran.MongoDB_to_AzureStorage
[2024-05-12T12:45:15.694+0000] {task_command.py:426} INFO - Running <TaskInstance: customer_transactions_pipeline.extract_load_fivetran.MongoDB_to_AzureStorage manual__2024-05-12T12:44:51.461420+00:00 [running]> on host f5da772b0226
[2024-05-12T12:45:15.758+0000] {taskinstance.py:430} INFO - ::endgroup::
[2024-05-12T12:45:15.759+0000] {operators.py:172} INFO - Fivetran connector rescue_aerobics finished syncing at 2024-05-12 12:45:00.192000+00:00
[2024-05-12T12:45:15.759+0000] {taskinstance.py:441} INFO - ::group::Post task execution logs
[2024-05-12T12:45:15.781+0000] {taskinstance.py:1205} INFO - Marking task as SUCCESS. dag_id=customer_transactions_pipeline, task_id=extract_load_fivetran.MongoDB_to_AzureStorage, execution_date=20240512T124451, start_date=20240512T124452, end_date=20240512T124515
[2024-05-12T12:45:15.816+0000] {local_task_job_runner.py:240} INFO - Task exited with return code 0
[2024-05-12T12:45:15.832+0000] {taskinstance.py:3482} INFO - 0 downstream tasks scheduled from follow-on schedule check
[2024-05-12T12:45:15.834+0000] {local_task_job_runner.py:222} INFO - ::endgroup::
