[2024-05-13T04:59:03.593+0000] {local_task_job_runner.py:120} INFO - ::group::Pre task execution logs
[2024-05-13T04:59:03.612+0000] {taskinstance.py:2073} INFO - Dependencies all met for dep_context=non-requeueable deps ti=<TaskInstance: customer_transactions_pipeline.Presentation_layer_PySpark.fact_transactions_transformation scheduled__2024-05-03T02:00:00+00:00 [queued]>
[2024-05-13T04:59:03.621+0000] {taskinstance.py:2073} INFO - Dependencies all met for dep_context=requeueable deps ti=<TaskInstance: customer_transactions_pipeline.Presentation_layer_PySpark.fact_transactions_transformation scheduled__2024-05-03T02:00:00+00:00 [queued]>
[2024-05-13T04:59:03.622+0000] {taskinstance.py:2303} INFO - Starting attempt 1 of 2
[2024-05-13T04:59:03.636+0000] {taskinstance.py:2327} INFO - Executing <Task(DatabricksRunNowOperator): Presentation_layer_PySpark.fact_transactions_transformation> on 2024-05-03 02:00:00+00:00
[2024-05-13T04:59:03.640+0000] {standard_task_runner.py:63} INFO - Started process 12843 to run task
[2024-05-13T04:59:03.643+0000] {standard_task_runner.py:90} INFO - Running: ['airflow', 'tasks', 'run', 'customer_transactions_pipeline', 'Presentation_layer_PySpark.fact_transactions_transformation', 'scheduled__2024-05-03T02:00:00+00:00', '--job-id', '103', '--raw', '--subdir', 'DAGS_FOLDER/dag.py', '--cfg-path', '/tmp/tmpxdv9xaan']
[2024-05-13T04:59:03.645+0000] {standard_task_runner.py:91} INFO - Job 103: Subtask Presentation_layer_PySpark.fact_transactions_transformation
[2024-05-13T04:59:03.694+0000] {task_command.py:426} INFO - Running <TaskInstance: customer_transactions_pipeline.Presentation_layer_PySpark.fact_transactions_transformation scheduled__2024-05-03T02:00:00+00:00 [running]> on host f5da772b0226
[2024-05-13T04:59:03.777+0000] {taskinstance.py:2644} INFO - Exporting env vars: AIRFLOW_CTX_DAG_EMAIL='mm22@gmail.com' AIRFLOW_CTX_DAG_OWNER='ct' AIRFLOW_CTX_DAG_ID='customer_transactions_pipeline' AIRFLOW_CTX_TASK_ID='Presentation_layer_PySpark.fact_transactions_transformation' AIRFLOW_CTX_EXECUTION_DATE='2024-05-03T02:00:00+00:00' AIRFLOW_CTX_TRY_NUMBER='1' AIRFLOW_CTX_DAG_RUN_ID='scheduled__2024-05-03T02:00:00+00:00'
[2024-05-13T04:59:03.778+0000] {taskinstance.py:430} INFO - ::endgroup::
[2024-05-13T04:59:03.804+0000] {base.py:84} INFO - Using connection ID 'databricks_default' for task execution.
[2024-05-13T04:59:03.806+0000] {databricks_base.py:501} INFO - Using token auth.
[2024-05-13T04:59:04.209+0000] {databricks.py:56} INFO - Run submitted with run_id: 406923426627750
[2024-05-13T04:59:04.210+0000] {databricks_base.py:501} INFO - Using token auth.
[2024-05-13T04:59:04.521+0000] {databricks_base.py:501} INFO - Using token auth.
[2024-05-13T04:59:04.823+0000] {databricks.py:109} INFO - Presentation_layer_PySpark.fact_transactions_transformation in run state: {'life_cycle_state': 'RUNNING', 'result_state': '', 'state_message': ''}
[2024-05-13T04:59:04.825+0000] {databricks.py:110} INFO - View run status, Spark UI, and logs at https://adb-321042217431130.10.azuredatabricks.net/?o=321042217431130#job/816272732313762/run/406923426627750
[2024-05-13T04:59:04.825+0000] {databricks.py:111} INFO - Sleeping for 30 seconds.
[2024-05-13T04:59:34.854+0000] {databricks_base.py:501} INFO - Using token auth.
[2024-05-13T04:59:35.231+0000] {databricks.py:67} INFO - Presentation_layer_PySpark.fact_transactions_transformation completed successfully.
[2024-05-13T04:59:35.236+0000] {databricks.py:68} INFO - View run status, Spark UI, and logs at https://adb-321042217431130.10.azuredatabricks.net/?o=321042217431130#job/816272732313762/run/406923426627750
[2024-05-13T04:59:35.238+0000] {taskinstance.py:441} INFO - ::group::Post task execution logs
[2024-05-13T04:59:35.262+0000] {taskinstance.py:1205} INFO - Marking task as SUCCESS. dag_id=customer_transactions_pipeline, task_id=Presentation_layer_PySpark.fact_transactions_transformation, execution_date=20240503T020000, start_date=20240513T045903, end_date=20240513T045935
[2024-05-13T04:59:35.335+0000] {local_task_job_runner.py:240} INFO - Task exited with return code 0
[2024-05-13T04:59:35.379+0000] {taskinstance.py:3482} INFO - 0 downstream tasks scheduled from follow-on schedule check
[2024-05-13T04:59:35.384+0000] {local_task_job_runner.py:222} INFO - ::endgroup::
[2024-05-13T06:53:41.128+0000] {local_task_job_runner.py:120} INFO - ::group::Pre task execution logs
[2024-05-13T06:53:41.150+0000] {taskinstance.py:2073} INFO - Dependencies all met for dep_context=non-requeueable deps ti=<TaskInstance: customer_transactions_pipeline.Presentation_layer_PySpark.fact_transactions_transformation scheduled__2024-05-03T02:00:00+00:00 [queued]>
[2024-05-13T06:53:41.163+0000] {taskinstance.py:2073} INFO - Dependencies all met for dep_context=requeueable deps ti=<TaskInstance: customer_transactions_pipeline.Presentation_layer_PySpark.fact_transactions_transformation scheduled__2024-05-03T02:00:00+00:00 [queued]>
[2024-05-13T06:53:41.164+0000] {taskinstance.py:2303} INFO - Starting attempt 1 of 2
[2024-05-13T06:53:41.180+0000] {taskinstance.py:2327} INFO - Executing <Task(DatabricksRunNowOperator): Presentation_layer_PySpark.fact_transactions_transformation> on 2024-05-03 02:00:00+00:00
[2024-05-13T06:53:41.184+0000] {standard_task_runner.py:63} INFO - Started process 15386 to run task
[2024-05-13T06:53:41.188+0000] {standard_task_runner.py:90} INFO - Running: ['airflow', 'tasks', 'run', 'customer_transactions_pipeline', 'Presentation_layer_PySpark.fact_transactions_transformation', 'scheduled__2024-05-03T02:00:00+00:00', '--job-id', '117', '--raw', '--subdir', 'DAGS_FOLDER/dag.py', '--cfg-path', '/tmp/tmpltusz2e9']
[2024-05-13T06:53:41.190+0000] {standard_task_runner.py:91} INFO - Job 117: Subtask Presentation_layer_PySpark.fact_transactions_transformation
[2024-05-13T06:53:41.245+0000] {task_command.py:426} INFO - Running <TaskInstance: customer_transactions_pipeline.Presentation_layer_PySpark.fact_transactions_transformation scheduled__2024-05-03T02:00:00+00:00 [running]> on host f5da772b0226
[2024-05-13T06:53:41.343+0000] {taskinstance.py:2644} INFO - Exporting env vars: AIRFLOW_CTX_DAG_EMAIL='mm22@gmail.com' AIRFLOW_CTX_DAG_OWNER='ct' AIRFLOW_CTX_DAG_ID='customer_transactions_pipeline' AIRFLOW_CTX_TASK_ID='Presentation_layer_PySpark.fact_transactions_transformation' AIRFLOW_CTX_EXECUTION_DATE='2024-05-03T02:00:00+00:00' AIRFLOW_CTX_TRY_NUMBER='1' AIRFLOW_CTX_DAG_RUN_ID='scheduled__2024-05-03T02:00:00+00:00'
[2024-05-13T06:53:41.344+0000] {taskinstance.py:430} INFO - ::endgroup::
[2024-05-13T06:53:41.366+0000] {base.py:84} INFO - Using connection ID 'databricks_default' for task execution.
[2024-05-13T06:53:41.367+0000] {databricks_base.py:501} INFO - Using token auth.
[2024-05-13T06:53:41.846+0000] {databricks.py:56} INFO - Run submitted with run_id: 1023220788017690
[2024-05-13T06:53:41.847+0000] {databricks_base.py:501} INFO - Using token auth.
[2024-05-13T06:53:42.180+0000] {databricks_base.py:501} INFO - Using token auth.
[2024-05-13T06:53:42.532+0000] {databricks.py:109} INFO - Presentation_layer_PySpark.fact_transactions_transformation in run state: {'life_cycle_state': 'RUNNING', 'result_state': '', 'state_message': ''}
[2024-05-13T06:53:42.536+0000] {databricks.py:110} INFO - View run status, Spark UI, and logs at https://adb-321042217431130.10.azuredatabricks.net/?o=321042217431130#job/816272732313762/run/1023220788017690
[2024-05-13T06:53:42.538+0000] {databricks.py:111} INFO - Sleeping for 30 seconds.
[2024-05-13T06:54:12.542+0000] {databricks_base.py:501} INFO - Using token auth.
[2024-05-13T06:54:12.865+0000] {databricks.py:67} INFO - Presentation_layer_PySpark.fact_transactions_transformation completed successfully.
[2024-05-13T06:54:12.867+0000] {databricks.py:68} INFO - View run status, Spark UI, and logs at https://adb-321042217431130.10.azuredatabricks.net/?o=321042217431130#job/816272732313762/run/1023220788017690
[2024-05-13T06:54:12.869+0000] {taskinstance.py:441} INFO - ::group::Post task execution logs
[2024-05-13T06:54:12.885+0000] {taskinstance.py:1205} INFO - Marking task as SUCCESS. dag_id=customer_transactions_pipeline, task_id=Presentation_layer_PySpark.fact_transactions_transformation, execution_date=20240503T020000, start_date=20240513T065341, end_date=20240513T065412
[2024-05-13T06:54:12.943+0000] {local_task_job_runner.py:240} INFO - Task exited with return code 0
[2024-05-13T06:54:12.968+0000] {taskinstance.py:3482} INFO - 0 downstream tasks scheduled from follow-on schedule check
[2024-05-13T06:54:12.971+0000] {local_task_job_runner.py:222} INFO - ::endgroup::
