[2024-05-12T12:44:21.725+0000] {local_task_job_runner.py:120} INFO - ::group::Pre task execution logs
[2024-05-12T12:44:21.747+0000] {taskinstance.py:2073} INFO - Dependencies all met for dep_context=non-requeueable deps ti=<TaskInstance: customer_transactions_pipeline.extract_load_fivetran.MongoDB_to_AzureStorage manual__2024-05-12T12:44:20.973667+00:00 [queued]>
[2024-05-12T12:44:21.759+0000] {taskinstance.py:2073} INFO - Dependencies all met for dep_context=requeueable deps ti=<TaskInstance: customer_transactions_pipeline.extract_load_fivetran.MongoDB_to_AzureStorage manual__2024-05-12T12:44:20.973667+00:00 [queued]>
[2024-05-12T12:44:21.760+0000] {taskinstance.py:2303} INFO - Starting attempt 1 of 3
[2024-05-12T12:44:21.778+0000] {taskinstance.py:2327} INFO - Executing <Task(FivetranOperator): extract_load_fivetran.MongoDB_to_AzureStorage> on 2024-05-12 12:44:20.973667+00:00
[2024-05-12T12:44:21.788+0000] {standard_task_runner.py:63} INFO - Started process 2756 to run task
[2024-05-12T12:44:21.792+0000] {standard_task_runner.py:90} INFO - Running: ['airflow', 'tasks', 'run', 'customer_transactions_pipeline', 'extract_load_fivetran.MongoDB_to_AzureStorage', 'manual__2024-05-12T12:44:20.973667+00:00', '--job-id', '35', '--raw', '--subdir', 'DAGS_FOLDER/dag.py', '--cfg-path', '/tmp/tmp80k8o3c9']
[2024-05-12T12:44:21.795+0000] {standard_task_runner.py:91} INFO - Job 35: Subtask extract_load_fivetran.MongoDB_to_AzureStorage
[2024-05-12T12:44:21.863+0000] {task_command.py:426} INFO - Running <TaskInstance: customer_transactions_pipeline.extract_load_fivetran.MongoDB_to_AzureStorage manual__2024-05-12T12:44:20.973667+00:00 [running]> on host f5da772b0226
[2024-05-12T12:44:21.980+0000] {taskinstance.py:2644} INFO - Exporting env vars: AIRFLOW_CTX_DAG_EMAIL='mm22@gmail.com' AIRFLOW_CTX_DAG_OWNER='ct' AIRFLOW_CTX_DAG_ID='customer_transactions_pipeline' AIRFLOW_CTX_TASK_ID='extract_load_fivetran.MongoDB_to_AzureStorage' AIRFLOW_CTX_EXECUTION_DATE='2024-05-12T12:44:20.973667+00:00' AIRFLOW_CTX_TRY_NUMBER='1' AIRFLOW_CTX_DAG_RUN_ID='manual__2024-05-12T12:44:20.973667+00:00'
[2024-05-12T12:44:21.981+0000] {taskinstance.py:430} INFO - ::endgroup::
[2024-05-12T12:44:22.005+0000] {base.py:84} INFO - Using connection ID 'fivetran_default' for task execution.
[2024-05-12T12:44:22.661+0000] {hooks.py:320} INFO - Connector type: mongo, connector schema: mongo
[2024-05-12T12:44:22.662+0000] {hooks.py:321} INFO - Connectors logs at https://fivetran.com/dashboard/connectors/mongo/mongo/logs
[2024-05-12T12:44:25.893+0000] {hooks.py:487} INFO - Connector rescue_aerobics: sync_state = scheduled
[2024-05-12T12:44:25.894+0000] {taskinstance.py:441} INFO - ::group::Post task execution logs
[2024-05-12T12:44:25.895+0000] {crypto.py:82} WARNING - empty cryptography key - values will not be stored encrypted.
[2024-05-12T12:44:25.902+0000] {taskinstance.py:2486} INFO - Pausing task as DEFERRED. dag_id=customer_transactions_pipeline, task_id=extract_load_fivetran.MongoDB_to_AzureStorage, execution_date=20240512T124420, start_date=20240512T124421
[2024-05-12T12:44:25.946+0000] {local_task_job_runner.py:237} INFO - Task exited with return code 100 (task deferral)
[2024-05-12T12:44:25.947+0000] {local_task_job_runner.py:222} INFO - ::endgroup::
[2024-05-12T12:45:17.353+0000] {local_task_job_runner.py:120} INFO - ::group::Pre task execution logs
[2024-05-12T12:45:17.370+0000] {taskinstance.py:2073} INFO - Dependencies all met for dep_context=non-requeueable deps ti=<TaskInstance: customer_transactions_pipeline.extract_load_fivetran.MongoDB_to_AzureStorage manual__2024-05-12T12:44:20.973667+00:00 [queued]>
[2024-05-12T12:45:17.379+0000] {taskinstance.py:2073} INFO - Dependencies all met for dep_context=requeueable deps ti=<TaskInstance: customer_transactions_pipeline.extract_load_fivetran.MongoDB_to_AzureStorage manual__2024-05-12T12:44:20.973667+00:00 [queued]>
[2024-05-12T12:45:17.380+0000] {taskinstance.py:2301} INFO - Resuming after deferral
[2024-05-12T12:45:17.394+0000] {taskinstance.py:2327} INFO - Executing <Task(FivetranOperator): extract_load_fivetran.MongoDB_to_AzureStorage> on 2024-05-12 12:44:20.973667+00:00
[2024-05-12T12:45:17.400+0000] {standard_task_runner.py:63} INFO - Started process 2787 to run task
[2024-05-12T12:45:17.403+0000] {standard_task_runner.py:90} INFO - Running: ['airflow', 'tasks', 'run', 'customer_transactions_pipeline', 'extract_load_fivetran.MongoDB_to_AzureStorage', 'manual__2024-05-12T12:44:20.973667+00:00', '--job-id', '39', '--raw', '--subdir', 'DAGS_FOLDER/dag.py', '--cfg-path', '/tmp/tmpbmk7dknf']
[2024-05-12T12:45:17.405+0000] {standard_task_runner.py:91} INFO - Job 39: Subtask extract_load_fivetran.MongoDB_to_AzureStorage
[2024-05-12T12:45:17.450+0000] {task_command.py:426} INFO - Running <TaskInstance: customer_transactions_pipeline.extract_load_fivetran.MongoDB_to_AzureStorage manual__2024-05-12T12:44:20.973667+00:00 [running]> on host f5da772b0226
[2024-05-12T12:45:17.521+0000] {taskinstance.py:430} INFO - ::endgroup::
[2024-05-12T12:45:17.522+0000] {operators.py:172} INFO - Fivetran connector rescue_aerobics finished syncing at 2024-05-12 12:45:00.192000+00:00
[2024-05-12T12:45:17.523+0000] {taskinstance.py:441} INFO - ::group::Post task execution logs
[2024-05-12T12:45:17.554+0000] {taskinstance.py:1205} INFO - Marking task as SUCCESS. dag_id=customer_transactions_pipeline, task_id=extract_load_fivetran.MongoDB_to_AzureStorage, execution_date=20240512T124420, start_date=20240512T124421, end_date=20240512T124517
[2024-05-12T12:45:17.616+0000] {local_task_job_runner.py:240} INFO - Task exited with return code 0
[2024-05-12T12:45:17.642+0000] {taskinstance.py:3482} INFO - 0 downstream tasks scheduled from follow-on schedule check
[2024-05-12T12:45:17.646+0000] {local_task_job_runner.py:222} INFO - ::endgroup::
