[2024-05-13T04:47:58.732+0000] {local_task_job_runner.py:120} INFO - ::group::Pre task execution logs
[2024-05-13T04:47:58.758+0000] {taskinstance.py:2073} INFO - Dependencies all met for dep_context=non-requeueable deps ti=<TaskInstance: customer_transactions_pipeline.Process_layer_PySpark.account_processing scheduled__2024-05-03T02:00:00+00:00 [queued]>
[2024-05-13T04:47:58.766+0000] {taskinstance.py:2073} INFO - Dependencies all met for dep_context=requeueable deps ti=<TaskInstance: customer_transactions_pipeline.Process_layer_PySpark.account_processing scheduled__2024-05-03T02:00:00+00:00 [queued]>
[2024-05-13T04:47:58.767+0000] {taskinstance.py:2303} INFO - Starting attempt 1 of 2
[2024-05-13T04:47:58.782+0000] {taskinstance.py:2327} INFO - Executing <Task(DatabricksRunNowOperator): Process_layer_PySpark.account_processing> on 2024-05-03 02:00:00+00:00
[2024-05-13T04:47:58.786+0000] {standard_task_runner.py:63} INFO - Started process 12542 to run task
[2024-05-13T04:47:58.789+0000] {standard_task_runner.py:90} INFO - Running: ['airflow', 'tasks', 'run', 'customer_transactions_pipeline', 'Process_layer_PySpark.account_processing', 'scheduled__2024-05-03T02:00:00+00:00', '--job-id', '73', '--raw', '--subdir', 'DAGS_FOLDER/dag.py', '--cfg-path', '/tmp/tmpk228bdrj']
[2024-05-13T04:47:58.793+0000] {standard_task_runner.py:91} INFO - Job 73: Subtask Process_layer_PySpark.account_processing
[2024-05-13T04:47:58.862+0000] {task_command.py:426} INFO - Running <TaskInstance: customer_transactions_pipeline.Process_layer_PySpark.account_processing scheduled__2024-05-03T02:00:00+00:00 [running]> on host f5da772b0226
[2024-05-13T04:47:58.963+0000] {taskinstance.py:2644} INFO - Exporting env vars: AIRFLOW_CTX_DAG_EMAIL='mm22@gmail.com' AIRFLOW_CTX_DAG_OWNER='ct' AIRFLOW_CTX_DAG_ID='customer_transactions_pipeline' AIRFLOW_CTX_TASK_ID='Process_layer_PySpark.account_processing' AIRFLOW_CTX_EXECUTION_DATE='2024-05-03T02:00:00+00:00' AIRFLOW_CTX_TRY_NUMBER='1' AIRFLOW_CTX_DAG_RUN_ID='scheduled__2024-05-03T02:00:00+00:00'
[2024-05-13T04:47:58.964+0000] {taskinstance.py:430} INFO - ::endgroup::
[2024-05-13T04:47:58.994+0000] {base.py:84} INFO - Using connection ID 'databricks_default' for task execution.
[2024-05-13T04:47:58.996+0000] {databricks_base.py:501} INFO - Using token auth.
[2024-05-13T04:47:59.692+0000] {databricks.py:56} INFO - Run submitted with run_id: 188377856709703
[2024-05-13T04:47:59.693+0000] {databricks_base.py:501} INFO - Using token auth.
[2024-05-13T04:48:00.004+0000] {databricks_base.py:501} INFO - Using token auth.
[2024-05-13T04:48:00.338+0000] {databricks.py:109} INFO - Process_layer_PySpark.account_processing in run state: {'life_cycle_state': 'QUEUED', 'result_state': '', 'state_message': ''}
[2024-05-13T04:48:00.339+0000] {databricks.py:110} INFO - View run status, Spark UI, and logs at https://adb-321042217431130.10.azuredatabricks.net/?o=321042217431130#job/28993613527302/run/188377856709703
[2024-05-13T04:48:00.340+0000] {databricks.py:111} INFO - Sleeping for 30 seconds.
[2024-05-13T04:48:30.363+0000] {databricks_base.py:501} INFO - Using token auth.
[2024-05-13T04:48:30.659+0000] {databricks.py:67} INFO - Process_layer_PySpark.account_processing completed successfully.
[2024-05-13T04:48:30.660+0000] {databricks.py:68} INFO - View run status, Spark UI, and logs at https://adb-321042217431130.10.azuredatabricks.net/?o=321042217431130#job/28993613527302/run/188377856709703
[2024-05-13T04:48:30.661+0000] {taskinstance.py:441} INFO - ::group::Post task execution logs
[2024-05-13T04:48:30.670+0000] {taskinstance.py:1205} INFO - Marking task as SUCCESS. dag_id=customer_transactions_pipeline, task_id=Process_layer_PySpark.account_processing, execution_date=20240503T020000, start_date=20240513T044758, end_date=20240513T044830
[2024-05-13T04:48:30.722+0000] {local_task_job_runner.py:240} INFO - Task exited with return code 0
[2024-05-13T04:48:30.748+0000] {taskinstance.py:3482} INFO - 0 downstream tasks scheduled from follow-on schedule check
[2024-05-13T04:48:30.750+0000] {local_task_job_runner.py:222} INFO - ::endgroup::
[2024-05-13T04:56:54.800+0000] {local_task_job_runner.py:120} INFO - ::group::Pre task execution logs
[2024-05-13T04:56:54.830+0000] {taskinstance.py:2073} INFO - Dependencies all met for dep_context=non-requeueable deps ti=<TaskInstance: customer_transactions_pipeline.Process_layer_PySpark.account_processing scheduled__2024-05-03T02:00:00+00:00 [queued]>
[2024-05-13T04:56:54.841+0000] {taskinstance.py:2073} INFO - Dependencies all met for dep_context=requeueable deps ti=<TaskInstance: customer_transactions_pipeline.Process_layer_PySpark.account_processing scheduled__2024-05-03T02:00:00+00:00 [queued]>
[2024-05-13T04:56:54.842+0000] {taskinstance.py:2303} INFO - Starting attempt 1 of 2
[2024-05-13T04:56:54.863+0000] {taskinstance.py:2327} INFO - Executing <Task(DatabricksRunNowOperator): Process_layer_PySpark.account_processing> on 2024-05-03 02:00:00+00:00
[2024-05-13T04:56:54.868+0000] {standard_task_runner.py:63} INFO - Started process 12775 to run task
[2024-05-13T04:56:54.872+0000] {standard_task_runner.py:90} INFO - Running: ['airflow', 'tasks', 'run', 'customer_transactions_pipeline', 'Process_layer_PySpark.account_processing', 'scheduled__2024-05-03T02:00:00+00:00', '--job-id', '90', '--raw', '--subdir', 'DAGS_FOLDER/dag.py', '--cfg-path', '/tmp/tmp1bjilc9o']
[2024-05-13T04:56:54.874+0000] {standard_task_runner.py:91} INFO - Job 90: Subtask Process_layer_PySpark.account_processing
[2024-05-13T04:56:54.931+0000] {task_command.py:426} INFO - Running <TaskInstance: customer_transactions_pipeline.Process_layer_PySpark.account_processing scheduled__2024-05-03T02:00:00+00:00 [running]> on host f5da772b0226
[2024-05-13T04:56:55.017+0000] {taskinstance.py:2644} INFO - Exporting env vars: AIRFLOW_CTX_DAG_EMAIL='mm22@gmail.com' AIRFLOW_CTX_DAG_OWNER='ct' AIRFLOW_CTX_DAG_ID='customer_transactions_pipeline' AIRFLOW_CTX_TASK_ID='Process_layer_PySpark.account_processing' AIRFLOW_CTX_EXECUTION_DATE='2024-05-03T02:00:00+00:00' AIRFLOW_CTX_TRY_NUMBER='1' AIRFLOW_CTX_DAG_RUN_ID='scheduled__2024-05-03T02:00:00+00:00'
[2024-05-13T04:56:55.017+0000] {taskinstance.py:430} INFO - ::endgroup::
[2024-05-13T04:56:55.041+0000] {base.py:84} INFO - Using connection ID 'databricks_default' for task execution.
[2024-05-13T04:56:55.043+0000] {databricks_base.py:501} INFO - Using token auth.
[2024-05-13T04:56:55.472+0000] {databricks.py:56} INFO - Run submitted with run_id: 635635722332183
[2024-05-13T04:56:55.472+0000] {databricks_base.py:501} INFO - Using token auth.
[2024-05-13T04:56:55.791+0000] {databricks_base.py:501} INFO - Using token auth.
[2024-05-13T04:56:56.112+0000] {databricks.py:109} INFO - Process_layer_PySpark.account_processing in run state: {'life_cycle_state': 'RUNNING', 'result_state': '', 'state_message': ''}
[2024-05-13T04:56:56.113+0000] {databricks.py:110} INFO - View run status, Spark UI, and logs at https://adb-321042217431130.10.azuredatabricks.net/?o=321042217431130#job/28993613527302/run/635635722332183
[2024-05-13T04:56:56.114+0000] {databricks.py:111} INFO - Sleeping for 30 seconds.
[2024-05-13T04:57:26.145+0000] {databricks_base.py:501} INFO - Using token auth.
[2024-05-13T04:57:26.473+0000] {databricks.py:67} INFO - Process_layer_PySpark.account_processing completed successfully.
[2024-05-13T04:57:26.475+0000] {databricks.py:68} INFO - View run status, Spark UI, and logs at https://adb-321042217431130.10.azuredatabricks.net/?o=321042217431130#job/28993613527302/run/635635722332183
[2024-05-13T04:57:26.476+0000] {taskinstance.py:441} INFO - ::group::Post task execution logs
[2024-05-13T04:57:26.492+0000] {taskinstance.py:1205} INFO - Marking task as SUCCESS. dag_id=customer_transactions_pipeline, task_id=Process_layer_PySpark.account_processing, execution_date=20240503T020000, start_date=20240513T045654, end_date=20240513T045726
[2024-05-13T04:57:26.558+0000] {local_task_job_runner.py:240} INFO - Task exited with return code 0
[2024-05-13T04:57:26.588+0000] {taskinstance.py:3482} INFO - 0 downstream tasks scheduled from follow-on schedule check
[2024-05-13T04:57:26.591+0000] {local_task_job_runner.py:222} INFO - ::endgroup::
[2024-05-13T06:51:33.316+0000] {local_task_job_runner.py:120} INFO - ::group::Pre task execution logs
[2024-05-13T06:51:33.337+0000] {taskinstance.py:2073} INFO - Dependencies all met for dep_context=non-requeueable deps ti=<TaskInstance: customer_transactions_pipeline.Process_layer_PySpark.account_processing scheduled__2024-05-03T02:00:00+00:00 [queued]>
[2024-05-13T06:51:33.345+0000] {taskinstance.py:2073} INFO - Dependencies all met for dep_context=requeueable deps ti=<TaskInstance: customer_transactions_pipeline.Process_layer_PySpark.account_processing scheduled__2024-05-03T02:00:00+00:00 [queued]>
[2024-05-13T06:51:33.346+0000] {taskinstance.py:2303} INFO - Starting attempt 1 of 2
[2024-05-13T06:51:33.360+0000] {taskinstance.py:2327} INFO - Executing <Task(DatabricksRunNowOperator): Process_layer_PySpark.account_processing> on 2024-05-03 02:00:00+00:00
[2024-05-13T06:51:33.365+0000] {standard_task_runner.py:63} INFO - Started process 15331 to run task
[2024-05-13T06:51:33.369+0000] {standard_task_runner.py:90} INFO - Running: ['airflow', 'tasks', 'run', 'customer_transactions_pipeline', 'Process_layer_PySpark.account_processing', 'scheduled__2024-05-03T02:00:00+00:00', '--job-id', '111', '--raw', '--subdir', 'DAGS_FOLDER/dag.py', '--cfg-path', '/tmp/tmp0ths9t_h']
[2024-05-13T06:51:33.371+0000] {standard_task_runner.py:91} INFO - Job 111: Subtask Process_layer_PySpark.account_processing
[2024-05-13T06:51:33.426+0000] {task_command.py:426} INFO - Running <TaskInstance: customer_transactions_pipeline.Process_layer_PySpark.account_processing scheduled__2024-05-03T02:00:00+00:00 [running]> on host f5da772b0226
[2024-05-13T06:51:33.511+0000] {taskinstance.py:2644} INFO - Exporting env vars: AIRFLOW_CTX_DAG_EMAIL='mm22@gmail.com' AIRFLOW_CTX_DAG_OWNER='ct' AIRFLOW_CTX_DAG_ID='customer_transactions_pipeline' AIRFLOW_CTX_TASK_ID='Process_layer_PySpark.account_processing' AIRFLOW_CTX_EXECUTION_DATE='2024-05-03T02:00:00+00:00' AIRFLOW_CTX_TRY_NUMBER='1' AIRFLOW_CTX_DAG_RUN_ID='scheduled__2024-05-03T02:00:00+00:00'
[2024-05-13T06:51:33.512+0000] {taskinstance.py:430} INFO - ::endgroup::
[2024-05-13T06:51:33.535+0000] {base.py:84} INFO - Using connection ID 'databricks_default' for task execution.
[2024-05-13T06:51:33.538+0000] {databricks_base.py:501} INFO - Using token auth.
[2024-05-13T06:51:34.282+0000] {databricks.py:56} INFO - Run submitted with run_id: 181098513793191
[2024-05-13T06:51:34.283+0000] {databricks_base.py:501} INFO - Using token auth.
[2024-05-13T06:51:34.629+0000] {databricks_base.py:501} INFO - Using token auth.
[2024-05-13T06:51:34.963+0000] {databricks.py:109} INFO - Process_layer_PySpark.account_processing in run state: {'life_cycle_state': 'RUNNING', 'result_state': '', 'state_message': ''}
[2024-05-13T06:51:34.965+0000] {databricks.py:110} INFO - View run status, Spark UI, and logs at https://adb-321042217431130.10.azuredatabricks.net/?o=321042217431130#job/28993613527302/run/181098513793191
[2024-05-13T06:51:34.965+0000] {databricks.py:111} INFO - Sleeping for 30 seconds.
[2024-05-13T06:52:04.975+0000] {databricks_base.py:501} INFO - Using token auth.
[2024-05-13T06:52:05.361+0000] {databricks.py:67} INFO - Process_layer_PySpark.account_processing completed successfully.
[2024-05-13T06:52:05.362+0000] {databricks.py:68} INFO - View run status, Spark UI, and logs at https://adb-321042217431130.10.azuredatabricks.net/?o=321042217431130#job/28993613527302/run/181098513793191
[2024-05-13T06:52:05.363+0000] {taskinstance.py:441} INFO - ::group::Post task execution logs
[2024-05-13T06:52:05.376+0000] {taskinstance.py:1205} INFO - Marking task as SUCCESS. dag_id=customer_transactions_pipeline, task_id=Process_layer_PySpark.account_processing, execution_date=20240503T020000, start_date=20240513T065133, end_date=20240513T065205
[2024-05-13T06:52:05.443+0000] {local_task_job_runner.py:240} INFO - Task exited with return code 0
[2024-05-13T06:52:05.535+0000] {taskinstance.py:3482} INFO - 0 downstream tasks scheduled from follow-on schedule check
[2024-05-13T06:52:05.539+0000] {local_task_job_runner.py:222} INFO - ::endgroup::
