[2024-05-13T04:45:15.558+0000] {local_task_job_runner.py:120} INFO - ::group::Pre task execution logs
[2024-05-13T04:45:15.586+0000] {taskinstance.py:2073} INFO - Dependencies all met for dep_context=non-requeueable deps ti=<TaskInstance: customer_transactions_pipeline.Ingestion_Fivetran.MongoDB_to_AzureStorage manual__2024-05-13T04:45:13.871143+00:00 [queued]>
[2024-05-13T04:45:15.602+0000] {taskinstance.py:2073} INFO - Dependencies all met for dep_context=requeueable deps ti=<TaskInstance: customer_transactions_pipeline.Ingestion_Fivetran.MongoDB_to_AzureStorage manual__2024-05-13T04:45:13.871143+00:00 [queued]>
[2024-05-13T04:45:15.603+0000] {taskinstance.py:2303} INFO - Starting attempt 1 of 2
[2024-05-13T04:45:15.626+0000] {taskinstance.py:2327} INFO - Executing <Task(FivetranOperator): Ingestion_Fivetran.MongoDB_to_AzureStorage> on 2024-05-13 04:45:13.871143+00:00
[2024-05-13T04:45:15.639+0000] {standard_task_runner.py:63} INFO - Started process 12459 to run task
[2024-05-13T04:45:15.650+0000] {standard_task_runner.py:90} INFO - Running: ['airflow', 'tasks', 'run', 'customer_transactions_pipeline', 'Ingestion_Fivetran.MongoDB_to_AzureStorage', 'manual__2024-05-13T04:45:13.871143+00:00', '--job-id', '58', '--raw', '--subdir', 'DAGS_FOLDER/dag.py', '--cfg-path', '/tmp/tmpbfqy2odq']
[2024-05-13T04:45:15.661+0000] {standard_task_runner.py:91} INFO - Job 58: Subtask Ingestion_Fivetran.MongoDB_to_AzureStorage
[2024-05-13T04:45:15.794+0000] {task_command.py:426} INFO - Running <TaskInstance: customer_transactions_pipeline.Ingestion_Fivetran.MongoDB_to_AzureStorage manual__2024-05-13T04:45:13.871143+00:00 [running]> on host f5da772b0226
[2024-05-13T04:45:15.942+0000] {taskinstance.py:2644} INFO - Exporting env vars: AIRFLOW_CTX_DAG_EMAIL='mm22@gmail.com' AIRFLOW_CTX_DAG_OWNER='ct' AIRFLOW_CTX_DAG_ID='customer_transactions_pipeline' AIRFLOW_CTX_TASK_ID='Ingestion_Fivetran.MongoDB_to_AzureStorage' AIRFLOW_CTX_EXECUTION_DATE='2024-05-13T04:45:13.871143+00:00' AIRFLOW_CTX_TRY_NUMBER='1' AIRFLOW_CTX_DAG_RUN_ID='manual__2024-05-13T04:45:13.871143+00:00'
[2024-05-13T04:45:15.945+0000] {taskinstance.py:430} INFO - ::endgroup::
[2024-05-13T04:45:16.003+0000] {base.py:84} INFO - Using connection ID 'fivetran_default' for task execution.
[2024-05-13T04:45:16.761+0000] {hooks.py:320} INFO - Connector type: mongo, connector schema: mongo
[2024-05-13T04:45:16.762+0000] {hooks.py:321} INFO - Connectors logs at https://fivetran.com/dashboard/connectors/mongo/mongo/logs
[2024-05-13T04:45:19.993+0000] {hooks.py:487} INFO - Connector rescue_aerobics: sync_state = scheduled
[2024-05-13T04:45:19.994+0000] {taskinstance.py:441} INFO - ::group::Post task execution logs
[2024-05-13T04:45:19.995+0000] {crypto.py:82} WARNING - empty cryptography key - values will not be stored encrypted.
[2024-05-13T04:45:20.002+0000] {taskinstance.py:2486} INFO - Pausing task as DEFERRED. dag_id=customer_transactions_pipeline, task_id=Ingestion_Fivetran.MongoDB_to_AzureStorage, execution_date=20240513T044513, start_date=20240513T044515
[2024-05-13T04:45:20.045+0000] {local_task_job_runner.py:237} INFO - Task exited with return code 100 (task deferral)
[2024-05-13T04:45:20.046+0000] {local_task_job_runner.py:222} INFO - ::endgroup::
[2024-05-13T04:45:56.817+0000] {local_task_job_runner.py:120} INFO - ::group::Pre task execution logs
[2024-05-13T04:45:56.835+0000] {taskinstance.py:2073} INFO - Dependencies all met for dep_context=non-requeueable deps ti=<TaskInstance: customer_transactions_pipeline.Ingestion_Fivetran.MongoDB_to_AzureStorage manual__2024-05-13T04:45:13.871143+00:00 [queued]>
[2024-05-13T04:45:56.843+0000] {taskinstance.py:2073} INFO - Dependencies all met for dep_context=requeueable deps ti=<TaskInstance: customer_transactions_pipeline.Ingestion_Fivetran.MongoDB_to_AzureStorage manual__2024-05-13T04:45:13.871143+00:00 [queued]>
[2024-05-13T04:45:56.843+0000] {taskinstance.py:2301} INFO - Resuming after deferral
[2024-05-13T04:45:56.857+0000] {taskinstance.py:2327} INFO - Executing <Task(FivetranOperator): Ingestion_Fivetran.MongoDB_to_AzureStorage> on 2024-05-13 04:45:13.871143+00:00
[2024-05-13T04:45:56.862+0000] {standard_task_runner.py:63} INFO - Started process 12473 to run task
[2024-05-13T04:45:56.865+0000] {standard_task_runner.py:90} INFO - Running: ['airflow', 'tasks', 'run', 'customer_transactions_pipeline', 'Ingestion_Fivetran.MongoDB_to_AzureStorage', 'manual__2024-05-13T04:45:13.871143+00:00', '--job-id', '61', '--raw', '--subdir', 'DAGS_FOLDER/dag.py', '--cfg-path', '/tmp/tmpimdr0wtx']
[2024-05-13T04:45:56.867+0000] {standard_task_runner.py:91} INFO - Job 61: Subtask Ingestion_Fivetran.MongoDB_to_AzureStorage
[2024-05-13T04:45:56.914+0000] {task_command.py:426} INFO - Running <TaskInstance: customer_transactions_pipeline.Ingestion_Fivetran.MongoDB_to_AzureStorage manual__2024-05-13T04:45:13.871143+00:00 [running]> on host f5da772b0226
[2024-05-13T04:45:56.981+0000] {taskinstance.py:430} INFO - ::endgroup::
[2024-05-13T04:45:56.982+0000] {operators.py:172} INFO - Fivetran connector rescue_aerobics finished syncing at 2024-05-13 04:45:53.322000+00:00
[2024-05-13T04:45:56.982+0000] {taskinstance.py:441} INFO - ::group::Post task execution logs
[2024-05-13T04:45:57.005+0000] {taskinstance.py:1205} INFO - Marking task as SUCCESS. dag_id=customer_transactions_pipeline, task_id=Ingestion_Fivetran.MongoDB_to_AzureStorage, execution_date=20240513T044513, start_date=20240513T044515, end_date=20240513T044557
[2024-05-13T04:45:57.038+0000] {local_task_job_runner.py:240} INFO - Task exited with return code 0
[2024-05-13T04:45:57.067+0000] {taskinstance.py:3482} INFO - 0 downstream tasks scheduled from follow-on schedule check
[2024-05-13T04:45:57.070+0000] {local_task_job_runner.py:222} INFO - ::endgroup::
