[2024-05-13T04:56:18.314+0000] {local_task_job_runner.py:120} INFO - ::group::Pre task execution logs
[2024-05-13T04:56:18.343+0000] {taskinstance.py:2073} INFO - Dependencies all met for dep_context=non-requeueable deps ti=<TaskInstance: customer_transactions_pipeline.Set_configs_Databricks.mount_adfs_with_dbfs manual__2024-05-13T04:55:09.068546+00:00 [queued]>
[2024-05-13T04:56:18.357+0000] {taskinstance.py:2073} INFO - Dependencies all met for dep_context=requeueable deps ti=<TaskInstance: customer_transactions_pipeline.Set_configs_Databricks.mount_adfs_with_dbfs manual__2024-05-13T04:55:09.068546+00:00 [queued]>
[2024-05-13T04:56:18.358+0000] {taskinstance.py:2303} INFO - Starting attempt 1 of 2
[2024-05-13T04:56:18.374+0000] {taskinstance.py:2327} INFO - Executing <Task(DatabricksRunNowOperator): Set_configs_Databricks.mount_adfs_with_dbfs> on 2024-05-13 04:55:09.068546+00:00
[2024-05-13T04:56:18.378+0000] {standard_task_runner.py:63} INFO - Started process 12754 to run task
[2024-05-13T04:56:18.382+0000] {standard_task_runner.py:90} INFO - Running: ['airflow', 'tasks', 'run', 'customer_transactions_pipeline', 'Set_configs_Databricks.mount_adfs_with_dbfs', 'manual__2024-05-13T04:55:09.068546+00:00', '--job-id', '86', '--raw', '--subdir', 'DAGS_FOLDER/dag.py', '--cfg-path', '/tmp/tmp_yr4wic5']
[2024-05-13T04:56:18.385+0000] {standard_task_runner.py:91} INFO - Job 86: Subtask Set_configs_Databricks.mount_adfs_with_dbfs
[2024-05-13T04:56:18.435+0000] {task_command.py:426} INFO - Running <TaskInstance: customer_transactions_pipeline.Set_configs_Databricks.mount_adfs_with_dbfs manual__2024-05-13T04:55:09.068546+00:00 [running]> on host f5da772b0226
[2024-05-13T04:56:18.517+0000] {taskinstance.py:2644} INFO - Exporting env vars: AIRFLOW_CTX_DAG_EMAIL='mm22@gmail.com' AIRFLOW_CTX_DAG_OWNER='ct' AIRFLOW_CTX_DAG_ID='customer_transactions_pipeline' AIRFLOW_CTX_TASK_ID='Set_configs_Databricks.mount_adfs_with_dbfs' AIRFLOW_CTX_EXECUTION_DATE='2024-05-13T04:55:09.068546+00:00' AIRFLOW_CTX_TRY_NUMBER='1' AIRFLOW_CTX_DAG_RUN_ID='manual__2024-05-13T04:55:09.068546+00:00'
[2024-05-13T04:56:18.518+0000] {taskinstance.py:430} INFO - ::endgroup::
[2024-05-13T04:56:18.541+0000] {base.py:84} INFO - Using connection ID 'databricks_default' for task execution.
[2024-05-13T04:56:18.543+0000] {databricks_base.py:501} INFO - Using token auth.
[2024-05-13T04:56:18.947+0000] {databricks.py:56} INFO - Run submitted with run_id: 752041463549097
[2024-05-13T04:56:18.948+0000] {databricks_base.py:501} INFO - Using token auth.
[2024-05-13T04:56:19.260+0000] {databricks_base.py:501} INFO - Using token auth.
[2024-05-13T04:56:19.585+0000] {databricks.py:109} INFO - Set_configs_Databricks.mount_adfs_with_dbfs in run state: {'life_cycle_state': 'RUNNING', 'result_state': '', 'state_message': ''}
[2024-05-13T04:56:19.586+0000] {databricks.py:110} INFO - View run status, Spark UI, and logs at https://adb-321042217431130.10.azuredatabricks.net/?o=321042217431130#job/755324852567507/run/752041463549097
[2024-05-13T04:56:19.586+0000] {databricks.py:111} INFO - Sleeping for 30 seconds.
[2024-05-13T04:56:49.617+0000] {databricks_base.py:501} INFO - Using token auth.
[2024-05-13T04:56:50.303+0000] {databricks.py:67} INFO - Set_configs_Databricks.mount_adfs_with_dbfs completed successfully.
[2024-05-13T04:56:50.304+0000] {databricks.py:68} INFO - View run status, Spark UI, and logs at https://adb-321042217431130.10.azuredatabricks.net/?o=321042217431130#job/755324852567507/run/752041463549097
[2024-05-13T04:56:50.305+0000] {taskinstance.py:441} INFO - ::group::Post task execution logs
[2024-05-13T04:56:50.314+0000] {taskinstance.py:1205} INFO - Marking task as SUCCESS. dag_id=customer_transactions_pipeline, task_id=Set_configs_Databricks.mount_adfs_with_dbfs, execution_date=20240513T045509, start_date=20240513T045618, end_date=20240513T045650
[2024-05-13T04:56:50.344+0000] {local_task_job_runner.py:240} INFO - Task exited with return code 0
[2024-05-13T04:56:50.375+0000] {taskinstance.py:3482} INFO - 1 downstream tasks scheduled from follow-on schedule check
[2024-05-13T04:56:50.378+0000] {local_task_job_runner.py:222} INFO - ::endgroup::
