[2024-05-13T04:46:23.040+0000] {local_task_job_runner.py:120} INFO - ::group::Pre task execution logs
[2024-05-13T04:46:23.070+0000] {taskinstance.py:2073} INFO - Dependencies all met for dep_context=non-requeueable deps ti=<TaskInstance: customer_transactions_pipeline.Set_configs_Databricks.mount_adfs_with_dbfs scheduled__2024-05-03T02:00:00+00:00 [queued]>
[2024-05-13T04:46:23.082+0000] {taskinstance.py:2073} INFO - Dependencies all met for dep_context=requeueable deps ti=<TaskInstance: customer_transactions_pipeline.Set_configs_Databricks.mount_adfs_with_dbfs scheduled__2024-05-03T02:00:00+00:00 [queued]>
[2024-05-13T04:46:23.083+0000] {taskinstance.py:2303} INFO - Starting attempt 1 of 2
[2024-05-13T04:46:23.104+0000] {taskinstance.py:2327} INFO - Executing <Task(DatabricksRunNowOperator): Set_configs_Databricks.mount_adfs_with_dbfs> on 2024-05-03 02:00:00+00:00
[2024-05-13T04:46:23.109+0000] {standard_task_runner.py:63} INFO - Started process 12493 to run task
[2024-05-13T04:46:23.113+0000] {standard_task_runner.py:90} INFO - Running: ['airflow', 'tasks', 'run', 'customer_transactions_pipeline', 'Set_configs_Databricks.mount_adfs_with_dbfs', 'scheduled__2024-05-03T02:00:00+00:00', '--job-id', '66', '--raw', '--subdir', 'DAGS_FOLDER/dag.py', '--cfg-path', '/tmp/tmpt20ehraq']
[2024-05-13T04:46:23.115+0000] {standard_task_runner.py:91} INFO - Job 66: Subtask Set_configs_Databricks.mount_adfs_with_dbfs
[2024-05-13T04:46:23.165+0000] {task_command.py:426} INFO - Running <TaskInstance: customer_transactions_pipeline.Set_configs_Databricks.mount_adfs_with_dbfs scheduled__2024-05-03T02:00:00+00:00 [running]> on host f5da772b0226
[2024-05-13T04:46:23.255+0000] {taskinstance.py:2644} INFO - Exporting env vars: AIRFLOW_CTX_DAG_EMAIL='mm22@gmail.com' AIRFLOW_CTX_DAG_OWNER='ct' AIRFLOW_CTX_DAG_ID='customer_transactions_pipeline' AIRFLOW_CTX_TASK_ID='Set_configs_Databricks.mount_adfs_with_dbfs' AIRFLOW_CTX_EXECUTION_DATE='2024-05-03T02:00:00+00:00' AIRFLOW_CTX_TRY_NUMBER='1' AIRFLOW_CTX_DAG_RUN_ID='scheduled__2024-05-03T02:00:00+00:00'
[2024-05-13T04:46:23.257+0000] {taskinstance.py:430} INFO - ::endgroup::
[2024-05-13T04:46:23.281+0000] {base.py:84} INFO - Using connection ID 'databricks_default' for task execution.
[2024-05-13T04:46:23.283+0000] {databricks_base.py:501} INFO - Using token auth.
[2024-05-13T04:46:24.005+0000] {databricks.py:56} INFO - Run submitted with run_id: 45755051606923
[2024-05-13T04:46:24.006+0000] {databricks_base.py:501} INFO - Using token auth.
[2024-05-13T04:46:24.353+0000] {databricks_base.py:501} INFO - Using token auth.
[2024-05-13T04:46:24.646+0000] {databricks.py:109} INFO - Set_configs_Databricks.mount_adfs_with_dbfs in run state: {'life_cycle_state': 'QUEUED', 'result_state': '', 'state_message': ''}
[2024-05-13T04:46:24.647+0000] {databricks.py:110} INFO - View run status, Spark UI, and logs at https://adb-321042217431130.10.azuredatabricks.net/?o=321042217431130#job/755324852567507/run/45755051606923
[2024-05-13T04:46:24.647+0000] {databricks.py:111} INFO - Sleeping for 30 seconds.
[2024-05-13T04:46:54.678+0000] {databricks_base.py:501} INFO - Using token auth.
[2024-05-13T04:46:54.978+0000] {databricks.py:67} INFO - Set_configs_Databricks.mount_adfs_with_dbfs completed successfully.
[2024-05-13T04:46:54.979+0000] {databricks.py:68} INFO - View run status, Spark UI, and logs at https://adb-321042217431130.10.azuredatabricks.net/?o=321042217431130#job/755324852567507/run/45755051606923
[2024-05-13T04:46:54.980+0000] {taskinstance.py:441} INFO - ::group::Post task execution logs
[2024-05-13T04:46:54.991+0000] {taskinstance.py:1205} INFO - Marking task as SUCCESS. dag_id=customer_transactions_pipeline, task_id=Set_configs_Databricks.mount_adfs_with_dbfs, execution_date=20240503T020000, start_date=20240513T044623, end_date=20240513T044654
[2024-05-13T04:46:55.015+0000] {local_task_job_runner.py:240} INFO - Task exited with return code 0
[2024-05-13T04:46:55.042+0000] {taskinstance.py:3482} INFO - 1 downstream tasks scheduled from follow-on schedule check
[2024-05-13T04:46:55.045+0000] {local_task_job_runner.py:222} INFO - ::endgroup::
[2024-05-13T04:55:49.018+0000] {local_task_job_runner.py:120} INFO - ::group::Pre task execution logs
[2024-05-13T04:55:49.042+0000] {taskinstance.py:2073} INFO - Dependencies all met for dep_context=non-requeueable deps ti=<TaskInstance: customer_transactions_pipeline.Set_configs_Databricks.mount_adfs_with_dbfs scheduled__2024-05-03T02:00:00+00:00 [queued]>
[2024-05-13T04:55:49.051+0000] {taskinstance.py:2073} INFO - Dependencies all met for dep_context=requeueable deps ti=<TaskInstance: customer_transactions_pipeline.Set_configs_Databricks.mount_adfs_with_dbfs scheduled__2024-05-03T02:00:00+00:00 [queued]>
[2024-05-13T04:55:49.052+0000] {taskinstance.py:2303} INFO - Starting attempt 1 of 2
[2024-05-13T04:55:49.065+0000] {taskinstance.py:2327} INFO - Executing <Task(DatabricksRunNowOperator): Set_configs_Databricks.mount_adfs_with_dbfs> on 2024-05-03 02:00:00+00:00
[2024-05-13T04:55:49.069+0000] {standard_task_runner.py:63} INFO - Started process 12739 to run task
[2024-05-13T04:55:49.072+0000] {standard_task_runner.py:90} INFO - Running: ['airflow', 'tasks', 'run', 'customer_transactions_pipeline', 'Set_configs_Databricks.mount_adfs_with_dbfs', 'scheduled__2024-05-03T02:00:00+00:00', '--job-id', '84', '--raw', '--subdir', 'DAGS_FOLDER/dag.py', '--cfg-path', '/tmp/tmplh3mqt3w']
[2024-05-13T04:55:49.074+0000] {standard_task_runner.py:91} INFO - Job 84: Subtask Set_configs_Databricks.mount_adfs_with_dbfs
[2024-05-13T04:55:49.121+0000] {task_command.py:426} INFO - Running <TaskInstance: customer_transactions_pipeline.Set_configs_Databricks.mount_adfs_with_dbfs scheduled__2024-05-03T02:00:00+00:00 [running]> on host f5da772b0226
[2024-05-13T04:55:49.199+0000] {taskinstance.py:2644} INFO - Exporting env vars: AIRFLOW_CTX_DAG_EMAIL='mm22@gmail.com' AIRFLOW_CTX_DAG_OWNER='ct' AIRFLOW_CTX_DAG_ID='customer_transactions_pipeline' AIRFLOW_CTX_TASK_ID='Set_configs_Databricks.mount_adfs_with_dbfs' AIRFLOW_CTX_EXECUTION_DATE='2024-05-03T02:00:00+00:00' AIRFLOW_CTX_TRY_NUMBER='1' AIRFLOW_CTX_DAG_RUN_ID='scheduled__2024-05-03T02:00:00+00:00'
[2024-05-13T04:55:49.200+0000] {taskinstance.py:430} INFO - ::endgroup::
[2024-05-13T04:55:49.222+0000] {base.py:84} INFO - Using connection ID 'databricks_default' for task execution.
[2024-05-13T04:55:49.223+0000] {databricks_base.py:501} INFO - Using token auth.
[2024-05-13T04:55:49.898+0000] {databricks.py:56} INFO - Run submitted with run_id: 387075228338634
[2024-05-13T04:55:49.899+0000] {databricks_base.py:501} INFO - Using token auth.
[2024-05-13T04:55:50.370+0000] {databricks_base.py:501} INFO - Using token auth.
[2024-05-13T04:55:50.801+0000] {databricks.py:109} INFO - Set_configs_Databricks.mount_adfs_with_dbfs in run state: {'life_cycle_state': 'RUNNING', 'result_state': '', 'state_message': ''}
[2024-05-13T04:55:50.803+0000] {databricks.py:110} INFO - View run status, Spark UI, and logs at https://adb-321042217431130.10.azuredatabricks.net/?o=321042217431130#job/755324852567507/run/387075228338634
[2024-05-13T04:55:50.804+0000] {databricks.py:111} INFO - Sleeping for 30 seconds.
[2024-05-13T04:56:20.835+0000] {databricks_base.py:501} INFO - Using token auth.
[2024-05-13T04:56:21.155+0000] {databricks.py:67} INFO - Set_configs_Databricks.mount_adfs_with_dbfs completed successfully.
[2024-05-13T04:56:21.156+0000] {databricks.py:68} INFO - View run status, Spark UI, and logs at https://adb-321042217431130.10.azuredatabricks.net/?o=321042217431130#job/755324852567507/run/387075228338634
[2024-05-13T04:56:21.157+0000] {taskinstance.py:441} INFO - ::group::Post task execution logs
[2024-05-13T04:56:21.172+0000] {taskinstance.py:1205} INFO - Marking task as SUCCESS. dag_id=customer_transactions_pipeline, task_id=Set_configs_Databricks.mount_adfs_with_dbfs, execution_date=20240503T020000, start_date=20240513T045549, end_date=20240513T045621
[2024-05-13T04:56:21.228+0000] {local_task_job_runner.py:240} INFO - Task exited with return code 0
[2024-05-13T04:56:21.260+0000] {taskinstance.py:3482} INFO - 1 downstream tasks scheduled from follow-on schedule check
[2024-05-13T04:56:21.262+0000] {local_task_job_runner.py:222} INFO - ::endgroup::
[2024-05-13T06:50:26.303+0000] {local_task_job_runner.py:120} INFO - ::group::Pre task execution logs
[2024-05-13T06:50:26.326+0000] {taskinstance.py:2073} INFO - Dependencies all met for dep_context=non-requeueable deps ti=<TaskInstance: customer_transactions_pipeline.Set_configs_Databricks.mount_adfs_with_dbfs scheduled__2024-05-03T02:00:00+00:00 [queued]>
[2024-05-13T06:50:26.336+0000] {taskinstance.py:2073} INFO - Dependencies all met for dep_context=requeueable deps ti=<TaskInstance: customer_transactions_pipeline.Set_configs_Databricks.mount_adfs_with_dbfs scheduled__2024-05-03T02:00:00+00:00 [queued]>
[2024-05-13T06:50:26.337+0000] {taskinstance.py:2303} INFO - Starting attempt 1 of 2
[2024-05-13T06:50:26.350+0000] {taskinstance.py:2327} INFO - Executing <Task(DatabricksRunNowOperator): Set_configs_Databricks.mount_adfs_with_dbfs> on 2024-05-03 02:00:00+00:00
[2024-05-13T06:50:26.354+0000] {standard_task_runner.py:63} INFO - Started process 15297 to run task
[2024-05-13T06:50:26.357+0000] {standard_task_runner.py:90} INFO - Running: ['airflow', 'tasks', 'run', 'customer_transactions_pipeline', 'Set_configs_Databricks.mount_adfs_with_dbfs', 'scheduled__2024-05-03T02:00:00+00:00', '--job-id', '108', '--raw', '--subdir', 'DAGS_FOLDER/dag.py', '--cfg-path', '/tmp/tmpuf45whwh']
[2024-05-13T06:50:26.359+0000] {standard_task_runner.py:91} INFO - Job 108: Subtask Set_configs_Databricks.mount_adfs_with_dbfs
[2024-05-13T06:50:26.408+0000] {task_command.py:426} INFO - Running <TaskInstance: customer_transactions_pipeline.Set_configs_Databricks.mount_adfs_with_dbfs scheduled__2024-05-03T02:00:00+00:00 [running]> on host f5da772b0226
[2024-05-13T06:50:26.492+0000] {taskinstance.py:2644} INFO - Exporting env vars: AIRFLOW_CTX_DAG_EMAIL='mm22@gmail.com' AIRFLOW_CTX_DAG_OWNER='ct' AIRFLOW_CTX_DAG_ID='customer_transactions_pipeline' AIRFLOW_CTX_TASK_ID='Set_configs_Databricks.mount_adfs_with_dbfs' AIRFLOW_CTX_EXECUTION_DATE='2024-05-03T02:00:00+00:00' AIRFLOW_CTX_TRY_NUMBER='1' AIRFLOW_CTX_DAG_RUN_ID='scheduled__2024-05-03T02:00:00+00:00'
[2024-05-13T06:50:26.493+0000] {taskinstance.py:430} INFO - ::endgroup::
[2024-05-13T06:50:26.515+0000] {base.py:84} INFO - Using connection ID 'databricks_default' for task execution.
[2024-05-13T06:50:26.519+0000] {databricks_base.py:501} INFO - Using token auth.
[2024-05-13T06:50:28.606+0000] {databricks.py:56} INFO - Run submitted with run_id: 1010971619359959
[2024-05-13T06:50:28.607+0000] {databricks_base.py:501} INFO - Using token auth.
[2024-05-13T06:50:28.979+0000] {databricks_base.py:501} INFO - Using token auth.
[2024-05-13T06:50:29.389+0000] {databricks.py:109} INFO - Set_configs_Databricks.mount_adfs_with_dbfs in run state: {'life_cycle_state': 'RUNNING', 'result_state': '', 'state_message': ''}
[2024-05-13T06:50:29.390+0000] {databricks.py:110} INFO - View run status, Spark UI, and logs at https://adb-321042217431130.10.azuredatabricks.net/?o=321042217431130#job/755324852567507/run/1010971619359959
[2024-05-13T06:50:29.390+0000] {databricks.py:111} INFO - Sleeping for 30 seconds.
[2024-05-13T06:50:59.411+0000] {databricks_base.py:501} INFO - Using token auth.
[2024-05-13T06:50:59.765+0000] {databricks.py:67} INFO - Set_configs_Databricks.mount_adfs_with_dbfs completed successfully.
[2024-05-13T06:50:59.766+0000] {databricks.py:68} INFO - View run status, Spark UI, and logs at https://adb-321042217431130.10.azuredatabricks.net/?o=321042217431130#job/755324852567507/run/1010971619359959
[2024-05-13T06:50:59.767+0000] {taskinstance.py:441} INFO - ::group::Post task execution logs
[2024-05-13T06:50:59.776+0000] {taskinstance.py:1205} INFO - Marking task as SUCCESS. dag_id=customer_transactions_pipeline, task_id=Set_configs_Databricks.mount_adfs_with_dbfs, execution_date=20240503T020000, start_date=20240513T065026, end_date=20240513T065059
[2024-05-13T06:50:59.826+0000] {local_task_job_runner.py:240} INFO - Task exited with return code 0
[2024-05-13T06:50:59.856+0000] {taskinstance.py:3482} INFO - 1 downstream tasks scheduled from follow-on schedule check
[2024-05-13T06:50:59.858+0000] {local_task_job_runner.py:222} INFO - ::endgroup::
