[2024-05-13T04:47:58.730+0000] {local_task_job_runner.py:120} INFO - ::group::Pre task execution logs
[2024-05-13T04:47:58.749+0000] {taskinstance.py:2073} INFO - Dependencies all met for dep_context=non-requeueable deps ti=<TaskInstance: customer_transactions_pipeline.Process_layer_PySpark.transactions_processing scheduled__2024-05-03T02:00:00+00:00 [queued]>
[2024-05-13T04:47:58.758+0000] {taskinstance.py:2073} INFO - Dependencies all met for dep_context=requeueable deps ti=<TaskInstance: customer_transactions_pipeline.Process_layer_PySpark.transactions_processing scheduled__2024-05-03T02:00:00+00:00 [queued]>
[2024-05-13T04:47:58.759+0000] {taskinstance.py:2303} INFO - Starting attempt 1 of 2
[2024-05-13T04:47:58.773+0000] {taskinstance.py:2327} INFO - Executing <Task(DatabricksRunNowOperator): Process_layer_PySpark.transactions_processing> on 2024-05-03 02:00:00+00:00
[2024-05-13T04:47:58.778+0000] {standard_task_runner.py:63} INFO - Started process 12541 to run task
[2024-05-13T04:47:58.781+0000] {standard_task_runner.py:90} INFO - Running: ['airflow', 'tasks', 'run', 'customer_transactions_pipeline', 'Process_layer_PySpark.transactions_processing', 'scheduled__2024-05-03T02:00:00+00:00', '--job-id', '72', '--raw', '--subdir', 'DAGS_FOLDER/dag.py', '--cfg-path', '/tmp/tmp_z8l12a6']
[2024-05-13T04:47:58.783+0000] {standard_task_runner.py:91} INFO - Job 72: Subtask Process_layer_PySpark.transactions_processing
[2024-05-13T04:47:58.848+0000] {task_command.py:426} INFO - Running <TaskInstance: customer_transactions_pipeline.Process_layer_PySpark.transactions_processing scheduled__2024-05-03T02:00:00+00:00 [running]> on host f5da772b0226
[2024-05-13T04:47:58.946+0000] {taskinstance.py:2644} INFO - Exporting env vars: AIRFLOW_CTX_DAG_EMAIL='mm22@gmail.com' AIRFLOW_CTX_DAG_OWNER='ct' AIRFLOW_CTX_DAG_ID='customer_transactions_pipeline' AIRFLOW_CTX_TASK_ID='Process_layer_PySpark.transactions_processing' AIRFLOW_CTX_EXECUTION_DATE='2024-05-03T02:00:00+00:00' AIRFLOW_CTX_TRY_NUMBER='1' AIRFLOW_CTX_DAG_RUN_ID='scheduled__2024-05-03T02:00:00+00:00'
[2024-05-13T04:47:58.947+0000] {taskinstance.py:430} INFO - ::endgroup::
[2024-05-13T04:47:58.971+0000] {base.py:84} INFO - Using connection ID 'databricks_default' for task execution.
[2024-05-13T04:47:58.973+0000] {databricks_base.py:501} INFO - Using token auth.
[2024-05-13T04:47:59.684+0000] {databricks.py:56} INFO - Run submitted with run_id: 675166873740815
[2024-05-13T04:47:59.685+0000] {databricks_base.py:501} INFO - Using token auth.
[2024-05-13T04:48:00.018+0000] {databricks_base.py:501} INFO - Using token auth.
[2024-05-13T04:48:00.323+0000] {databricks.py:109} INFO - Process_layer_PySpark.transactions_processing in run state: {'life_cycle_state': 'QUEUED', 'result_state': '', 'state_message': ''}
[2024-05-13T04:48:00.324+0000] {databricks.py:110} INFO - View run status, Spark UI, and logs at https://adb-321042217431130.10.azuredatabricks.net/?o=321042217431130#job/553064271720425/run/675166873740815
[2024-05-13T04:48:00.325+0000] {databricks.py:111} INFO - Sleeping for 30 seconds.
[2024-05-13T04:48:30.356+0000] {databricks_base.py:501} INFO - Using token auth.
[2024-05-13T04:48:30.660+0000] {databricks.py:109} INFO - Process_layer_PySpark.transactions_processing in run state: {'life_cycle_state': 'RUNNING', 'result_state': '', 'state_message': ''}
[2024-05-13T04:48:30.661+0000] {databricks.py:110} INFO - View run status, Spark UI, and logs at https://adb-321042217431130.10.azuredatabricks.net/?o=321042217431130#job/553064271720425/run/675166873740815
[2024-05-13T04:48:30.662+0000] {databricks.py:111} INFO - Sleeping for 30 seconds.
[2024-05-13T04:49:00.669+0000] {databricks_base.py:501} INFO - Using token auth.
[2024-05-13T04:49:01.017+0000] {databricks.py:67} INFO - Process_layer_PySpark.transactions_processing completed successfully.
[2024-05-13T04:49:01.018+0000] {databricks.py:68} INFO - View run status, Spark UI, and logs at https://adb-321042217431130.10.azuredatabricks.net/?o=321042217431130#job/553064271720425/run/675166873740815
[2024-05-13T04:49:01.019+0000] {taskinstance.py:441} INFO - ::group::Post task execution logs
[2024-05-13T04:49:01.028+0000] {taskinstance.py:1205} INFO - Marking task as SUCCESS. dag_id=customer_transactions_pipeline, task_id=Process_layer_PySpark.transactions_processing, execution_date=20240503T020000, start_date=20240513T044758, end_date=20240513T044901
[2024-05-13T04:49:01.044+0000] {local_task_job_runner.py:240} INFO - Task exited with return code 0
[2024-05-13T04:49:01.238+0000] {taskinstance.py:3482} INFO - 0 downstream tasks scheduled from follow-on schedule check
[2024-05-13T04:49:01.241+0000] {local_task_job_runner.py:222} INFO - ::endgroup::
[2024-05-13T04:56:54.800+0000] {local_task_job_runner.py:120} INFO - ::group::Pre task execution logs
[2024-05-13T04:56:54.829+0000] {taskinstance.py:2073} INFO - Dependencies all met for dep_context=non-requeueable deps ti=<TaskInstance: customer_transactions_pipeline.Process_layer_PySpark.transactions_processing scheduled__2024-05-03T02:00:00+00:00 [queued]>
[2024-05-13T04:56:54.841+0000] {taskinstance.py:2073} INFO - Dependencies all met for dep_context=requeueable deps ti=<TaskInstance: customer_transactions_pipeline.Process_layer_PySpark.transactions_processing scheduled__2024-05-03T02:00:00+00:00 [queued]>
[2024-05-13T04:56:54.842+0000] {taskinstance.py:2303} INFO - Starting attempt 1 of 2
[2024-05-13T04:56:54.861+0000] {taskinstance.py:2327} INFO - Executing <Task(DatabricksRunNowOperator): Process_layer_PySpark.transactions_processing> on 2024-05-03 02:00:00+00:00
[2024-05-13T04:56:54.865+0000] {standard_task_runner.py:63} INFO - Started process 12774 to run task
[2024-05-13T04:56:54.869+0000] {standard_task_runner.py:90} INFO - Running: ['airflow', 'tasks', 'run', 'customer_transactions_pipeline', 'Process_layer_PySpark.transactions_processing', 'scheduled__2024-05-03T02:00:00+00:00', '--job-id', '89', '--raw', '--subdir', 'DAGS_FOLDER/dag.py', '--cfg-path', '/tmp/tmpnnfhd3qz']
[2024-05-13T04:56:54.873+0000] {standard_task_runner.py:91} INFO - Job 89: Subtask Process_layer_PySpark.transactions_processing
[2024-05-13T04:56:54.931+0000] {task_command.py:426} INFO - Running <TaskInstance: customer_transactions_pipeline.Process_layer_PySpark.transactions_processing scheduled__2024-05-03T02:00:00+00:00 [running]> on host f5da772b0226
[2024-05-13T04:56:55.017+0000] {taskinstance.py:2644} INFO - Exporting env vars: AIRFLOW_CTX_DAG_EMAIL='mm22@gmail.com' AIRFLOW_CTX_DAG_OWNER='ct' AIRFLOW_CTX_DAG_ID='customer_transactions_pipeline' AIRFLOW_CTX_TASK_ID='Process_layer_PySpark.transactions_processing' AIRFLOW_CTX_EXECUTION_DATE='2024-05-03T02:00:00+00:00' AIRFLOW_CTX_TRY_NUMBER='1' AIRFLOW_CTX_DAG_RUN_ID='scheduled__2024-05-03T02:00:00+00:00'
[2024-05-13T04:56:55.017+0000] {taskinstance.py:430} INFO - ::endgroup::
[2024-05-13T04:56:55.041+0000] {base.py:84} INFO - Using connection ID 'databricks_default' for task execution.
[2024-05-13T04:56:55.043+0000] {databricks_base.py:501} INFO - Using token auth.
[2024-05-13T04:56:55.477+0000] {databricks.py:56} INFO - Run submitted with run_id: 36112730125827
[2024-05-13T04:56:55.477+0000] {databricks_base.py:501} INFO - Using token auth.
[2024-05-13T04:56:55.798+0000] {databricks_base.py:501} INFO - Using token auth.
[2024-05-13T04:56:56.112+0000] {databricks.py:109} INFO - Process_layer_PySpark.transactions_processing in run state: {'life_cycle_state': 'RUNNING', 'result_state': '', 'state_message': ''}
[2024-05-13T04:56:56.113+0000] {databricks.py:110} INFO - View run status, Spark UI, and logs at https://adb-321042217431130.10.azuredatabricks.net/?o=321042217431130#job/553064271720425/run/36112730125827
[2024-05-13T04:56:56.114+0000] {databricks.py:111} INFO - Sleeping for 30 seconds.
[2024-05-13T04:57:26.145+0000] {databricks_base.py:501} INFO - Using token auth.
[2024-05-13T04:57:26.486+0000] {databricks.py:67} INFO - Process_layer_PySpark.transactions_processing completed successfully.
[2024-05-13T04:57:26.487+0000] {databricks.py:68} INFO - View run status, Spark UI, and logs at https://adb-321042217431130.10.azuredatabricks.net/?o=321042217431130#job/553064271720425/run/36112730125827
[2024-05-13T04:57:26.488+0000] {taskinstance.py:441} INFO - ::group::Post task execution logs
[2024-05-13T04:57:26.505+0000] {taskinstance.py:1205} INFO - Marking task as SUCCESS. dag_id=customer_transactions_pipeline, task_id=Process_layer_PySpark.transactions_processing, execution_date=20240503T020000, start_date=20240513T045654, end_date=20240513T045726
[2024-05-13T04:57:26.557+0000] {local_task_job_runner.py:240} INFO - Task exited with return code 0
[2024-05-13T04:57:26.610+0000] {taskinstance.py:3482} INFO - 0 downstream tasks scheduled from follow-on schedule check
[2024-05-13T04:57:26.613+0000] {local_task_job_runner.py:222} INFO - ::endgroup::
[2024-05-13T06:51:33.316+0000] {local_task_job_runner.py:120} INFO - ::group::Pre task execution logs
[2024-05-13T06:51:33.335+0000] {taskinstance.py:2073} INFO - Dependencies all met for dep_context=non-requeueable deps ti=<TaskInstance: customer_transactions_pipeline.Process_layer_PySpark.transactions_processing scheduled__2024-05-03T02:00:00+00:00 [queued]>
[2024-05-13T06:51:33.344+0000] {taskinstance.py:2073} INFO - Dependencies all met for dep_context=requeueable deps ti=<TaskInstance: customer_transactions_pipeline.Process_layer_PySpark.transactions_processing scheduled__2024-05-03T02:00:00+00:00 [queued]>
[2024-05-13T06:51:33.345+0000] {taskinstance.py:2303} INFO - Starting attempt 1 of 2
[2024-05-13T06:51:33.358+0000] {taskinstance.py:2327} INFO - Executing <Task(DatabricksRunNowOperator): Process_layer_PySpark.transactions_processing> on 2024-05-03 02:00:00+00:00
[2024-05-13T06:51:33.363+0000] {standard_task_runner.py:63} INFO - Started process 15330 to run task
[2024-05-13T06:51:33.366+0000] {standard_task_runner.py:90} INFO - Running: ['airflow', 'tasks', 'run', 'customer_transactions_pipeline', 'Process_layer_PySpark.transactions_processing', 'scheduled__2024-05-03T02:00:00+00:00', '--job-id', '112', '--raw', '--subdir', 'DAGS_FOLDER/dag.py', '--cfg-path', '/tmp/tmpfj67jcj6']
[2024-05-13T06:51:33.368+0000] {standard_task_runner.py:91} INFO - Job 112: Subtask Process_layer_PySpark.transactions_processing
[2024-05-13T06:51:33.422+0000] {task_command.py:426} INFO - Running <TaskInstance: customer_transactions_pipeline.Process_layer_PySpark.transactions_processing scheduled__2024-05-03T02:00:00+00:00 [running]> on host f5da772b0226
[2024-05-13T06:51:33.512+0000] {taskinstance.py:2644} INFO - Exporting env vars: AIRFLOW_CTX_DAG_EMAIL='mm22@gmail.com' AIRFLOW_CTX_DAG_OWNER='ct' AIRFLOW_CTX_DAG_ID='customer_transactions_pipeline' AIRFLOW_CTX_TASK_ID='Process_layer_PySpark.transactions_processing' AIRFLOW_CTX_EXECUTION_DATE='2024-05-03T02:00:00+00:00' AIRFLOW_CTX_TRY_NUMBER='1' AIRFLOW_CTX_DAG_RUN_ID='scheduled__2024-05-03T02:00:00+00:00'
[2024-05-13T06:51:33.513+0000] {taskinstance.py:430} INFO - ::endgroup::
[2024-05-13T06:51:33.538+0000] {base.py:84} INFO - Using connection ID 'databricks_default' for task execution.
[2024-05-13T06:51:33.540+0000] {databricks_base.py:501} INFO - Using token auth.
[2024-05-13T06:51:34.110+0000] {databricks.py:56} INFO - Run submitted with run_id: 218843966150671
[2024-05-13T06:51:34.110+0000] {databricks_base.py:501} INFO - Using token auth.
[2024-05-13T06:51:34.504+0000] {databricks_base.py:501} INFO - Using token auth.
[2024-05-13T06:51:34.792+0000] {databricks.py:109} INFO - Process_layer_PySpark.transactions_processing in run state: {'life_cycle_state': 'RUNNING', 'result_state': '', 'state_message': ''}
[2024-05-13T06:51:34.793+0000] {databricks.py:110} INFO - View run status, Spark UI, and logs at https://adb-321042217431130.10.azuredatabricks.net/?o=321042217431130#job/553064271720425/run/218843966150671
[2024-05-13T06:51:34.793+0000] {databricks.py:111} INFO - Sleeping for 30 seconds.
[2024-05-13T06:52:04.824+0000] {databricks_base.py:501} INFO - Using token auth.
[2024-05-13T06:52:05.251+0000] {databricks.py:109} INFO - Process_layer_PySpark.transactions_processing in run state: {'life_cycle_state': 'RUNNING', 'result_state': '', 'state_message': ''}
[2024-05-13T06:52:05.252+0000] {databricks.py:110} INFO - View run status, Spark UI, and logs at https://adb-321042217431130.10.azuredatabricks.net/?o=321042217431130#job/553064271720425/run/218843966150671
[2024-05-13T06:52:05.253+0000] {databricks.py:111} INFO - Sleeping for 30 seconds.
[2024-05-13T06:52:35.283+0000] {databricks_base.py:501} INFO - Using token auth.
[2024-05-13T06:52:35.667+0000] {databricks.py:67} INFO - Process_layer_PySpark.transactions_processing completed successfully.
[2024-05-13T06:52:35.668+0000] {databricks.py:68} INFO - View run status, Spark UI, and logs at https://adb-321042217431130.10.azuredatabricks.net/?o=321042217431130#job/553064271720425/run/218843966150671
[2024-05-13T06:52:35.669+0000] {taskinstance.py:441} INFO - ::group::Post task execution logs
[2024-05-13T06:52:35.678+0000] {taskinstance.py:1205} INFO - Marking task as SUCCESS. dag_id=customer_transactions_pipeline, task_id=Process_layer_PySpark.transactions_processing, execution_date=20240503T020000, start_date=20240513T065133, end_date=20240513T065235
[2024-05-13T06:52:35.698+0000] {local_task_job_runner.py:240} INFO - Task exited with return code 0
[2024-05-13T06:52:35.726+0000] {taskinstance.py:3482} INFO - 1 downstream tasks scheduled from follow-on schedule check
[2024-05-13T06:52:35.729+0000] {local_task_job_runner.py:222} INFO - ::endgroup::
