[2024-05-13T04:48:31.143+0000] {local_task_job_runner.py:120} INFO - ::group::Pre task execution logs
[2024-05-13T04:48:31.164+0000] {taskinstance.py:2073} INFO - Dependencies all met for dep_context=non-requeueable deps ti=<TaskInstance: customer_transactions_pipeline.Create_presentation_schema_spark_SQL.DDL_presentation_schema manual__2024-05-13T04:45:13.871143+00:00 [queued]>
[2024-05-13T04:48:31.173+0000] {taskinstance.py:2073} INFO - Dependencies all met for dep_context=requeueable deps ti=<TaskInstance: customer_transactions_pipeline.Create_presentation_schema_spark_SQL.DDL_presentation_schema manual__2024-05-13T04:45:13.871143+00:00 [queued]>
[2024-05-13T04:48:31.174+0000] {taskinstance.py:2303} INFO - Starting attempt 1 of 2
[2024-05-13T04:48:31.188+0000] {taskinstance.py:2327} INFO - Executing <Task(DatabricksRunNowOperator): Create_presentation_schema_spark_SQL.DDL_presentation_schema> on 2024-05-13 04:45:13.871143+00:00
[2024-05-13T04:48:31.192+0000] {standard_task_runner.py:63} INFO - Started process 12556 to run task
[2024-05-13T04:48:31.196+0000] {standard_task_runner.py:90} INFO - Running: ['airflow', 'tasks', 'run', 'customer_transactions_pipeline', 'Create_presentation_schema_spark_SQL.DDL_presentation_schema', 'manual__2024-05-13T04:45:13.871143+00:00', '--job-id', '75', '--raw', '--subdir', 'DAGS_FOLDER/dag.py', '--cfg-path', '/tmp/tmp4imfmdso']
[2024-05-13T04:48:31.198+0000] {standard_task_runner.py:91} INFO - Job 75: Subtask Create_presentation_schema_spark_SQL.DDL_presentation_schema
[2024-05-13T04:48:31.253+0000] {task_command.py:426} INFO - Running <TaskInstance: customer_transactions_pipeline.Create_presentation_schema_spark_SQL.DDL_presentation_schema manual__2024-05-13T04:45:13.871143+00:00 [running]> on host f5da772b0226
[2024-05-13T04:48:31.363+0000] {taskinstance.py:2644} INFO - Exporting env vars: AIRFLOW_CTX_DAG_EMAIL='mm22@gmail.com' AIRFLOW_CTX_DAG_OWNER='ct' AIRFLOW_CTX_DAG_ID='customer_transactions_pipeline' AIRFLOW_CTX_TASK_ID='Create_presentation_schema_spark_SQL.DDL_presentation_schema' AIRFLOW_CTX_EXECUTION_DATE='2024-05-13T04:45:13.871143+00:00' AIRFLOW_CTX_TRY_NUMBER='1' AIRFLOW_CTX_DAG_RUN_ID='manual__2024-05-13T04:45:13.871143+00:00'
[2024-05-13T04:48:31.364+0000] {taskinstance.py:430} INFO - ::endgroup::
[2024-05-13T04:48:31.390+0000] {base.py:84} INFO - Using connection ID 'databricks_default' for task execution.
[2024-05-13T04:48:31.392+0000] {databricks_base.py:501} INFO - Using token auth.
[2024-05-13T04:48:31.804+0000] {databricks.py:56} INFO - Run submitted with run_id: 712362151357894
[2024-05-13T04:48:31.805+0000] {databricks_base.py:501} INFO - Using token auth.
[2024-05-13T04:48:32.136+0000] {databricks_base.py:501} INFO - Using token auth.
[2024-05-13T04:48:32.450+0000] {databricks.py:109} INFO - Create_presentation_schema_spark_SQL.DDL_presentation_schema in run state: {'life_cycle_state': 'RUNNING', 'result_state': '', 'state_message': ''}
[2024-05-13T04:48:32.452+0000] {databricks.py:110} INFO - View run status, Spark UI, and logs at https://adb-321042217431130.10.azuredatabricks.net/?o=321042217431130#job/294469495791621/run/712362151357894
[2024-05-13T04:48:32.453+0000] {databricks.py:111} INFO - Sleeping for 30 seconds.
[2024-05-13T04:49:02.483+0000] {databricks_base.py:501} INFO - Using token auth.
[2024-05-13T04:49:03.205+0000] {databricks_base.py:501} INFO - Using token auth.
[2024-05-13T04:49:03.659+0000] {taskinstance.py:441} INFO - ::group::Post task execution logs
[2024-05-13T04:49:03.668+0000] {taskinstance.py:2890} ERROR - Task failed with exception
Traceback (most recent call last):
  File "/home/airflow/.local/lib/python3.9/site-packages/airflow/models/taskinstance.py", line 465, in _execute_task
    result = _execute_callable(context=context, **execute_callable_kwargs)
  File "/home/airflow/.local/lib/python3.9/site-packages/airflow/models/taskinstance.py", line 432, in _execute_callable
    return execute_callable(context=context, **execute_callable_kwargs)
  File "/home/airflow/.local/lib/python3.9/site-packages/airflow/models/baseoperator.py", line 400, in wrapper
    return func(self, *args, **kwargs)
  File "/home/airflow/.local/lib/python3.9/site-packages/airflow/providers/databricks/operators/databricks.py", line 858, in execute
    _handle_databricks_operator_execution(self, hook, self.log, context)
  File "/home/airflow/.local/lib/python3.9/site-packages/airflow/providers/databricks/operators/databricks.py", line 107, in _handle_databricks_operator_execution
    raise AirflowException(error_message)
airflow.exceptions.AirflowException: Create_presentation_schema_spark_SQL.DDL_presentation_schema failed with terminal state: {'life_cycle_state': 'INTERNAL_ERROR', 'result_state': 'FAILED', 'state_message': 'Task DDL_presentation failed with message: Workload failed, see run output for details. This caused all downstream tasks to get skipped.'} and with the error [PARSE_SYNTAX_ERROR] Syntax error at or near end of input. SQLSTATE: 42601
[2024-05-13T04:49:03.677+0000] {taskinstance.py:1205} INFO - Marking task as UP_FOR_RETRY. dag_id=customer_transactions_pipeline, task_id=Create_presentation_schema_spark_SQL.DDL_presentation_schema, execution_date=20240513T044513, start_date=20240513T044831, end_date=20240513T044903
[2024-05-13T04:49:03.689+0000] {standard_task_runner.py:110} ERROR - Failed to execute job 75 for task Create_presentation_schema_spark_SQL.DDL_presentation_schema (Create_presentation_schema_spark_SQL.DDL_presentation_schema failed with terminal state: {'life_cycle_state': 'INTERNAL_ERROR', 'result_state': 'FAILED', 'state_message': 'Task DDL_presentation failed with message: Workload failed, see run output for details. This caused all downstream tasks to get skipped.'} and with the error [PARSE_SYNTAX_ERROR] Syntax error at or near end of input. SQLSTATE: 42601; 12556)
[2024-05-13T04:49:03.712+0000] {local_task_job_runner.py:240} INFO - Task exited with return code 1
[2024-05-13T04:49:03.735+0000] {taskinstance.py:3482} INFO - 0 downstream tasks scheduled from follow-on schedule check
[2024-05-13T04:49:03.785+0000] {local_task_job_runner.py:222} INFO - ::endgroup::
