[2024-05-12T12:19:07.956+0000] {local_task_job_runner.py:120} INFO - ::group::Pre task execution logs
[2024-05-12T12:19:07.979+0000] {taskinstance.py:2073} INFO - Dependencies all met for dep_context=non-requeueable deps ti=<TaskInstance: customer_transactions_pipeline.extract_load_fivetran.MongoDB_to_AzureStorage scheduled__2024-05-03T02:00:00+00:00 [queued]>
[2024-05-12T12:19:07.994+0000] {taskinstance.py:2073} INFO - Dependencies all met for dep_context=requeueable deps ti=<TaskInstance: customer_transactions_pipeline.extract_load_fivetran.MongoDB_to_AzureStorage scheduled__2024-05-03T02:00:00+00:00 [queued]>
[2024-05-12T12:19:07.995+0000] {taskinstance.py:2303} INFO - Starting attempt 1 of 3
[2024-05-12T12:19:08.014+0000] {taskinstance.py:2327} INFO - Executing <Task(FivetranOperator): extract_load_fivetran.MongoDB_to_AzureStorage> on 2024-05-03 02:00:00+00:00
[2024-05-12T12:19:08.018+0000] {standard_task_runner.py:63} INFO - Started process 2155 to run task
[2024-05-12T12:19:08.020+0000] {standard_task_runner.py:90} INFO - Running: ['airflow', 'tasks', 'run', 'customer_transactions_pipeline', 'extract_load_fivetran.MongoDB_to_AzureStorage', 'scheduled__2024-05-03T02:00:00+00:00', '--job-id', '13', '--raw', '--subdir', 'DAGS_FOLDER/dag.py', '--cfg-path', '/tmp/tmpxz0bx68a']
[2024-05-12T12:19:08.025+0000] {standard_task_runner.py:91} INFO - Job 13: Subtask extract_load_fivetran.MongoDB_to_AzureStorage
[2024-05-12T12:19:08.092+0000] {task_command.py:426} INFO - Running <TaskInstance: customer_transactions_pipeline.extract_load_fivetran.MongoDB_to_AzureStorage scheduled__2024-05-03T02:00:00+00:00 [running]> on host f5da772b0226
[2024-05-12T12:19:08.210+0000] {taskinstance.py:2644} INFO - Exporting env vars: AIRFLOW_CTX_DAG_EMAIL='mm22@gmail.com' AIRFLOW_CTX_DAG_OWNER='ct' AIRFLOW_CTX_DAG_ID='customer_transactions_pipeline' AIRFLOW_CTX_TASK_ID='extract_load_fivetran.MongoDB_to_AzureStorage' AIRFLOW_CTX_EXECUTION_DATE='2024-05-03T02:00:00+00:00' AIRFLOW_CTX_TRY_NUMBER='1' AIRFLOW_CTX_DAG_RUN_ID='scheduled__2024-05-03T02:00:00+00:00'
[2024-05-12T12:19:08.210+0000] {taskinstance.py:430} INFO - ::endgroup::
[2024-05-12T12:19:08.263+0000] {base.py:84} INFO - Using connection ID 'fivetran_default' for task execution.
[2024-05-12T12:19:09.107+0000] {taskinstance.py:441} INFO - ::group::Post task execution logs
[2024-05-12T12:19:09.119+0000] {taskinstance.py:2890} ERROR - Task failed with exception
Traceback (most recent call last):
  File "/home/airflow/.local/lib/python3.9/site-packages/airflow/models/taskinstance.py", line 465, in _execute_task
    result = _execute_callable(context=context, **execute_callable_kwargs)
  File "/home/airflow/.local/lib/python3.9/site-packages/airflow/models/taskinstance.py", line 432, in _execute_callable
    return execute_callable(context=context, **execute_callable_kwargs)
  File "/home/airflow/.local/lib/python3.9/site-packages/airflow/models/baseoperator.py", line 400, in wrapper
    return func(self, *args, **kwargs)
  File "/home/airflow/.local/lib/python3.9/site-packages/fivetran_provider_async/operators.py", line 102, in execute
    hook.prep_connector(self.connector_id, self.schedule_type)
  File "/home/airflow/.local/lib/python3.9/site-packages/fivetran_provider_async/hooks.py", line 346, in prep_connector
    connector_details = self.check_connector(connector_id)
  File "/home/airflow/.local/lib/python3.9/site-packages/fivetran_provider_async/hooks.py", line 315, in check_connector
    raise AirflowException(
airflow.exceptions.AirflowException: Fivetran connector "rescue_aerobics" not correctly configured, status: broken
Please see: https://fivetran.com/dashboard/connectors/mongo/mongo/setup
[2024-05-12T12:19:09.124+0000] {taskinstance.py:1205} INFO - Marking task as UP_FOR_RETRY. dag_id=customer_transactions_pipeline, task_id=extract_load_fivetran.MongoDB_to_AzureStorage, execution_date=20240503T020000, start_date=20240512T121907, end_date=20240512T121909
[2024-05-12T12:19:09.135+0000] {standard_task_runner.py:110} ERROR - Failed to execute job 13 for task extract_load_fivetran.MongoDB_to_AzureStorage (Fivetran connector "rescue_aerobics" not correctly configured, status: broken
Please see: https://fivetran.com/dashboard/connectors/mongo/mongo/setup; 2155)
[2024-05-12T12:19:09.158+0000] {local_task_job_runner.py:240} INFO - Task exited with return code 1
[2024-05-12T12:19:09.200+0000] {taskinstance.py:3482} INFO - 0 downstream tasks scheduled from follow-on schedule check
[2024-05-12T12:19:09.202+0000] {local_task_job_runner.py:222} INFO - ::endgroup::
[2024-05-12T12:40:17.216+0000] {local_task_job_runner.py:120} INFO - ::group::Pre task execution logs
[2024-05-12T12:40:17.242+0000] {taskinstance.py:2073} INFO - Dependencies all met for dep_context=non-requeueable deps ti=<TaskInstance: customer_transactions_pipeline.extract_load_fivetran.MongoDB_to_AzureStorage scheduled__2024-05-03T02:00:00+00:00 [queued]>
[2024-05-12T12:40:17.256+0000] {taskinstance.py:2073} INFO - Dependencies all met for dep_context=requeueable deps ti=<TaskInstance: customer_transactions_pipeline.extract_load_fivetran.MongoDB_to_AzureStorage scheduled__2024-05-03T02:00:00+00:00 [queued]>
[2024-05-12T12:40:17.256+0000] {taskinstance.py:2303} INFO - Starting attempt 1 of 3
[2024-05-12T12:40:17.274+0000] {taskinstance.py:2327} INFO - Executing <Task(FivetranOperator): extract_load_fivetran.MongoDB_to_AzureStorage> on 2024-05-03 02:00:00+00:00
[2024-05-12T12:40:17.281+0000] {standard_task_runner.py:63} INFO - Started process 2657 to run task
[2024-05-12T12:40:17.298+0000] {standard_task_runner.py:90} INFO - Running: ['airflow', 'tasks', 'run', 'customer_transactions_pipeline', 'extract_load_fivetran.MongoDB_to_AzureStorage', 'scheduled__2024-05-03T02:00:00+00:00', '--job-id', '27', '--raw', '--subdir', 'DAGS_FOLDER/dag.py', '--cfg-path', '/tmp/tmppuu1jc7l']
[2024-05-12T12:40:17.305+0000] {standard_task_runner.py:91} INFO - Job 27: Subtask extract_load_fivetran.MongoDB_to_AzureStorage
[2024-05-12T12:40:17.491+0000] {task_command.py:426} INFO - Running <TaskInstance: customer_transactions_pipeline.extract_load_fivetran.MongoDB_to_AzureStorage scheduled__2024-05-03T02:00:00+00:00 [running]> on host f5da772b0226
[2024-05-12T12:40:17.619+0000] {taskinstance.py:2644} INFO - Exporting env vars: AIRFLOW_CTX_DAG_EMAIL='mm22@gmail.com' AIRFLOW_CTX_DAG_OWNER='ct' AIRFLOW_CTX_DAG_ID='customer_transactions_pipeline' AIRFLOW_CTX_TASK_ID='extract_load_fivetran.MongoDB_to_AzureStorage' AIRFLOW_CTX_EXECUTION_DATE='2024-05-03T02:00:00+00:00' AIRFLOW_CTX_TRY_NUMBER='1' AIRFLOW_CTX_DAG_RUN_ID='scheduled__2024-05-03T02:00:00+00:00'
[2024-05-12T12:40:17.619+0000] {taskinstance.py:430} INFO - ::endgroup::
[2024-05-12T12:40:17.644+0000] {base.py:84} INFO - Using connection ID 'fivetran_default' for task execution.
[2024-05-12T12:40:18.778+0000] {hooks.py:320} INFO - Connector type: mongo, connector schema: mongo
[2024-05-12T12:40:18.779+0000] {hooks.py:321} INFO - Connectors logs at https://fivetran.com/dashboard/connectors/mongo/mongo/logs
[2024-05-12T12:40:22.193+0000] {hooks.py:487} INFO - Connector rescue_aerobics: sync_state = scheduled
[2024-05-12T12:40:22.195+0000] {taskinstance.py:441} INFO - ::group::Post task execution logs
[2024-05-12T12:40:22.197+0000] {crypto.py:82} WARNING - empty cryptography key - values will not be stored encrypted.
[2024-05-12T12:40:22.211+0000] {taskinstance.py:2486} INFO - Pausing task as DEFERRED. dag_id=customer_transactions_pipeline, task_id=extract_load_fivetran.MongoDB_to_AzureStorage, execution_date=20240503T020000, start_date=20240512T124017
[2024-05-12T12:40:22.246+0000] {local_task_job_runner.py:237} INFO - Task exited with return code 100 (task deferral)
[2024-05-12T12:40:22.247+0000] {local_task_job_runner.py:222} INFO - ::endgroup::
[2024-05-12T12:44:21.720+0000] {local_task_job_runner.py:120} INFO - ::group::Pre task execution logs
[2024-05-12T12:44:21.741+0000] {taskinstance.py:2073} INFO - Dependencies all met for dep_context=non-requeueable deps ti=<TaskInstance: customer_transactions_pipeline.extract_load_fivetran.MongoDB_to_AzureStorage scheduled__2024-05-03T02:00:00+00:00 [queued]>
[2024-05-12T12:44:21.753+0000] {taskinstance.py:2073} INFO - Dependencies all met for dep_context=requeueable deps ti=<TaskInstance: customer_transactions_pipeline.extract_load_fivetran.MongoDB_to_AzureStorage scheduled__2024-05-03T02:00:00+00:00 [queued]>
[2024-05-12T12:44:21.753+0000] {taskinstance.py:2303} INFO - Starting attempt 1 of 3
[2024-05-12T12:44:21.772+0000] {taskinstance.py:2327} INFO - Executing <Task(FivetranOperator): extract_load_fivetran.MongoDB_to_AzureStorage> on 2024-05-03 02:00:00+00:00
[2024-05-12T12:44:21.776+0000] {standard_task_runner.py:63} INFO - Started process 2754 to run task
[2024-05-12T12:44:21.781+0000] {standard_task_runner.py:90} INFO - Running: ['airflow', 'tasks', 'run', 'customer_transactions_pipeline', 'extract_load_fivetran.MongoDB_to_AzureStorage', 'scheduled__2024-05-03T02:00:00+00:00', '--job-id', '33', '--raw', '--subdir', 'DAGS_FOLDER/dag.py', '--cfg-path', '/tmp/tmp1vt116ip']
[2024-05-12T12:44:21.785+0000] {standard_task_runner.py:91} INFO - Job 33: Subtask extract_load_fivetran.MongoDB_to_AzureStorage
[2024-05-12T12:44:21.858+0000] {task_command.py:426} INFO - Running <TaskInstance: customer_transactions_pipeline.extract_load_fivetran.MongoDB_to_AzureStorage scheduled__2024-05-03T02:00:00+00:00 [running]> on host f5da772b0226
[2024-05-12T12:44:21.977+0000] {taskinstance.py:2644} INFO - Exporting env vars: AIRFLOW_CTX_DAG_EMAIL='mm22@gmail.com' AIRFLOW_CTX_DAG_OWNER='ct' AIRFLOW_CTX_DAG_ID='customer_transactions_pipeline' AIRFLOW_CTX_TASK_ID='extract_load_fivetran.MongoDB_to_AzureStorage' AIRFLOW_CTX_EXECUTION_DATE='2024-05-03T02:00:00+00:00' AIRFLOW_CTX_TRY_NUMBER='1' AIRFLOW_CTX_DAG_RUN_ID='scheduled__2024-05-03T02:00:00+00:00'
[2024-05-12T12:44:21.978+0000] {taskinstance.py:430} INFO - ::endgroup::
[2024-05-12T12:44:22.004+0000] {base.py:84} INFO - Using connection ID 'fivetran_default' for task execution.
[2024-05-12T12:44:22.675+0000] {hooks.py:320} INFO - Connector type: mongo, connector schema: mongo
[2024-05-12T12:44:22.676+0000] {hooks.py:321} INFO - Connectors logs at https://fivetran.com/dashboard/connectors/mongo/mongo/logs
[2024-05-12T12:44:25.923+0000] {hooks.py:487} INFO - Connector rescue_aerobics: sync_state = scheduled
[2024-05-12T12:44:25.927+0000] {taskinstance.py:441} INFO - ::group::Post task execution logs
[2024-05-12T12:44:25.930+0000] {crypto.py:82} WARNING - empty cryptography key - values will not be stored encrypted.
[2024-05-12T12:44:25.948+0000] {taskinstance.py:2486} INFO - Pausing task as DEFERRED. dag_id=customer_transactions_pipeline, task_id=extract_load_fivetran.MongoDB_to_AzureStorage, execution_date=20240503T020000, start_date=20240512T124421
[2024-05-12T12:44:26.016+0000] {local_task_job_runner.py:237} INFO - Task exited with return code 100 (task deferral)
[2024-05-12T12:44:26.017+0000] {local_task_job_runner.py:222} INFO - ::endgroup::
[2024-05-12T12:45:17.356+0000] {local_task_job_runner.py:120} INFO - ::group::Pre task execution logs
[2024-05-12T12:45:17.374+0000] {taskinstance.py:2073} INFO - Dependencies all met for dep_context=non-requeueable deps ti=<TaskInstance: customer_transactions_pipeline.extract_load_fivetran.MongoDB_to_AzureStorage scheduled__2024-05-03T02:00:00+00:00 [queued]>
[2024-05-12T12:45:17.381+0000] {taskinstance.py:2073} INFO - Dependencies all met for dep_context=requeueable deps ti=<TaskInstance: customer_transactions_pipeline.extract_load_fivetran.MongoDB_to_AzureStorage scheduled__2024-05-03T02:00:00+00:00 [queued]>
[2024-05-12T12:45:17.382+0000] {taskinstance.py:2301} INFO - Resuming after deferral
[2024-05-12T12:45:17.398+0000] {taskinstance.py:2327} INFO - Executing <Task(FivetranOperator): extract_load_fivetran.MongoDB_to_AzureStorage> on 2024-05-03 02:00:00+00:00
[2024-05-12T12:45:17.402+0000] {standard_task_runner.py:63} INFO - Started process 2788 to run task
[2024-05-12T12:45:17.404+0000] {standard_task_runner.py:90} INFO - Running: ['airflow', 'tasks', 'run', 'customer_transactions_pipeline', 'extract_load_fivetran.MongoDB_to_AzureStorage', 'scheduled__2024-05-03T02:00:00+00:00', '--job-id', '40', '--raw', '--subdir', 'DAGS_FOLDER/dag.py', '--cfg-path', '/tmp/tmp3bn872u2']
[2024-05-12T12:45:17.406+0000] {standard_task_runner.py:91} INFO - Job 40: Subtask extract_load_fivetran.MongoDB_to_AzureStorage
[2024-05-12T12:45:17.453+0000] {task_command.py:426} INFO - Running <TaskInstance: customer_transactions_pipeline.extract_load_fivetran.MongoDB_to_AzureStorage scheduled__2024-05-03T02:00:00+00:00 [running]> on host f5da772b0226
[2024-05-12T12:45:17.526+0000] {taskinstance.py:430} INFO - ::endgroup::
[2024-05-12T12:45:17.526+0000] {operators.py:172} INFO - Fivetran connector rescue_aerobics finished syncing at 2024-05-12 12:45:00.192000+00:00
[2024-05-12T12:45:17.527+0000] {taskinstance.py:441} INFO - ::group::Post task execution logs
[2024-05-12T12:45:17.558+0000] {taskinstance.py:1205} INFO - Marking task as SUCCESS. dag_id=customer_transactions_pipeline, task_id=extract_load_fivetran.MongoDB_to_AzureStorage, execution_date=20240503T020000, start_date=20240512T124421, end_date=20240512T124517
[2024-05-12T12:45:17.618+0000] {local_task_job_runner.py:240} INFO - Task exited with return code 0
[2024-05-12T12:45:17.647+0000] {taskinstance.py:3482} INFO - 0 downstream tasks scheduled from follow-on schedule check
[2024-05-12T12:45:17.651+0000] {local_task_job_runner.py:222} INFO - ::endgroup::
[2024-05-12T12:53:39.136+0000] {local_task_job_runner.py:120} INFO - ::group::Pre task execution logs
[2024-05-12T12:53:39.155+0000] {taskinstance.py:2073} INFO - Dependencies all met for dep_context=non-requeueable deps ti=<TaskInstance: customer_transactions_pipeline.extract_load_fivetran.MongoDB_to_AzureStorage scheduled__2024-05-03T02:00:00+00:00 [queued]>
[2024-05-12T12:53:39.164+0000] {taskinstance.py:2073} INFO - Dependencies all met for dep_context=requeueable deps ti=<TaskInstance: customer_transactions_pipeline.extract_load_fivetran.MongoDB_to_AzureStorage scheduled__2024-05-03T02:00:00+00:00 [queued]>
[2024-05-12T12:53:39.165+0000] {taskinstance.py:2303} INFO - Starting attempt 1 of 2
[2024-05-12T12:53:39.181+0000] {taskinstance.py:2327} INFO - Executing <Task(FivetranOperator): extract_load_fivetran.MongoDB_to_AzureStorage> on 2024-05-03 02:00:00+00:00
[2024-05-12T12:53:39.185+0000] {standard_task_runner.py:63} INFO - Started process 2979 to run task
[2024-05-12T12:53:39.188+0000] {standard_task_runner.py:90} INFO - Running: ['airflow', 'tasks', 'run', 'customer_transactions_pipeline', 'extract_load_fivetran.MongoDB_to_AzureStorage', 'scheduled__2024-05-03T02:00:00+00:00', '--job-id', '45', '--raw', '--subdir', 'DAGS_FOLDER/dag.py', '--cfg-path', '/tmp/tmpy8p2170c']
[2024-05-12T12:53:39.190+0000] {standard_task_runner.py:91} INFO - Job 45: Subtask extract_load_fivetran.MongoDB_to_AzureStorage
[2024-05-12T12:53:39.246+0000] {task_command.py:426} INFO - Running <TaskInstance: customer_transactions_pipeline.extract_load_fivetran.MongoDB_to_AzureStorage scheduled__2024-05-03T02:00:00+00:00 [running]> on host f5da772b0226
[2024-05-12T12:53:39.336+0000] {taskinstance.py:2644} INFO - Exporting env vars: AIRFLOW_CTX_DAG_EMAIL='mm22@gmail.com' AIRFLOW_CTX_DAG_OWNER='ct' AIRFLOW_CTX_DAG_ID='customer_transactions_pipeline' AIRFLOW_CTX_TASK_ID='extract_load_fivetran.MongoDB_to_AzureStorage' AIRFLOW_CTX_EXECUTION_DATE='2024-05-03T02:00:00+00:00' AIRFLOW_CTX_TRY_NUMBER='1' AIRFLOW_CTX_DAG_RUN_ID='scheduled__2024-05-03T02:00:00+00:00'
[2024-05-12T12:53:39.338+0000] {taskinstance.py:430} INFO - ::endgroup::
[2024-05-12T12:53:39.365+0000] {base.py:84} INFO - Using connection ID 'fivetran_default' for task execution.
[2024-05-12T12:53:40.157+0000] {hooks.py:320} INFO - Connector type: mongo, connector schema: mongo
[2024-05-12T12:53:40.158+0000] {hooks.py:321} INFO - Connectors logs at https://fivetran.com/dashboard/connectors/mongo/mongo/logs
[2024-05-12T12:53:43.358+0000] {hooks.py:487} INFO - Connector rescue_aerobics: sync_state = scheduled
[2024-05-12T12:53:43.359+0000] {taskinstance.py:441} INFO - ::group::Post task execution logs
[2024-05-12T12:53:43.360+0000] {crypto.py:82} WARNING - empty cryptography key - values will not be stored encrypted.
[2024-05-12T12:53:43.366+0000] {taskinstance.py:2486} INFO - Pausing task as DEFERRED. dag_id=customer_transactions_pipeline, task_id=extract_load_fivetran.MongoDB_to_AzureStorage, execution_date=20240503T020000, start_date=20240512T125339
[2024-05-12T12:53:43.418+0000] {local_task_job_runner.py:237} INFO - Task exited with return code 100 (task deferral)
[2024-05-12T12:53:43.419+0000] {local_task_job_runner.py:222} INFO - ::endgroup::
[2024-05-12T12:54:34.391+0000] {local_task_job_runner.py:120} INFO - ::group::Pre task execution logs
[2024-05-12T12:54:34.411+0000] {taskinstance.py:2073} INFO - Dependencies all met for dep_context=non-requeueable deps ti=<TaskInstance: customer_transactions_pipeline.extract_load_fivetran.MongoDB_to_AzureStorage scheduled__2024-05-03T02:00:00+00:00 [queued]>
[2024-05-12T12:54:34.422+0000] {taskinstance.py:2073} INFO - Dependencies all met for dep_context=requeueable deps ti=<TaskInstance: customer_transactions_pipeline.extract_load_fivetran.MongoDB_to_AzureStorage scheduled__2024-05-03T02:00:00+00:00 [queued]>
[2024-05-12T12:54:34.422+0000] {taskinstance.py:2301} INFO - Resuming after deferral
[2024-05-12T12:54:34.437+0000] {taskinstance.py:2327} INFO - Executing <Task(FivetranOperator): extract_load_fivetran.MongoDB_to_AzureStorage> on 2024-05-03 02:00:00+00:00
[2024-05-12T12:54:34.441+0000] {standard_task_runner.py:63} INFO - Started process 3009 to run task
[2024-05-12T12:54:34.445+0000] {standard_task_runner.py:90} INFO - Running: ['airflow', 'tasks', 'run', 'customer_transactions_pipeline', 'extract_load_fivetran.MongoDB_to_AzureStorage', 'scheduled__2024-05-03T02:00:00+00:00', '--job-id', '49', '--raw', '--subdir', 'DAGS_FOLDER/dag.py', '--cfg-path', '/tmp/tmphz2isis7']
[2024-05-12T12:54:34.447+0000] {standard_task_runner.py:91} INFO - Job 49: Subtask extract_load_fivetran.MongoDB_to_AzureStorage
[2024-05-12T12:54:34.496+0000] {task_command.py:426} INFO - Running <TaskInstance: customer_transactions_pipeline.extract_load_fivetran.MongoDB_to_AzureStorage scheduled__2024-05-03T02:00:00+00:00 [running]> on host f5da772b0226
[2024-05-12T12:54:34.562+0000] {taskinstance.py:430} INFO - ::endgroup::
[2024-05-12T12:54:34.563+0000] {operators.py:172} INFO - Fivetran connector rescue_aerobics finished syncing at 2024-05-12 12:54:18.991000+00:00
[2024-05-12T12:54:34.563+0000] {taskinstance.py:441} INFO - ::group::Post task execution logs
[2024-05-12T12:54:34.585+0000] {taskinstance.py:1205} INFO - Marking task as SUCCESS. dag_id=customer_transactions_pipeline, task_id=extract_load_fivetran.MongoDB_to_AzureStorage, execution_date=20240503T020000, start_date=20240512T125339, end_date=20240512T125434
[2024-05-12T12:54:34.617+0000] {local_task_job_runner.py:240} INFO - Task exited with return code 0
[2024-05-12T12:54:34.633+0000] {taskinstance.py:3482} INFO - 0 downstream tasks scheduled from follow-on schedule check
[2024-05-12T12:54:34.636+0000] {local_task_job_runner.py:222} INFO - ::endgroup::
