[2024-05-12T12:39:27.600+0000] {local_task_job_runner.py:120} INFO - ::group::Pre task execution logs
[2024-05-12T12:39:27.621+0000] {taskinstance.py:2073} INFO - Dependencies all met for dep_context=non-requeueable deps ti=<TaskInstance: customer_transactions_pipeline.extract_load_fivetran.MongoDB_to_AzureStorage scheduled__2024-05-03T02:00:00+00:00 [queued]>
[2024-05-12T12:39:27.636+0000] {taskinstance.py:2073} INFO - Dependencies all met for dep_context=requeueable deps ti=<TaskInstance: customer_transactions_pipeline.extract_load_fivetran.MongoDB_to_AzureStorage scheduled__2024-05-03T02:00:00+00:00 [queued]>
[2024-05-12T12:39:27.637+0000] {taskinstance.py:2303} INFO - Starting attempt 3 of 3
[2024-05-12T12:39:27.656+0000] {taskinstance.py:2327} INFO - Executing <Task(FivetranOperator): extract_load_fivetran.MongoDB_to_AzureStorage> on 2024-05-03 02:00:00+00:00
[2024-05-12T12:39:27.661+0000] {standard_task_runner.py:63} INFO - Started process 2627 to run task
[2024-05-12T12:39:27.666+0000] {standard_task_runner.py:90} INFO - Running: ['airflow', 'tasks', 'run', 'customer_transactions_pipeline', 'extract_load_fivetran.MongoDB_to_AzureStorage', 'scheduled__2024-05-03T02:00:00+00:00', '--job-id', '23', '--raw', '--subdir', 'DAGS_FOLDER/dag.py', '--cfg-path', '/tmp/tmph6vjndju']
[2024-05-12T12:39:27.668+0000] {standard_task_runner.py:91} INFO - Job 23: Subtask extract_load_fivetran.MongoDB_to_AzureStorage
[2024-05-12T12:39:27.733+0000] {task_command.py:426} INFO - Running <TaskInstance: customer_transactions_pipeline.extract_load_fivetran.MongoDB_to_AzureStorage scheduled__2024-05-03T02:00:00+00:00 [running]> on host f5da772b0226
[2024-05-12T12:39:27.855+0000] {taskinstance.py:2644} INFO - Exporting env vars: AIRFLOW_CTX_DAG_EMAIL='mm22@gmail.com' AIRFLOW_CTX_DAG_OWNER='ct' AIRFLOW_CTX_DAG_ID='customer_transactions_pipeline' AIRFLOW_CTX_TASK_ID='extract_load_fivetran.MongoDB_to_AzureStorage' AIRFLOW_CTX_EXECUTION_DATE='2024-05-03T02:00:00+00:00' AIRFLOW_CTX_TRY_NUMBER='3' AIRFLOW_CTX_DAG_RUN_ID='scheduled__2024-05-03T02:00:00+00:00'
[2024-05-12T12:39:27.856+0000] {taskinstance.py:430} INFO - ::endgroup::
[2024-05-12T12:39:27.882+0000] {base.py:84} INFO - Using connection ID 'fivetran_default' for task execution.
[2024-05-12T12:39:28.685+0000] {hooks.py:320} INFO - Connector type: mongo, connector schema: mongo
[2024-05-12T12:39:28.686+0000] {hooks.py:321} INFO - Connectors logs at https://fivetran.com/dashboard/connectors/mongo/mongo/logs
[2024-05-12T12:39:32.912+0000] {hooks.py:487} INFO - Connector rescue_aerobics: sync_state = syncing
[2024-05-12T12:39:32.915+0000] {taskinstance.py:441} INFO - ::group::Post task execution logs
[2024-05-12T12:39:32.918+0000] {crypto.py:82} WARNING - empty cryptography key - values will not be stored encrypted.
[2024-05-12T12:39:32.936+0000] {taskinstance.py:2486} INFO - Pausing task as DEFERRED. dag_id=customer_transactions_pipeline, task_id=extract_load_fivetran.MongoDB_to_AzureStorage, execution_date=20240503T020000, start_date=20240512T123927
[2024-05-12T12:39:32.984+0000] {local_task_job_runner.py:237} INFO - Task exited with return code 100 (task deferral)
[2024-05-12T12:39:32.984+0000] {local_task_job_runner.py:222} INFO - ::endgroup::
