[2024-05-13T04:45:15.555+0000] {local_task_job_runner.py:120} INFO - ::group::Pre task execution logs
[2024-05-13T04:45:15.576+0000] {taskinstance.py:2073} INFO - Dependencies all met for dep_context=non-requeueable deps ti=<TaskInstance: customer_transactions_pipeline.Ingestion_Fivetran.wait_for_ingestion manual__2024-05-13T04:45:13.871143+00:00 [queued]>
[2024-05-13T04:45:15.586+0000] {taskinstance.py:2073} INFO - Dependencies all met for dep_context=requeueable deps ti=<TaskInstance: customer_transactions_pipeline.Ingestion_Fivetran.wait_for_ingestion manual__2024-05-13T04:45:13.871143+00:00 [queued]>
[2024-05-13T04:45:15.587+0000] {taskinstance.py:2303} INFO - Starting attempt 1 of 2
[2024-05-13T04:45:15.609+0000] {taskinstance.py:2327} INFO - Executing <Task(FivetranSensor): Ingestion_Fivetran.wait_for_ingestion> on 2024-05-13 04:45:13.871143+00:00
[2024-05-13T04:45:15.618+0000] {standard_task_runner.py:63} INFO - Started process 12456 to run task
[2024-05-13T04:45:15.628+0000] {standard_task_runner.py:90} INFO - Running: ['airflow', 'tasks', 'run', 'customer_transactions_pipeline', 'Ingestion_Fivetran.wait_for_ingestion', 'manual__2024-05-13T04:45:13.871143+00:00', '--job-id', '57', '--raw', '--subdir', 'DAGS_FOLDER/dag.py', '--cfg-path', '/tmp/tmpx3bwx_he']
[2024-05-13T04:45:15.638+0000] {standard_task_runner.py:91} INFO - Job 57: Subtask Ingestion_Fivetran.wait_for_ingestion
[2024-05-13T04:45:15.802+0000] {task_command.py:426} INFO - Running <TaskInstance: customer_transactions_pipeline.Ingestion_Fivetran.wait_for_ingestion manual__2024-05-13T04:45:13.871143+00:00 [running]> on host f5da772b0226
[2024-05-13T04:45:15.984+0000] {taskinstance.py:2644} INFO - Exporting env vars: AIRFLOW_CTX_DAG_EMAIL='mm22@gmail.com' AIRFLOW_CTX_DAG_OWNER='ct' AIRFLOW_CTX_DAG_ID='customer_transactions_pipeline' AIRFLOW_CTX_TASK_ID='Ingestion_Fivetran.wait_for_ingestion' AIRFLOW_CTX_EXECUTION_DATE='2024-05-13T04:45:13.871143+00:00' AIRFLOW_CTX_TRY_NUMBER='1' AIRFLOW_CTX_DAG_RUN_ID='manual__2024-05-13T04:45:13.871143+00:00'
[2024-05-13T04:45:15.986+0000] {taskinstance.py:430} INFO - ::endgroup::
[2024-05-13T04:45:16.033+0000] {base.py:84} INFO - Using connection ID 'fivetran_default' for task execution.
[2024-05-13T04:45:17.391+0000] {hooks.py:487} INFO - Connector rescue_aerobics: sync_state = scheduled
[2024-05-13T04:45:17.392+0000] {taskinstance.py:441} INFO - ::group::Post task execution logs
[2024-05-13T04:45:17.393+0000] {crypto.py:82} WARNING - empty cryptography key - values will not be stored encrypted.
[2024-05-13T04:45:17.406+0000] {taskinstance.py:2486} INFO - Pausing task as DEFERRED. dag_id=customer_transactions_pipeline, task_id=Ingestion_Fivetran.wait_for_ingestion, execution_date=20240513T044513, start_date=20240513T044515
[2024-05-13T04:45:17.454+0000] {local_task_job_runner.py:237} INFO - Task exited with return code 100 (task deferral)
[2024-05-13T04:45:17.454+0000] {local_task_job_runner.py:222} INFO - ::endgroup::
[2024-05-13T04:46:21.902+0000] {local_task_job_runner.py:120} INFO - ::group::Pre task execution logs
[2024-05-13T04:46:21.925+0000] {taskinstance.py:2073} INFO - Dependencies all met for dep_context=non-requeueable deps ti=<TaskInstance: customer_transactions_pipeline.Ingestion_Fivetran.wait_for_ingestion manual__2024-05-13T04:45:13.871143+00:00 [queued]>
[2024-05-13T04:46:21.936+0000] {taskinstance.py:2073} INFO - Dependencies all met for dep_context=requeueable deps ti=<TaskInstance: customer_transactions_pipeline.Ingestion_Fivetran.wait_for_ingestion manual__2024-05-13T04:45:13.871143+00:00 [queued]>
[2024-05-13T04:46:21.936+0000] {taskinstance.py:2301} INFO - Resuming after deferral
[2024-05-13T04:46:21.952+0000] {taskinstance.py:2327} INFO - Executing <Task(FivetranSensor): Ingestion_Fivetran.wait_for_ingestion> on 2024-05-13 04:45:13.871143+00:00
[2024-05-13T04:46:21.956+0000] {standard_task_runner.py:63} INFO - Started process 12488 to run task
[2024-05-13T04:46:21.959+0000] {standard_task_runner.py:90} INFO - Running: ['airflow', 'tasks', 'run', 'customer_transactions_pipeline', 'Ingestion_Fivetran.wait_for_ingestion', 'manual__2024-05-13T04:45:13.871143+00:00', '--job-id', '63', '--raw', '--subdir', 'DAGS_FOLDER/dag.py', '--cfg-path', '/tmp/tmpphyqraux']
[2024-05-13T04:46:21.961+0000] {standard_task_runner.py:91} INFO - Job 63: Subtask Ingestion_Fivetran.wait_for_ingestion
[2024-05-13T04:46:22.005+0000] {task_command.py:426} INFO - Running <TaskInstance: customer_transactions_pipeline.Ingestion_Fivetran.wait_for_ingestion manual__2024-05-13T04:45:13.871143+00:00 [running]> on host f5da772b0226
[2024-05-13T04:46:22.069+0000] {taskinstance.py:430} INFO - ::endgroup::
[2024-05-13T04:46:22.070+0000] {sensors.py:221} INFO - Fivetran connector rescue_aerobics finished syncing at 2024-05-13 04:45:53.322000+00:00
[2024-05-13T04:46:22.071+0000] {taskinstance.py:441} INFO - ::group::Post task execution logs
[2024-05-13T04:46:22.080+0000] {taskinstance.py:1205} INFO - Marking task as SUCCESS. dag_id=customer_transactions_pipeline, task_id=Ingestion_Fivetran.wait_for_ingestion, execution_date=20240513T044513, start_date=20240513T044515, end_date=20240513T044622
[2024-05-13T04:46:22.131+0000] {local_task_job_runner.py:240} INFO - Task exited with return code 0
[2024-05-13T04:46:22.177+0000] {taskinstance.py:3482} INFO - 1 downstream tasks scheduled from follow-on schedule check
[2024-05-13T04:46:22.180+0000] {local_task_job_runner.py:222} INFO - ::endgroup::
