[2024-05-13T04:58:00.853+0000] {local_task_job_runner.py:120} INFO - ::group::Pre task execution logs
[2024-05-13T04:58:00.873+0000] {taskinstance.py:2073} INFO - Dependencies all met for dep_context=non-requeueable deps ti=<TaskInstance: customer_transactions_pipeline.Presentation_layer_PySpark.dim_account_transformation scheduled__2024-05-03T02:00:00+00:00 [queued]>
[2024-05-13T04:58:00.882+0000] {taskinstance.py:2073} INFO - Dependencies all met for dep_context=requeueable deps ti=<TaskInstance: customer_transactions_pipeline.Presentation_layer_PySpark.dim_account_transformation scheduled__2024-05-03T02:00:00+00:00 [queued]>
[2024-05-13T04:58:00.882+0000] {taskinstance.py:2303} INFO - Starting attempt 1 of 2
[2024-05-13T04:58:00.896+0000] {taskinstance.py:2327} INFO - Executing <Task(DatabricksRunNowOperator): Presentation_layer_PySpark.dim_account_transformation> on 2024-05-03 02:00:00+00:00
[2024-05-13T04:58:00.900+0000] {standard_task_runner.py:63} INFO - Started process 12811 to run task
[2024-05-13T04:58:00.903+0000] {standard_task_runner.py:90} INFO - Running: ['airflow', 'tasks', 'run', 'customer_transactions_pipeline', 'Presentation_layer_PySpark.dim_account_transformation', 'scheduled__2024-05-03T02:00:00+00:00', '--job-id', '99', '--raw', '--subdir', 'DAGS_FOLDER/dag.py', '--cfg-path', '/tmp/tmpawifz96p']
[2024-05-13T04:58:00.905+0000] {standard_task_runner.py:91} INFO - Job 99: Subtask Presentation_layer_PySpark.dim_account_transformation
[2024-05-13T04:58:00.953+0000] {task_command.py:426} INFO - Running <TaskInstance: customer_transactions_pipeline.Presentation_layer_PySpark.dim_account_transformation scheduled__2024-05-03T02:00:00+00:00 [running]> on host f5da772b0226
[2024-05-13T04:58:01.041+0000] {taskinstance.py:2644} INFO - Exporting env vars: AIRFLOW_CTX_DAG_EMAIL='mm22@gmail.com' AIRFLOW_CTX_DAG_OWNER='ct' AIRFLOW_CTX_DAG_ID='customer_transactions_pipeline' AIRFLOW_CTX_TASK_ID='Presentation_layer_PySpark.dim_account_transformation' AIRFLOW_CTX_EXECUTION_DATE='2024-05-03T02:00:00+00:00' AIRFLOW_CTX_TRY_NUMBER='1' AIRFLOW_CTX_DAG_RUN_ID='scheduled__2024-05-03T02:00:00+00:00'
[2024-05-13T04:58:01.042+0000] {taskinstance.py:430} INFO - ::endgroup::
[2024-05-13T04:58:01.066+0000] {base.py:84} INFO - Using connection ID 'databricks_default' for task execution.
[2024-05-13T04:58:01.068+0000] {databricks_base.py:501} INFO - Using token auth.
[2024-05-13T04:58:01.472+0000] {databricks.py:56} INFO - Run submitted with run_id: 26444840705056
[2024-05-13T04:58:01.472+0000] {databricks_base.py:501} INFO - Using token auth.
[2024-05-13T04:58:01.782+0000] {databricks_base.py:501} INFO - Using token auth.
[2024-05-13T04:58:02.096+0000] {databricks.py:109} INFO - Presentation_layer_PySpark.dim_account_transformation in run state: {'life_cycle_state': 'RUNNING', 'result_state': '', 'state_message': ''}
[2024-05-13T04:58:02.097+0000] {databricks.py:110} INFO - View run status, Spark UI, and logs at https://adb-321042217431130.10.azuredatabricks.net/?o=321042217431130#job/320475408817383/run/26444840705056
[2024-05-13T04:58:02.098+0000] {databricks.py:111} INFO - Sleeping for 30 seconds.
[2024-05-13T04:58:32.128+0000] {databricks_base.py:501} INFO - Using token auth.
[2024-05-13T04:58:32.747+0000] {databricks.py:109} INFO - Presentation_layer_PySpark.dim_account_transformation in run state: {'life_cycle_state': 'RUNNING', 'result_state': '', 'state_message': ''}
[2024-05-13T04:58:32.749+0000] {databricks.py:110} INFO - View run status, Spark UI, and logs at https://adb-321042217431130.10.azuredatabricks.net/?o=321042217431130#job/320475408817383/run/26444840705056
[2024-05-13T04:58:32.749+0000] {databricks.py:111} INFO - Sleeping for 30 seconds.
[2024-05-13T04:59:02.760+0000] {databricks_base.py:501} INFO - Using token auth.
[2024-05-13T04:59:03.058+0000] {databricks.py:67} INFO - Presentation_layer_PySpark.dim_account_transformation completed successfully.
[2024-05-13T04:59:03.059+0000] {databricks.py:68} INFO - View run status, Spark UI, and logs at https://adb-321042217431130.10.azuredatabricks.net/?o=321042217431130#job/320475408817383/run/26444840705056
[2024-05-13T04:59:03.060+0000] {taskinstance.py:441} INFO - ::group::Post task execution logs
[2024-05-13T04:59:03.071+0000] {taskinstance.py:1205} INFO - Marking task as SUCCESS. dag_id=customer_transactions_pipeline, task_id=Presentation_layer_PySpark.dim_account_transformation, execution_date=20240503T020000, start_date=20240513T045800, end_date=20240513T045903
[2024-05-13T04:59:03.110+0000] {local_task_job_runner.py:240} INFO - Task exited with return code 0
[2024-05-13T04:59:03.135+0000] {taskinstance.py:3482} INFO - 1 downstream tasks scheduled from follow-on schedule check
[2024-05-13T04:59:03.138+0000] {local_task_job_runner.py:222} INFO - ::endgroup::
[2024-05-13T06:53:08.702+0000] {local_task_job_runner.py:120} INFO - ::group::Pre task execution logs
[2024-05-13T06:53:08.730+0000] {taskinstance.py:2073} INFO - Dependencies all met for dep_context=non-requeueable deps ti=<TaskInstance: customer_transactions_pipeline.Presentation_layer_PySpark.dim_account_transformation scheduled__2024-05-03T02:00:00+00:00 [queued]>
[2024-05-13T06:53:08.745+0000] {taskinstance.py:2073} INFO - Dependencies all met for dep_context=requeueable deps ti=<TaskInstance: customer_transactions_pipeline.Presentation_layer_PySpark.dim_account_transformation scheduled__2024-05-03T02:00:00+00:00 [queued]>
[2024-05-13T06:53:08.746+0000] {taskinstance.py:2303} INFO - Starting attempt 1 of 2
[2024-05-13T06:53:08.767+0000] {taskinstance.py:2327} INFO - Executing <Task(DatabricksRunNowOperator): Presentation_layer_PySpark.dim_account_transformation> on 2024-05-03 02:00:00+00:00
[2024-05-13T06:53:08.773+0000] {standard_task_runner.py:63} INFO - Started process 15371 to run task
[2024-05-13T06:53:08.777+0000] {standard_task_runner.py:90} INFO - Running: ['airflow', 'tasks', 'run', 'customer_transactions_pipeline', 'Presentation_layer_PySpark.dim_account_transformation', 'scheduled__2024-05-03T02:00:00+00:00', '--job-id', '114', '--raw', '--subdir', 'DAGS_FOLDER/dag.py', '--cfg-path', '/tmp/tmpqetgn6_k']
[2024-05-13T06:53:08.780+0000] {standard_task_runner.py:91} INFO - Job 114: Subtask Presentation_layer_PySpark.dim_account_transformation
[2024-05-13T06:53:08.849+0000] {task_command.py:426} INFO - Running <TaskInstance: customer_transactions_pipeline.Presentation_layer_PySpark.dim_account_transformation scheduled__2024-05-03T02:00:00+00:00 [running]> on host f5da772b0226
[2024-05-13T06:53:08.942+0000] {taskinstance.py:2644} INFO - Exporting env vars: AIRFLOW_CTX_DAG_EMAIL='mm22@gmail.com' AIRFLOW_CTX_DAG_OWNER='ct' AIRFLOW_CTX_DAG_ID='customer_transactions_pipeline' AIRFLOW_CTX_TASK_ID='Presentation_layer_PySpark.dim_account_transformation' AIRFLOW_CTX_EXECUTION_DATE='2024-05-03T02:00:00+00:00' AIRFLOW_CTX_TRY_NUMBER='1' AIRFLOW_CTX_DAG_RUN_ID='scheduled__2024-05-03T02:00:00+00:00'
[2024-05-13T06:53:08.943+0000] {taskinstance.py:430} INFO - ::endgroup::
[2024-05-13T06:53:08.970+0000] {base.py:84} INFO - Using connection ID 'databricks_default' for task execution.
[2024-05-13T06:53:08.972+0000] {databricks_base.py:501} INFO - Using token auth.
[2024-05-13T06:53:09.485+0000] {databricks.py:56} INFO - Run submitted with run_id: 595402008117708
[2024-05-13T06:53:09.486+0000] {databricks_base.py:501} INFO - Using token auth.
[2024-05-13T06:53:09.803+0000] {databricks_base.py:501} INFO - Using token auth.
[2024-05-13T06:53:10.172+0000] {databricks.py:109} INFO - Presentation_layer_PySpark.dim_account_transformation in run state: {'life_cycle_state': 'RUNNING', 'result_state': '', 'state_message': ''}
[2024-05-13T06:53:10.174+0000] {databricks.py:110} INFO - View run status, Spark UI, and logs at https://adb-321042217431130.10.azuredatabricks.net/?o=321042217431130#job/320475408817383/run/595402008117708
[2024-05-13T06:53:10.174+0000] {databricks.py:111} INFO - Sleeping for 30 seconds.
[2024-05-13T06:53:40.201+0000] {databricks_base.py:501} INFO - Using token auth.
[2024-05-13T06:53:40.531+0000] {databricks.py:67} INFO - Presentation_layer_PySpark.dim_account_transformation completed successfully.
[2024-05-13T06:53:40.532+0000] {databricks.py:68} INFO - View run status, Spark UI, and logs at https://adb-321042217431130.10.azuredatabricks.net/?o=321042217431130#job/320475408817383/run/595402008117708
[2024-05-13T06:53:40.532+0000] {taskinstance.py:441} INFO - ::group::Post task execution logs
[2024-05-13T06:53:40.545+0000] {taskinstance.py:1205} INFO - Marking task as SUCCESS. dag_id=customer_transactions_pipeline, task_id=Presentation_layer_PySpark.dim_account_transformation, execution_date=20240503T020000, start_date=20240513T065308, end_date=20240513T065340
[2024-05-13T06:53:40.571+0000] {local_task_job_runner.py:240} INFO - Task exited with return code 0
[2024-05-13T06:53:40.603+0000] {taskinstance.py:3482} INFO - 0 downstream tasks scheduled from follow-on schedule check
[2024-05-13T06:53:40.606+0000] {local_task_job_runner.py:222} INFO - ::endgroup::
