[2024-05-13T04:47:58.732+0000] {local_task_job_runner.py:120} INFO - ::group::Pre task execution logs
[2024-05-13T04:47:58.752+0000] {taskinstance.py:2073} INFO - Dependencies all met for dep_context=non-requeueable deps ti=<TaskInstance: customer_transactions_pipeline.Process_layer_PySpark.customer_processing scheduled__2024-05-03T02:00:00+00:00 [queued]>
[2024-05-13T04:47:58.761+0000] {taskinstance.py:2073} INFO - Dependencies all met for dep_context=requeueable deps ti=<TaskInstance: customer_transactions_pipeline.Process_layer_PySpark.customer_processing scheduled__2024-05-03T02:00:00+00:00 [queued]>
[2024-05-13T04:47:58.761+0000] {taskinstance.py:2303} INFO - Starting attempt 1 of 2
[2024-05-13T04:47:58.776+0000] {taskinstance.py:2327} INFO - Executing <Task(DatabricksRunNowOperator): Process_layer_PySpark.customer_processing> on 2024-05-03 02:00:00+00:00
[2024-05-13T04:47:58.790+0000] {standard_task_runner.py:63} INFO - Started process 12543 to run task
[2024-05-13T04:47:58.795+0000] {standard_task_runner.py:90} INFO - Running: ['airflow', 'tasks', 'run', 'customer_transactions_pipeline', 'Process_layer_PySpark.customer_processing', 'scheduled__2024-05-03T02:00:00+00:00', '--job-id', '74', '--raw', '--subdir', 'DAGS_FOLDER/dag.py', '--cfg-path', '/tmp/tmpnzmqq_c_']
[2024-05-13T04:47:58.798+0000] {standard_task_runner.py:91} INFO - Job 74: Subtask Process_layer_PySpark.customer_processing
[2024-05-13T04:47:58.865+0000] {task_command.py:426} INFO - Running <TaskInstance: customer_transactions_pipeline.Process_layer_PySpark.customer_processing scheduled__2024-05-03T02:00:00+00:00 [running]> on host f5da772b0226
[2024-05-13T04:47:58.962+0000] {taskinstance.py:2644} INFO - Exporting env vars: AIRFLOW_CTX_DAG_EMAIL='mm22@gmail.com' AIRFLOW_CTX_DAG_OWNER='ct' AIRFLOW_CTX_DAG_ID='customer_transactions_pipeline' AIRFLOW_CTX_TASK_ID='Process_layer_PySpark.customer_processing' AIRFLOW_CTX_EXECUTION_DATE='2024-05-03T02:00:00+00:00' AIRFLOW_CTX_TRY_NUMBER='1' AIRFLOW_CTX_DAG_RUN_ID='scheduled__2024-05-03T02:00:00+00:00'
[2024-05-13T04:47:58.963+0000] {taskinstance.py:430} INFO - ::endgroup::
[2024-05-13T04:47:58.992+0000] {base.py:84} INFO - Using connection ID 'databricks_default' for task execution.
[2024-05-13T04:47:58.995+0000] {databricks_base.py:501} INFO - Using token auth.
[2024-05-13T04:47:59.689+0000] {databricks.py:56} INFO - Run submitted with run_id: 297109444127443
[2024-05-13T04:47:59.689+0000] {databricks_base.py:501} INFO - Using token auth.
[2024-05-13T04:48:00.014+0000] {databricks_base.py:501} INFO - Using token auth.
[2024-05-13T04:48:00.352+0000] {databricks.py:109} INFO - Process_layer_PySpark.customer_processing in run state: {'life_cycle_state': 'QUEUED', 'result_state': '', 'state_message': ''}
[2024-05-13T04:48:00.353+0000] {databricks.py:110} INFO - View run status, Spark UI, and logs at https://adb-321042217431130.10.azuredatabricks.net/?o=321042217431130#job/30579280073710/run/297109444127443
[2024-05-13T04:48:00.353+0000] {databricks.py:111} INFO - Sleeping for 30 seconds.
[2024-05-13T04:48:30.383+0000] {databricks_base.py:501} INFO - Using token auth.
[2024-05-13T04:48:30.670+0000] {databricks.py:109} INFO - Process_layer_PySpark.customer_processing in run state: {'life_cycle_state': 'RUNNING', 'result_state': '', 'state_message': ''}
[2024-05-13T04:48:30.671+0000] {databricks.py:110} INFO - View run status, Spark UI, and logs at https://adb-321042217431130.10.azuredatabricks.net/?o=321042217431130#job/30579280073710/run/297109444127443
[2024-05-13T04:48:30.671+0000] {databricks.py:111} INFO - Sleeping for 30 seconds.
[2024-05-13T04:49:00.672+0000] {databricks_base.py:501} INFO - Using token auth.
[2024-05-13T04:49:00.989+0000] {databricks.py:67} INFO - Process_layer_PySpark.customer_processing completed successfully.
[2024-05-13T04:49:00.990+0000] {databricks.py:68} INFO - View run status, Spark UI, and logs at https://adb-321042217431130.10.azuredatabricks.net/?o=321042217431130#job/30579280073710/run/297109444127443
[2024-05-13T04:49:00.990+0000] {taskinstance.py:441} INFO - ::group::Post task execution logs
[2024-05-13T04:49:01.000+0000] {taskinstance.py:1205} INFO - Marking task as SUCCESS. dag_id=customer_transactions_pipeline, task_id=Process_layer_PySpark.customer_processing, execution_date=20240503T020000, start_date=20240513T044758, end_date=20240513T044901
[2024-05-13T04:49:01.044+0000] {local_task_job_runner.py:240} INFO - Task exited with return code 0
[2024-05-13T04:49:01.073+0000] {taskinstance.py:3482} INFO - 1 downstream tasks scheduled from follow-on schedule check
[2024-05-13T04:49:01.188+0000] {local_task_job_runner.py:222} INFO - ::endgroup::
[2024-05-13T04:56:54.800+0000] {local_task_job_runner.py:120} INFO - ::group::Pre task execution logs
[2024-05-13T04:56:54.830+0000] {taskinstance.py:2073} INFO - Dependencies all met for dep_context=non-requeueable deps ti=<TaskInstance: customer_transactions_pipeline.Process_layer_PySpark.customer_processing scheduled__2024-05-03T02:00:00+00:00 [queued]>
[2024-05-13T04:56:54.841+0000] {taskinstance.py:2073} INFO - Dependencies all met for dep_context=requeueable deps ti=<TaskInstance: customer_transactions_pipeline.Process_layer_PySpark.customer_processing scheduled__2024-05-03T02:00:00+00:00 [queued]>
[2024-05-13T04:56:54.842+0000] {taskinstance.py:2303} INFO - Starting attempt 1 of 2
[2024-05-13T04:56:54.860+0000] {taskinstance.py:2327} INFO - Executing <Task(DatabricksRunNowOperator): Process_layer_PySpark.customer_processing> on 2024-05-03 02:00:00+00:00
[2024-05-13T04:56:54.865+0000] {standard_task_runner.py:63} INFO - Started process 12773 to run task
[2024-05-13T04:56:54.868+0000] {standard_task_runner.py:90} INFO - Running: ['airflow', 'tasks', 'run', 'customer_transactions_pipeline', 'Process_layer_PySpark.customer_processing', 'scheduled__2024-05-03T02:00:00+00:00', '--job-id', '91', '--raw', '--subdir', 'DAGS_FOLDER/dag.py', '--cfg-path', '/tmp/tmpn2zjfbdz']
[2024-05-13T04:56:54.870+0000] {standard_task_runner.py:91} INFO - Job 91: Subtask Process_layer_PySpark.customer_processing
[2024-05-13T04:56:54.927+0000] {task_command.py:426} INFO - Running <TaskInstance: customer_transactions_pipeline.Process_layer_PySpark.customer_processing scheduled__2024-05-03T02:00:00+00:00 [running]> on host f5da772b0226
[2024-05-13T04:56:55.011+0000] {taskinstance.py:2644} INFO - Exporting env vars: AIRFLOW_CTX_DAG_EMAIL='mm22@gmail.com' AIRFLOW_CTX_DAG_OWNER='ct' AIRFLOW_CTX_DAG_ID='customer_transactions_pipeline' AIRFLOW_CTX_TASK_ID='Process_layer_PySpark.customer_processing' AIRFLOW_CTX_EXECUTION_DATE='2024-05-03T02:00:00+00:00' AIRFLOW_CTX_TRY_NUMBER='1' AIRFLOW_CTX_DAG_RUN_ID='scheduled__2024-05-03T02:00:00+00:00'
[2024-05-13T04:56:55.012+0000] {taskinstance.py:430} INFO - ::endgroup::
[2024-05-13T04:56:55.036+0000] {base.py:84} INFO - Using connection ID 'databricks_default' for task execution.
[2024-05-13T04:56:55.038+0000] {databricks_base.py:501} INFO - Using token auth.
[2024-05-13T04:56:55.475+0000] {databricks.py:56} INFO - Run submitted with run_id: 9884515042888
[2024-05-13T04:56:55.475+0000] {databricks_base.py:501} INFO - Using token auth.
[2024-05-13T04:56:55.796+0000] {databricks_base.py:501} INFO - Using token auth.
[2024-05-13T04:56:56.117+0000] {databricks.py:109} INFO - Process_layer_PySpark.customer_processing in run state: {'life_cycle_state': 'RUNNING', 'result_state': '', 'state_message': ''}
[2024-05-13T04:56:56.118+0000] {databricks.py:110} INFO - View run status, Spark UI, and logs at https://adb-321042217431130.10.azuredatabricks.net/?o=321042217431130#job/30579280073710/run/9884515042888
[2024-05-13T04:56:56.119+0000] {databricks.py:111} INFO - Sleeping for 30 seconds.
[2024-05-13T04:57:26.123+0000] {databricks_base.py:501} INFO - Using token auth.
[2024-05-13T04:57:26.469+0000] {databricks.py:67} INFO - Process_layer_PySpark.customer_processing completed successfully.
[2024-05-13T04:57:26.471+0000] {databricks.py:68} INFO - View run status, Spark UI, and logs at https://adb-321042217431130.10.azuredatabricks.net/?o=321042217431130#job/30579280073710/run/9884515042888
[2024-05-13T04:57:26.472+0000] {taskinstance.py:441} INFO - ::group::Post task execution logs
[2024-05-13T04:57:26.491+0000] {taskinstance.py:1205} INFO - Marking task as SUCCESS. dag_id=customer_transactions_pipeline, task_id=Process_layer_PySpark.customer_processing, execution_date=20240503T020000, start_date=20240513T045654, end_date=20240513T045726
[2024-05-13T04:57:26.521+0000] {local_task_job_runner.py:240} INFO - Task exited with return code 0
[2024-05-13T04:57:26.561+0000] {taskinstance.py:3482} INFO - 1 downstream tasks scheduled from follow-on schedule check
[2024-05-13T04:57:26.568+0000] {local_task_job_runner.py:222} INFO - ::endgroup::
[2024-05-13T06:51:33.315+0000] {local_task_job_runner.py:120} INFO - ::group::Pre task execution logs
[2024-05-13T06:51:33.337+0000] {taskinstance.py:2073} INFO - Dependencies all met for dep_context=non-requeueable deps ti=<TaskInstance: customer_transactions_pipeline.Process_layer_PySpark.customer_processing scheduled__2024-05-03T02:00:00+00:00 [queued]>
[2024-05-13T06:51:33.345+0000] {taskinstance.py:2073} INFO - Dependencies all met for dep_context=requeueable deps ti=<TaskInstance: customer_transactions_pipeline.Process_layer_PySpark.customer_processing scheduled__2024-05-03T02:00:00+00:00 [queued]>
[2024-05-13T06:51:33.346+0000] {taskinstance.py:2303} INFO - Starting attempt 1 of 2
[2024-05-13T06:51:33.360+0000] {taskinstance.py:2327} INFO - Executing <Task(DatabricksRunNowOperator): Process_layer_PySpark.customer_processing> on 2024-05-03 02:00:00+00:00
[2024-05-13T06:51:33.368+0000] {standard_task_runner.py:63} INFO - Started process 15332 to run task
[2024-05-13T06:51:33.371+0000] {standard_task_runner.py:90} INFO - Running: ['airflow', 'tasks', 'run', 'customer_transactions_pipeline', 'Process_layer_PySpark.customer_processing', 'scheduled__2024-05-03T02:00:00+00:00', '--job-id', '110', '--raw', '--subdir', 'DAGS_FOLDER/dag.py', '--cfg-path', '/tmp/tmpipo_ponl']
[2024-05-13T06:51:33.373+0000] {standard_task_runner.py:91} INFO - Job 110: Subtask Process_layer_PySpark.customer_processing
[2024-05-13T06:51:33.430+0000] {task_command.py:426} INFO - Running <TaskInstance: customer_transactions_pipeline.Process_layer_PySpark.customer_processing scheduled__2024-05-03T02:00:00+00:00 [running]> on host f5da772b0226
[2024-05-13T06:51:33.520+0000] {taskinstance.py:2644} INFO - Exporting env vars: AIRFLOW_CTX_DAG_EMAIL='mm22@gmail.com' AIRFLOW_CTX_DAG_OWNER='ct' AIRFLOW_CTX_DAG_ID='customer_transactions_pipeline' AIRFLOW_CTX_TASK_ID='Process_layer_PySpark.customer_processing' AIRFLOW_CTX_EXECUTION_DATE='2024-05-03T02:00:00+00:00' AIRFLOW_CTX_TRY_NUMBER='1' AIRFLOW_CTX_DAG_RUN_ID='scheduled__2024-05-03T02:00:00+00:00'
[2024-05-13T06:51:33.521+0000] {taskinstance.py:430} INFO - ::endgroup::
[2024-05-13T06:51:33.544+0000] {base.py:84} INFO - Using connection ID 'databricks_default' for task execution.
[2024-05-13T06:51:33.546+0000] {databricks_base.py:501} INFO - Using token auth.
[2024-05-13T06:51:34.295+0000] {databricks.py:56} INFO - Run submitted with run_id: 573456052318550
[2024-05-13T06:51:34.295+0000] {databricks_base.py:501} INFO - Using token auth.
[2024-05-13T06:51:34.627+0000] {databricks_base.py:501} INFO - Using token auth.
[2024-05-13T06:51:34.968+0000] {databricks.py:109} INFO - Process_layer_PySpark.customer_processing in run state: {'life_cycle_state': 'RUNNING', 'result_state': '', 'state_message': ''}
[2024-05-13T06:51:34.969+0000] {databricks.py:110} INFO - View run status, Spark UI, and logs at https://adb-321042217431130.10.azuredatabricks.net/?o=321042217431130#job/30579280073710/run/573456052318550
[2024-05-13T06:51:34.970+0000] {databricks.py:111} INFO - Sleeping for 30 seconds.
[2024-05-13T06:52:04.991+0000] {databricks_base.py:501} INFO - Using token auth.
[2024-05-13T06:52:05.357+0000] {databricks.py:109} INFO - Process_layer_PySpark.customer_processing in run state: {'life_cycle_state': 'RUNNING', 'result_state': '', 'state_message': ''}
[2024-05-13T06:52:05.358+0000] {databricks.py:110} INFO - View run status, Spark UI, and logs at https://adb-321042217431130.10.azuredatabricks.net/?o=321042217431130#job/30579280073710/run/573456052318550
[2024-05-13T06:52:05.359+0000] {databricks.py:111} INFO - Sleeping for 30 seconds.
[2024-05-13T06:52:35.381+0000] {databricks_base.py:501} INFO - Using token auth.
[2024-05-13T06:52:35.688+0000] {databricks.py:67} INFO - Process_layer_PySpark.customer_processing completed successfully.
[2024-05-13T06:52:35.689+0000] {databricks.py:68} INFO - View run status, Spark UI, and logs at https://adb-321042217431130.10.azuredatabricks.net/?o=321042217431130#job/30579280073710/run/573456052318550
[2024-05-13T06:52:35.690+0000] {taskinstance.py:441} INFO - ::group::Post task execution logs
[2024-05-13T06:52:35.700+0000] {taskinstance.py:1205} INFO - Marking task as SUCCESS. dag_id=customer_transactions_pipeline, task_id=Process_layer_PySpark.customer_processing, execution_date=20240503T020000, start_date=20240513T065133, end_date=20240513T065235
[2024-05-13T06:52:35.732+0000] {local_task_job_runner.py:240} INFO - Task exited with return code 0
[2024-05-13T06:52:35.760+0000] {taskinstance.py:3482} INFO - 0 downstream tasks scheduled from follow-on schedule check
[2024-05-13T06:52:35.762+0000] {local_task_job_runner.py:222} INFO - ::endgroup::
