[2024-05-13T04:57:56.886+0000] {local_task_job_runner.py:120} INFO - ::group::Pre task execution logs
[2024-05-13T04:57:56.907+0000] {taskinstance.py:2073} INFO - Dependencies all met for dep_context=non-requeueable deps ti=<TaskInstance: customer_transactions_pipeline.Create_presentation_schema_spark_SQL.DDL_presentation_schema manual__2024-05-13T04:55:09.068546+00:00 [queued]>
[2024-05-13T04:57:56.917+0000] {taskinstance.py:2073} INFO - Dependencies all met for dep_context=requeueable deps ti=<TaskInstance: customer_transactions_pipeline.Create_presentation_schema_spark_SQL.DDL_presentation_schema manual__2024-05-13T04:55:09.068546+00:00 [queued]>
[2024-05-13T04:57:56.918+0000] {taskinstance.py:2303} INFO - Starting attempt 1 of 2
[2024-05-13T04:57:56.932+0000] {taskinstance.py:2327} INFO - Executing <Task(DatabricksRunNowOperator): Create_presentation_schema_spark_SQL.DDL_presentation_schema> on 2024-05-13 04:55:09.068546+00:00
[2024-05-13T04:57:56.936+0000] {standard_task_runner.py:63} INFO - Started process 12807 to run task
[2024-05-13T04:57:56.939+0000] {standard_task_runner.py:90} INFO - Running: ['airflow', 'tasks', 'run', 'customer_transactions_pipeline', 'Create_presentation_schema_spark_SQL.DDL_presentation_schema', 'manual__2024-05-13T04:55:09.068546+00:00', '--job-id', '96', '--raw', '--subdir', 'DAGS_FOLDER/dag.py', '--cfg-path', '/tmp/tmpfesa0mxj']
[2024-05-13T04:57:56.942+0000] {standard_task_runner.py:91} INFO - Job 96: Subtask Create_presentation_schema_spark_SQL.DDL_presentation_schema
[2024-05-13T04:57:56.992+0000] {task_command.py:426} INFO - Running <TaskInstance: customer_transactions_pipeline.Create_presentation_schema_spark_SQL.DDL_presentation_schema manual__2024-05-13T04:55:09.068546+00:00 [running]> on host f5da772b0226
[2024-05-13T04:57:57.077+0000] {taskinstance.py:2644} INFO - Exporting env vars: AIRFLOW_CTX_DAG_EMAIL='mm22@gmail.com' AIRFLOW_CTX_DAG_OWNER='ct' AIRFLOW_CTX_DAG_ID='customer_transactions_pipeline' AIRFLOW_CTX_TASK_ID='Create_presentation_schema_spark_SQL.DDL_presentation_schema' AIRFLOW_CTX_EXECUTION_DATE='2024-05-13T04:55:09.068546+00:00' AIRFLOW_CTX_TRY_NUMBER='1' AIRFLOW_CTX_DAG_RUN_ID='manual__2024-05-13T04:55:09.068546+00:00'
[2024-05-13T04:57:57.078+0000] {taskinstance.py:430} INFO - ::endgroup::
[2024-05-13T04:57:57.100+0000] {base.py:84} INFO - Using connection ID 'databricks_default' for task execution.
[2024-05-13T04:57:57.102+0000] {databricks_base.py:501} INFO - Using token auth.
[2024-05-13T04:57:57.586+0000] {databricks.py:56} INFO - Run submitted with run_id: 967293603490452
[2024-05-13T04:57:57.587+0000] {databricks_base.py:501} INFO - Using token auth.
[2024-05-13T04:57:57.936+0000] {databricks_base.py:501} INFO - Using token auth.
[2024-05-13T04:57:58.334+0000] {databricks.py:109} INFO - Create_presentation_schema_spark_SQL.DDL_presentation_schema in run state: {'life_cycle_state': 'RUNNING', 'result_state': '', 'state_message': ''}
[2024-05-13T04:57:58.336+0000] {databricks.py:110} INFO - View run status, Spark UI, and logs at https://adb-321042217431130.10.azuredatabricks.net/?o=321042217431130#job/294469495791621/run/967293603490452
[2024-05-13T04:57:58.336+0000] {databricks.py:111} INFO - Sleeping for 30 seconds.
[2024-05-13T04:58:28.362+0000] {databricks_base.py:501} INFO - Using token auth.
[2024-05-13T04:58:28.784+0000] {databricks.py:67} INFO - Create_presentation_schema_spark_SQL.DDL_presentation_schema completed successfully.
[2024-05-13T04:58:28.787+0000] {databricks.py:68} INFO - View run status, Spark UI, and logs at https://adb-321042217431130.10.azuredatabricks.net/?o=321042217431130#job/294469495791621/run/967293603490452
[2024-05-13T04:58:28.788+0000] {taskinstance.py:441} INFO - ::group::Post task execution logs
[2024-05-13T04:58:28.817+0000] {taskinstance.py:1205} INFO - Marking task as SUCCESS. dag_id=customer_transactions_pipeline, task_id=Create_presentation_schema_spark_SQL.DDL_presentation_schema, execution_date=20240513T045509, start_date=20240513T045756, end_date=20240513T045828
[2024-05-13T04:58:28.858+0000] {local_task_job_runner.py:240} INFO - Task exited with return code 0
[2024-05-13T04:58:28.897+0000] {taskinstance.py:3482} INFO - 3 downstream tasks scheduled from follow-on schedule check
[2024-05-13T04:58:28.900+0000] {local_task_job_runner.py:222} INFO - ::endgroup::
