[2024-05-12T12:40:17.235+0000] {local_task_job_runner.py:120} INFO - ::group::Pre task execution logs
[2024-05-12T12:40:17.258+0000] {taskinstance.py:2073} INFO - Dependencies all met for dep_context=non-requeueable deps ti=<TaskInstance: customer_transactions_pipeline.extract_load_fivetran.MongoDB_to_AzureStorage manual__2024-05-12T12:40:16.247478+00:00 [queued]>
[2024-05-12T12:40:17.272+0000] {taskinstance.py:2073} INFO - Dependencies all met for dep_context=requeueable deps ti=<TaskInstance: customer_transactions_pipeline.extract_load_fivetran.MongoDB_to_AzureStorage manual__2024-05-12T12:40:16.247478+00:00 [queued]>
[2024-05-12T12:40:17.273+0000] {taskinstance.py:2303} INFO - Starting attempt 1 of 3
[2024-05-12T12:40:17.291+0000] {taskinstance.py:2327} INFO - Executing <Task(FivetranOperator): extract_load_fivetran.MongoDB_to_AzureStorage> on 2024-05-12 12:40:16.247478+00:00
[2024-05-12T12:40:17.299+0000] {standard_task_runner.py:63} INFO - Started process 2659 to run task
[2024-05-12T12:40:17.328+0000] {standard_task_runner.py:90} INFO - Running: ['airflow', 'tasks', 'run', 'customer_transactions_pipeline', 'extract_load_fivetran.MongoDB_to_AzureStorage', 'manual__2024-05-12T12:40:16.247478+00:00', '--job-id', '29', '--raw', '--subdir', 'DAGS_FOLDER/dag.py', '--cfg-path', '/tmp/tmp8_voms_2']
[2024-05-12T12:40:17.341+0000] {standard_task_runner.py:91} INFO - Job 29: Subtask extract_load_fivetran.MongoDB_to_AzureStorage
[2024-05-12T12:40:17.525+0000] {task_command.py:426} INFO - Running <TaskInstance: customer_transactions_pipeline.extract_load_fivetran.MongoDB_to_AzureStorage manual__2024-05-12T12:40:16.247478+00:00 [running]> on host f5da772b0226
[2024-05-12T12:40:17.678+0000] {taskinstance.py:2644} INFO - Exporting env vars: AIRFLOW_CTX_DAG_EMAIL='mm22@gmail.com' AIRFLOW_CTX_DAG_OWNER='ct' AIRFLOW_CTX_DAG_ID='customer_transactions_pipeline' AIRFLOW_CTX_TASK_ID='extract_load_fivetran.MongoDB_to_AzureStorage' AIRFLOW_CTX_EXECUTION_DATE='2024-05-12T12:40:16.247478+00:00' AIRFLOW_CTX_TRY_NUMBER='1' AIRFLOW_CTX_DAG_RUN_ID='manual__2024-05-12T12:40:16.247478+00:00'
[2024-05-12T12:40:17.680+0000] {taskinstance.py:430} INFO - ::endgroup::
[2024-05-12T12:40:17.719+0000] {base.py:84} INFO - Using connection ID 'fivetran_default' for task execution.
[2024-05-12T12:40:18.785+0000] {hooks.py:320} INFO - Connector type: mongo, connector schema: mongo
[2024-05-12T12:40:18.786+0000] {hooks.py:321} INFO - Connectors logs at https://fivetran.com/dashboard/connectors/mongo/mongo/logs
[2024-05-12T12:40:22.017+0000] {hooks.py:487} INFO - Connector rescue_aerobics: sync_state = scheduled
[2024-05-12T12:40:22.018+0000] {taskinstance.py:441} INFO - ::group::Post task execution logs
[2024-05-12T12:40:22.019+0000] {crypto.py:82} WARNING - empty cryptography key - values will not be stored encrypted.
[2024-05-12T12:40:22.026+0000] {taskinstance.py:2486} INFO - Pausing task as DEFERRED. dag_id=customer_transactions_pipeline, task_id=extract_load_fivetran.MongoDB_to_AzureStorage, execution_date=20240512T124016, start_date=20240512T124017
[2024-05-12T12:40:22.070+0000] {local_task_job_runner.py:237} INFO - Task exited with return code 100 (task deferral)
[2024-05-12T12:40:22.071+0000] {local_task_job_runner.py:222} INFO - ::endgroup::
