[2024-05-13T04:39:17.267+0000] {local_task_job_runner.py:120} INFO - ::group::Pre task execution logs
[2024-05-13T04:39:17.286+0000] {taskinstance.py:2073} INFO - Dependencies all met for dep_context=non-requeueable deps ti=<TaskInstance: customer_transactions_pipeline.Ingestion_Fivetran.MongoDB_to_AzureStorage manual__2024-05-13T04:39:15.046451+00:00 [queued]>
[2024-05-13T04:39:17.297+0000] {taskinstance.py:2073} INFO - Dependencies all met for dep_context=requeueable deps ti=<TaskInstance: customer_transactions_pipeline.Ingestion_Fivetran.MongoDB_to_AzureStorage manual__2024-05-13T04:39:15.046451+00:00 [queued]>
[2024-05-13T04:39:17.298+0000] {taskinstance.py:2303} INFO - Starting attempt 1 of 2
[2024-05-13T04:39:17.313+0000] {taskinstance.py:2327} INFO - Executing <Task(FivetranOperator): Ingestion_Fivetran.MongoDB_to_AzureStorage> on 2024-05-13 04:39:15.046451+00:00
[2024-05-13T04:39:17.321+0000] {standard_task_runner.py:63} INFO - Started process 12314 to run task
[2024-05-13T04:39:17.324+0000] {standard_task_runner.py:90} INFO - Running: ['airflow', 'tasks', 'run', 'customer_transactions_pipeline', 'Ingestion_Fivetran.MongoDB_to_AzureStorage', 'manual__2024-05-13T04:39:15.046451+00:00', '--job-id', '53', '--raw', '--subdir', 'DAGS_FOLDER/dag.py', '--cfg-path', '/tmp/tmpa9igbnf7']
[2024-05-13T04:39:17.328+0000] {standard_task_runner.py:91} INFO - Job 53: Subtask Ingestion_Fivetran.MongoDB_to_AzureStorage
[2024-05-13T04:39:17.391+0000] {task_command.py:426} INFO - Running <TaskInstance: customer_transactions_pipeline.Ingestion_Fivetran.MongoDB_to_AzureStorage manual__2024-05-13T04:39:15.046451+00:00 [running]> on host f5da772b0226
[2024-05-13T04:39:17.514+0000] {taskinstance.py:2644} INFO - Exporting env vars: AIRFLOW_CTX_DAG_EMAIL='mm22@gmail.com' AIRFLOW_CTX_DAG_OWNER='ct' AIRFLOW_CTX_DAG_ID='customer_transactions_pipeline' AIRFLOW_CTX_TASK_ID='Ingestion_Fivetran.MongoDB_to_AzureStorage' AIRFLOW_CTX_EXECUTION_DATE='2024-05-13T04:39:15.046451+00:00' AIRFLOW_CTX_TRY_NUMBER='1' AIRFLOW_CTX_DAG_RUN_ID='manual__2024-05-13T04:39:15.046451+00:00'
[2024-05-13T04:39:17.515+0000] {taskinstance.py:430} INFO - ::endgroup::
[2024-05-13T04:39:17.546+0000] {base.py:84} INFO - Using connection ID 'fivetran_default' for task execution.
[2024-05-13T04:39:18.314+0000] {hooks.py:320} INFO - Connector type: mongo, connector schema: mongo
[2024-05-13T04:39:18.315+0000] {hooks.py:321} INFO - Connectors logs at https://fivetran.com/dashboard/connectors/mongo/mongo/logs
[2024-05-13T04:39:21.479+0000] {hooks.py:487} INFO - Connector rescue_aerobics: sync_state = scheduled
[2024-05-13T04:39:21.480+0000] {taskinstance.py:441} INFO - ::group::Post task execution logs
[2024-05-13T04:39:21.481+0000] {crypto.py:82} WARNING - empty cryptography key - values will not be stored encrypted.
[2024-05-13T04:39:21.488+0000] {taskinstance.py:2486} INFO - Pausing task as DEFERRED. dag_id=customer_transactions_pipeline, task_id=Ingestion_Fivetran.MongoDB_to_AzureStorage, execution_date=20240513T043915, start_date=20240513T043917
[2024-05-13T04:39:21.516+0000] {local_task_job_runner.py:237} INFO - Task exited with return code 100 (task deferral)
[2024-05-13T04:39:21.517+0000] {local_task_job_runner.py:222} INFO - ::endgroup::
