[2024-05-12T12:53:50.289+0000] {local_task_job_runner.py:120} INFO - ::group::Pre task execution logs
[2024-05-12T12:53:50.309+0000] {taskinstance.py:2073} INFO - Dependencies all met for dep_context=non-requeueable deps ti=<TaskInstance: customer_transactions_pipeline.extract_load_fivetran.wait_for_EL manual__2024-05-12T12:53:49.077396+00:00 [queued]>
[2024-05-12T12:53:50.319+0000] {taskinstance.py:2073} INFO - Dependencies all met for dep_context=requeueable deps ti=<TaskInstance: customer_transactions_pipeline.extract_load_fivetran.wait_for_EL manual__2024-05-12T12:53:49.077396+00:00 [queued]>
[2024-05-12T12:53:50.320+0000] {taskinstance.py:2303} INFO - Starting attempt 1 of 2
[2024-05-12T12:53:50.335+0000] {taskinstance.py:2327} INFO - Executing <Task(FivetranSensor): extract_load_fivetran.wait_for_EL> on 2024-05-12 12:53:49.077396+00:00
[2024-05-12T12:53:50.341+0000] {standard_task_runner.py:63} INFO - Started process 2988 to run task
[2024-05-12T12:53:50.344+0000] {standard_task_runner.py:90} INFO - Running: ['airflow', 'tasks', 'run', 'customer_transactions_pipeline', 'extract_load_fivetran.wait_for_EL', 'manual__2024-05-12T12:53:49.077396+00:00', '--job-id', '46', '--raw', '--subdir', 'DAGS_FOLDER/dag.py', '--cfg-path', '/tmp/tmpp7e6bsr_']
[2024-05-12T12:53:50.346+0000] {standard_task_runner.py:91} INFO - Job 46: Subtask extract_load_fivetran.wait_for_EL
[2024-05-12T12:53:50.399+0000] {task_command.py:426} INFO - Running <TaskInstance: customer_transactions_pipeline.extract_load_fivetran.wait_for_EL manual__2024-05-12T12:53:49.077396+00:00 [running]> on host f5da772b0226
[2024-05-12T12:53:50.487+0000] {taskinstance.py:2644} INFO - Exporting env vars: AIRFLOW_CTX_DAG_EMAIL='mm22@gmail.com' AIRFLOW_CTX_DAG_OWNER='ct' AIRFLOW_CTX_DAG_ID='customer_transactions_pipeline' AIRFLOW_CTX_TASK_ID='extract_load_fivetran.wait_for_EL' AIRFLOW_CTX_EXECUTION_DATE='2024-05-12T12:53:49.077396+00:00' AIRFLOW_CTX_TRY_NUMBER='1' AIRFLOW_CTX_DAG_RUN_ID='manual__2024-05-12T12:53:49.077396+00:00'
[2024-05-12T12:53:50.488+0000] {taskinstance.py:430} INFO - ::endgroup::
[2024-05-12T12:53:50.511+0000] {base.py:84} INFO - Using connection ID 'fivetran_default' for task execution.
[2024-05-12T12:53:51.941+0000] {hooks.py:487} INFO - Connector rescue_aerobics: sync_state = syncing
[2024-05-12T12:53:51.942+0000] {taskinstance.py:441} INFO - ::group::Post task execution logs
[2024-05-12T12:53:51.943+0000] {crypto.py:82} WARNING - empty cryptography key - values will not be stored encrypted.
[2024-05-12T12:53:51.950+0000] {taskinstance.py:2486} INFO - Pausing task as DEFERRED. dag_id=customer_transactions_pipeline, task_id=extract_load_fivetran.wait_for_EL, execution_date=20240512T125349, start_date=20240512T125350
[2024-05-12T12:53:52.004+0000] {local_task_job_runner.py:237} INFO - Task exited with return code 100 (task deferral)
[2024-05-12T12:53:52.005+0000] {local_task_job_runner.py:222} INFO - ::endgroup::
[2024-05-12T12:54:56.321+0000] {local_task_job_runner.py:120} INFO - ::group::Pre task execution logs
[2024-05-12T12:54:56.338+0000] {taskinstance.py:2073} INFO - Dependencies all met for dep_context=non-requeueable deps ti=<TaskInstance: customer_transactions_pipeline.extract_load_fivetran.wait_for_EL manual__2024-05-12T12:53:49.077396+00:00 [queued]>
[2024-05-12T12:54:56.346+0000] {taskinstance.py:2073} INFO - Dependencies all met for dep_context=requeueable deps ti=<TaskInstance: customer_transactions_pipeline.extract_load_fivetran.wait_for_EL manual__2024-05-12T12:53:49.077396+00:00 [queued]>
[2024-05-12T12:54:56.346+0000] {taskinstance.py:2301} INFO - Resuming after deferral
[2024-05-12T12:54:56.360+0000] {taskinstance.py:2327} INFO - Executing <Task(FivetranSensor): extract_load_fivetran.wait_for_EL> on 2024-05-12 12:53:49.077396+00:00
[2024-05-12T12:54:56.363+0000] {standard_task_runner.py:63} INFO - Started process 3019 to run task
[2024-05-12T12:54:56.366+0000] {standard_task_runner.py:90} INFO - Running: ['airflow', 'tasks', 'run', 'customer_transactions_pipeline', 'extract_load_fivetran.wait_for_EL', 'manual__2024-05-12T12:53:49.077396+00:00', '--job-id', '51', '--raw', '--subdir', 'DAGS_FOLDER/dag.py', '--cfg-path', '/tmp/tmplvvxw19b']
[2024-05-12T12:54:56.369+0000] {standard_task_runner.py:91} INFO - Job 51: Subtask extract_load_fivetran.wait_for_EL
[2024-05-12T12:54:56.411+0000] {task_command.py:426} INFO - Running <TaskInstance: customer_transactions_pipeline.extract_load_fivetran.wait_for_EL manual__2024-05-12T12:53:49.077396+00:00 [running]> on host f5da772b0226
[2024-05-12T12:54:56.504+0000] {taskinstance.py:430} INFO - ::endgroup::
[2024-05-12T12:54:56.505+0000] {sensors.py:221} INFO - Fivetran connector rescue_aerobics finished syncing at 2024-05-12 12:54:18.991000+00:00
[2024-05-12T12:54:56.505+0000] {taskinstance.py:441} INFO - ::group::Post task execution logs
[2024-05-12T12:54:56.513+0000] {taskinstance.py:1205} INFO - Marking task as SUCCESS. dag_id=customer_transactions_pipeline, task_id=extract_load_fivetran.wait_for_EL, execution_date=20240512T125349, start_date=20240512T125350, end_date=20240512T125456
[2024-05-12T12:54:56.539+0000] {local_task_job_runner.py:240} INFO - Task exited with return code 0
[2024-05-12T12:54:56.555+0000] {taskinstance.py:3482} INFO - 0 downstream tasks scheduled from follow-on schedule check
[2024-05-12T12:54:56.557+0000] {local_task_job_runner.py:222} INFO - ::endgroup::
