[2024-05-13T04:45:15.557+0000] {local_task_job_runner.py:120} INFO - ::group::Pre task execution logs
[2024-05-13T04:45:15.578+0000] {taskinstance.py:2073} INFO - Dependencies all met for dep_context=non-requeueable deps ti=<TaskInstance: customer_transactions_pipeline.Ingestion_Fivetran.MongoDB_to_AzureStorage scheduled__2024-05-03T02:00:00+00:00 [queued]>
[2024-05-13T04:45:15.591+0000] {taskinstance.py:2073} INFO - Dependencies all met for dep_context=requeueable deps ti=<TaskInstance: customer_transactions_pipeline.Ingestion_Fivetran.MongoDB_to_AzureStorage scheduled__2024-05-03T02:00:00+00:00 [queued]>
[2024-05-13T04:45:15.592+0000] {taskinstance.py:2303} INFO - Starting attempt 1 of 2
[2024-05-13T04:45:15.622+0000] {taskinstance.py:2327} INFO - Executing <Task(FivetranOperator): Ingestion_Fivetran.MongoDB_to_AzureStorage> on 2024-05-03 02:00:00+00:00
[2024-05-13T04:45:15.634+0000] {standard_task_runner.py:63} INFO - Started process 12457 to run task
[2024-05-13T04:45:15.656+0000] {standard_task_runner.py:90} INFO - Running: ['airflow', 'tasks', 'run', 'customer_transactions_pipeline', 'Ingestion_Fivetran.MongoDB_to_AzureStorage', 'scheduled__2024-05-03T02:00:00+00:00', '--job-id', '60', '--raw', '--subdir', 'DAGS_FOLDER/dag.py', '--cfg-path', '/tmp/tmp19vxvfz4']
[2024-05-13T04:45:15.666+0000] {standard_task_runner.py:91} INFO - Job 60: Subtask Ingestion_Fivetran.MongoDB_to_AzureStorage
[2024-05-13T04:45:15.808+0000] {task_command.py:426} INFO - Running <TaskInstance: customer_transactions_pipeline.Ingestion_Fivetran.MongoDB_to_AzureStorage scheduled__2024-05-03T02:00:00+00:00 [running]> on host f5da772b0226
[2024-05-13T04:45:15.988+0000] {taskinstance.py:2644} INFO - Exporting env vars: AIRFLOW_CTX_DAG_EMAIL='mm22@gmail.com' AIRFLOW_CTX_DAG_OWNER='ct' AIRFLOW_CTX_DAG_ID='customer_transactions_pipeline' AIRFLOW_CTX_TASK_ID='Ingestion_Fivetran.MongoDB_to_AzureStorage' AIRFLOW_CTX_EXECUTION_DATE='2024-05-03T02:00:00+00:00' AIRFLOW_CTX_TRY_NUMBER='1' AIRFLOW_CTX_DAG_RUN_ID='scheduled__2024-05-03T02:00:00+00:00'
[2024-05-13T04:45:15.990+0000] {taskinstance.py:430} INFO - ::endgroup::
[2024-05-13T04:45:16.038+0000] {base.py:84} INFO - Using connection ID 'fivetran_default' for task execution.
[2024-05-13T04:45:16.749+0000] {hooks.py:320} INFO - Connector type: mongo, connector schema: mongo
[2024-05-13T04:45:16.750+0000] {hooks.py:321} INFO - Connectors logs at https://fivetran.com/dashboard/connectors/mongo/mongo/logs
[2024-05-13T04:45:19.899+0000] {hooks.py:487} INFO - Connector rescue_aerobics: sync_state = scheduled
[2024-05-13T04:45:19.900+0000] {taskinstance.py:441} INFO - ::group::Post task execution logs
[2024-05-13T04:45:19.901+0000] {crypto.py:82} WARNING - empty cryptography key - values will not be stored encrypted.
[2024-05-13T04:45:19.908+0000] {taskinstance.py:2486} INFO - Pausing task as DEFERRED. dag_id=customer_transactions_pipeline, task_id=Ingestion_Fivetran.MongoDB_to_AzureStorage, execution_date=20240503T020000, start_date=20240513T044515
[2024-05-13T04:45:19.960+0000] {local_task_job_runner.py:237} INFO - Task exited with return code 100 (task deferral)
[2024-05-13T04:45:19.961+0000] {local_task_job_runner.py:222} INFO - ::endgroup::
[2024-05-13T04:45:56.820+0000] {local_task_job_runner.py:120} INFO - ::group::Pre task execution logs
[2024-05-13T04:45:56.837+0000] {taskinstance.py:2073} INFO - Dependencies all met for dep_context=non-requeueable deps ti=<TaskInstance: customer_transactions_pipeline.Ingestion_Fivetran.MongoDB_to_AzureStorage scheduled__2024-05-03T02:00:00+00:00 [queued]>
[2024-05-13T04:45:56.845+0000] {taskinstance.py:2073} INFO - Dependencies all met for dep_context=requeueable deps ti=<TaskInstance: customer_transactions_pipeline.Ingestion_Fivetran.MongoDB_to_AzureStorage scheduled__2024-05-03T02:00:00+00:00 [queued]>
[2024-05-13T04:45:56.846+0000] {taskinstance.py:2301} INFO - Resuming after deferral
[2024-05-13T04:45:56.858+0000] {taskinstance.py:2327} INFO - Executing <Task(FivetranOperator): Ingestion_Fivetran.MongoDB_to_AzureStorage> on 2024-05-03 02:00:00+00:00
[2024-05-13T04:45:56.863+0000] {standard_task_runner.py:63} INFO - Started process 12474 to run task
[2024-05-13T04:45:56.866+0000] {standard_task_runner.py:90} INFO - Running: ['airflow', 'tasks', 'run', 'customer_transactions_pipeline', 'Ingestion_Fivetran.MongoDB_to_AzureStorage', 'scheduled__2024-05-03T02:00:00+00:00', '--job-id', '62', '--raw', '--subdir', 'DAGS_FOLDER/dag.py', '--cfg-path', '/tmp/tmp_k84_vw0']
[2024-05-13T04:45:56.868+0000] {standard_task_runner.py:91} INFO - Job 62: Subtask Ingestion_Fivetran.MongoDB_to_AzureStorage
[2024-05-13T04:45:56.916+0000] {task_command.py:426} INFO - Running <TaskInstance: customer_transactions_pipeline.Ingestion_Fivetran.MongoDB_to_AzureStorage scheduled__2024-05-03T02:00:00+00:00 [running]> on host f5da772b0226
[2024-05-13T04:45:56.984+0000] {taskinstance.py:430} INFO - ::endgroup::
[2024-05-13T04:45:56.985+0000] {operators.py:172} INFO - Fivetran connector rescue_aerobics finished syncing at 2024-05-13 04:45:53.322000+00:00
[2024-05-13T04:45:56.985+0000] {taskinstance.py:441} INFO - ::group::Post task execution logs
[2024-05-13T04:45:57.006+0000] {taskinstance.py:1205} INFO - Marking task as SUCCESS. dag_id=customer_transactions_pipeline, task_id=Ingestion_Fivetran.MongoDB_to_AzureStorage, execution_date=20240503T020000, start_date=20240513T044515, end_date=20240513T044557
[2024-05-13T04:45:57.039+0000] {local_task_job_runner.py:240} INFO - Task exited with return code 0
[2024-05-13T04:45:57.067+0000] {taskinstance.py:3482} INFO - 0 downstream tasks scheduled from follow-on schedule check
[2024-05-13T04:45:57.069+0000] {local_task_job_runner.py:222} INFO - ::endgroup::
[2024-05-13T04:54:41.553+0000] {local_task_job_runner.py:120} INFO - ::group::Pre task execution logs
[2024-05-13T04:54:41.573+0000] {taskinstance.py:2073} INFO - Dependencies all met for dep_context=non-requeueable deps ti=<TaskInstance: customer_transactions_pipeline.Ingestion_Fivetran.MongoDB_to_AzureStorage scheduled__2024-05-03T02:00:00+00:00 [queued]>
[2024-05-13T04:54:41.583+0000] {taskinstance.py:2073} INFO - Dependencies all met for dep_context=requeueable deps ti=<TaskInstance: customer_transactions_pipeline.Ingestion_Fivetran.MongoDB_to_AzureStorage scheduled__2024-05-03T02:00:00+00:00 [queued]>
[2024-05-13T04:54:41.583+0000] {taskinstance.py:2303} INFO - Starting attempt 1 of 2
[2024-05-13T04:54:41.607+0000] {taskinstance.py:2327} INFO - Executing <Task(FivetranOperator): Ingestion_Fivetran.MongoDB_to_AzureStorage> on 2024-05-03 02:00:00+00:00
[2024-05-13T04:54:41.612+0000] {standard_task_runner.py:63} INFO - Started process 12700 to run task
[2024-05-13T04:54:41.616+0000] {standard_task_runner.py:90} INFO - Running: ['airflow', 'tasks', 'run', 'customer_transactions_pipeline', 'Ingestion_Fivetran.MongoDB_to_AzureStorage', 'scheduled__2024-05-03T02:00:00+00:00', '--job-id', '78', '--raw', '--subdir', 'DAGS_FOLDER/dag.py', '--cfg-path', '/tmp/tmp22m6pyzr']
[2024-05-13T04:54:41.618+0000] {standard_task_runner.py:91} INFO - Job 78: Subtask Ingestion_Fivetran.MongoDB_to_AzureStorage
[2024-05-13T04:54:41.671+0000] {task_command.py:426} INFO - Running <TaskInstance: customer_transactions_pipeline.Ingestion_Fivetran.MongoDB_to_AzureStorage scheduled__2024-05-03T02:00:00+00:00 [running]> on host f5da772b0226
[2024-05-13T04:54:41.757+0000] {taskinstance.py:2644} INFO - Exporting env vars: AIRFLOW_CTX_DAG_EMAIL='mm22@gmail.com' AIRFLOW_CTX_DAG_OWNER='ct' AIRFLOW_CTX_DAG_ID='customer_transactions_pipeline' AIRFLOW_CTX_TASK_ID='Ingestion_Fivetran.MongoDB_to_AzureStorage' AIRFLOW_CTX_EXECUTION_DATE='2024-05-03T02:00:00+00:00' AIRFLOW_CTX_TRY_NUMBER='1' AIRFLOW_CTX_DAG_RUN_ID='scheduled__2024-05-03T02:00:00+00:00'
[2024-05-13T04:54:41.759+0000] {taskinstance.py:430} INFO - ::endgroup::
[2024-05-13T04:54:41.780+0000] {base.py:84} INFO - Using connection ID 'fivetran_default' for task execution.
[2024-05-13T04:54:42.830+0000] {hooks.py:320} INFO - Connector type: mongo, connector schema: mongo
[2024-05-13T04:54:42.831+0000] {hooks.py:321} INFO - Connectors logs at https://fivetran.com/dashboard/connectors/mongo/mongo/logs
[2024-05-13T04:54:46.123+0000] {hooks.py:487} INFO - Connector rescue_aerobics: sync_state = scheduled
[2024-05-13T04:54:46.125+0000] {taskinstance.py:441} INFO - ::group::Post task execution logs
[2024-05-13T04:54:46.125+0000] {crypto.py:82} WARNING - empty cryptography key - values will not be stored encrypted.
[2024-05-13T04:54:46.133+0000] {taskinstance.py:2486} INFO - Pausing task as DEFERRED. dag_id=customer_transactions_pipeline, task_id=Ingestion_Fivetran.MongoDB_to_AzureStorage, execution_date=20240503T020000, start_date=20240513T045441
[2024-05-13T04:54:46.212+0000] {local_task_job_runner.py:237} INFO - Task exited with return code 100 (task deferral)
[2024-05-13T04:54:46.213+0000] {local_task_job_runner.py:222} INFO - ::endgroup::
[2024-05-13T04:55:21.919+0000] {local_task_job_runner.py:120} INFO - ::group::Pre task execution logs
[2024-05-13T04:55:21.937+0000] {taskinstance.py:2073} INFO - Dependencies all met for dep_context=non-requeueable deps ti=<TaskInstance: customer_transactions_pipeline.Ingestion_Fivetran.MongoDB_to_AzureStorage scheduled__2024-05-03T02:00:00+00:00 [queued]>
[2024-05-13T04:55:21.945+0000] {taskinstance.py:2073} INFO - Dependencies all met for dep_context=requeueable deps ti=<TaskInstance: customer_transactions_pipeline.Ingestion_Fivetran.MongoDB_to_AzureStorage scheduled__2024-05-03T02:00:00+00:00 [queued]>
[2024-05-13T04:55:21.945+0000] {taskinstance.py:2301} INFO - Resuming after deferral
[2024-05-13T04:55:21.959+0000] {taskinstance.py:2327} INFO - Executing <Task(FivetranOperator): Ingestion_Fivetran.MongoDB_to_AzureStorage> on 2024-05-03 02:00:00+00:00
[2024-05-13T04:55:21.963+0000] {standard_task_runner.py:63} INFO - Started process 12722 to run task
[2024-05-13T04:55:21.965+0000] {standard_task_runner.py:90} INFO - Running: ['airflow', 'tasks', 'run', 'customer_transactions_pipeline', 'Ingestion_Fivetran.MongoDB_to_AzureStorage', 'scheduled__2024-05-03T02:00:00+00:00', '--job-id', '81', '--raw', '--subdir', 'DAGS_FOLDER/dag.py', '--cfg-path', '/tmp/tmp1j19dr77']
[2024-05-13T04:55:21.967+0000] {standard_task_runner.py:91} INFO - Job 81: Subtask Ingestion_Fivetran.MongoDB_to_AzureStorage
[2024-05-13T04:55:22.015+0000] {task_command.py:426} INFO - Running <TaskInstance: customer_transactions_pipeline.Ingestion_Fivetran.MongoDB_to_AzureStorage scheduled__2024-05-03T02:00:00+00:00 [running]> on host f5da772b0226
[2024-05-13T04:55:22.088+0000] {taskinstance.py:430} INFO - ::endgroup::
[2024-05-13T04:55:22.089+0000] {operators.py:172} INFO - Fivetran connector rescue_aerobics finished syncing at 2024-05-13 04:55:19.408000+00:00
[2024-05-13T04:55:22.089+0000] {taskinstance.py:441} INFO - ::group::Post task execution logs
[2024-05-13T04:55:22.111+0000] {taskinstance.py:1205} INFO - Marking task as SUCCESS. dag_id=customer_transactions_pipeline, task_id=Ingestion_Fivetran.MongoDB_to_AzureStorage, execution_date=20240503T020000, start_date=20240513T045441, end_date=20240513T045522
[2024-05-13T04:55:22.138+0000] {local_task_job_runner.py:240} INFO - Task exited with return code 0
[2024-05-13T04:55:22.174+0000] {taskinstance.py:3482} INFO - 0 downstream tasks scheduled from follow-on schedule check
[2024-05-13T04:55:22.177+0000] {local_task_job_runner.py:222} INFO - ::endgroup::
[2024-05-13T06:49:19.624+0000] {local_task_job_runner.py:120} INFO - ::group::Pre task execution logs
[2024-05-13T06:49:19.647+0000] {taskinstance.py:2073} INFO - Dependencies all met for dep_context=non-requeueable deps ti=<TaskInstance: customer_transactions_pipeline.Ingestion_Fivetran.MongoDB_to_AzureStorage scheduled__2024-05-03T02:00:00+00:00 [queued]>
[2024-05-13T06:49:19.657+0000] {taskinstance.py:2073} INFO - Dependencies all met for dep_context=requeueable deps ti=<TaskInstance: customer_transactions_pipeline.Ingestion_Fivetran.MongoDB_to_AzureStorage scheduled__2024-05-03T02:00:00+00:00 [queued]>
[2024-05-13T06:49:19.657+0000] {taskinstance.py:2303} INFO - Starting attempt 1 of 2
[2024-05-13T06:49:19.673+0000] {taskinstance.py:2327} INFO - Executing <Task(FivetranOperator): Ingestion_Fivetran.MongoDB_to_AzureStorage> on 2024-05-03 02:00:00+00:00
[2024-05-13T06:49:19.679+0000] {standard_task_runner.py:63} INFO - Started process 15269 to run task
[2024-05-13T06:49:19.682+0000] {standard_task_runner.py:90} INFO - Running: ['airflow', 'tasks', 'run', 'customer_transactions_pipeline', 'Ingestion_Fivetran.MongoDB_to_AzureStorage', 'scheduled__2024-05-03T02:00:00+00:00', '--job-id', '105', '--raw', '--subdir', 'DAGS_FOLDER/dag.py', '--cfg-path', '/tmp/tmpt51z75rx']
[2024-05-13T06:49:19.684+0000] {standard_task_runner.py:91} INFO - Job 105: Subtask Ingestion_Fivetran.MongoDB_to_AzureStorage
[2024-05-13T06:49:19.732+0000] {task_command.py:426} INFO - Running <TaskInstance: customer_transactions_pipeline.Ingestion_Fivetran.MongoDB_to_AzureStorage scheduled__2024-05-03T02:00:00+00:00 [running]> on host f5da772b0226
[2024-05-13T06:49:19.868+0000] {taskinstance.py:2644} INFO - Exporting env vars: AIRFLOW_CTX_DAG_EMAIL='mm22@gmail.com' AIRFLOW_CTX_DAG_OWNER='ct' AIRFLOW_CTX_DAG_ID='customer_transactions_pipeline' AIRFLOW_CTX_TASK_ID='Ingestion_Fivetran.MongoDB_to_AzureStorage' AIRFLOW_CTX_EXECUTION_DATE='2024-05-03T02:00:00+00:00' AIRFLOW_CTX_TRY_NUMBER='1' AIRFLOW_CTX_DAG_RUN_ID='scheduled__2024-05-03T02:00:00+00:00'
[2024-05-13T06:49:19.870+0000] {taskinstance.py:430} INFO - ::endgroup::
[2024-05-13T06:49:19.910+0000] {base.py:84} INFO - Using connection ID 'fivetran_default' for task execution.
[2024-05-13T06:49:20.646+0000] {hooks.py:320} INFO - Connector type: mongo, connector schema: mongo
[2024-05-13T06:49:20.647+0000] {hooks.py:321} INFO - Connectors logs at https://fivetran.com/dashboard/connectors/mongo/mongo/logs
[2024-05-13T06:49:23.867+0000] {hooks.py:487} INFO - Connector rescue_aerobics: sync_state = scheduled
[2024-05-13T06:49:23.869+0000] {taskinstance.py:441} INFO - ::group::Post task execution logs
[2024-05-13T06:49:23.870+0000] {crypto.py:82} WARNING - empty cryptography key - values will not be stored encrypted.
[2024-05-13T06:49:23.883+0000] {taskinstance.py:2486} INFO - Pausing task as DEFERRED. dag_id=customer_transactions_pipeline, task_id=Ingestion_Fivetran.MongoDB_to_AzureStorage, execution_date=20240503T020000, start_date=20240513T064919
[2024-05-13T06:49:23.916+0000] {local_task_job_runner.py:237} INFO - Task exited with return code 100 (task deferral)
[2024-05-13T06:49:23.917+0000] {local_task_job_runner.py:222} INFO - ::endgroup::
[2024-05-13T06:50:15.227+0000] {local_task_job_runner.py:120} INFO - ::group::Pre task execution logs
[2024-05-13T06:50:15.248+0000] {taskinstance.py:2073} INFO - Dependencies all met for dep_context=non-requeueable deps ti=<TaskInstance: customer_transactions_pipeline.Ingestion_Fivetran.MongoDB_to_AzureStorage scheduled__2024-05-03T02:00:00+00:00 [queued]>
[2024-05-13T06:50:15.258+0000] {taskinstance.py:2073} INFO - Dependencies all met for dep_context=requeueable deps ti=<TaskInstance: customer_transactions_pipeline.Ingestion_Fivetran.MongoDB_to_AzureStorage scheduled__2024-05-03T02:00:00+00:00 [queued]>
[2024-05-13T06:50:15.258+0000] {taskinstance.py:2301} INFO - Resuming after deferral
[2024-05-13T06:50:15.271+0000] {taskinstance.py:2327} INFO - Executing <Task(FivetranOperator): Ingestion_Fivetran.MongoDB_to_AzureStorage> on 2024-05-03 02:00:00+00:00
[2024-05-13T06:50:15.275+0000] {standard_task_runner.py:63} INFO - Started process 15287 to run task
[2024-05-13T06:50:15.278+0000] {standard_task_runner.py:90} INFO - Running: ['airflow', 'tasks', 'run', 'customer_transactions_pipeline', 'Ingestion_Fivetran.MongoDB_to_AzureStorage', 'scheduled__2024-05-03T02:00:00+00:00', '--job-id', '106', '--raw', '--subdir', 'DAGS_FOLDER/dag.py', '--cfg-path', '/tmp/tmpvj1yo8sm']
[2024-05-13T06:50:15.279+0000] {standard_task_runner.py:91} INFO - Job 106: Subtask Ingestion_Fivetran.MongoDB_to_AzureStorage
[2024-05-13T06:50:15.328+0000] {task_command.py:426} INFO - Running <TaskInstance: customer_transactions_pipeline.Ingestion_Fivetran.MongoDB_to_AzureStorage scheduled__2024-05-03T02:00:00+00:00 [running]> on host f5da772b0226
[2024-05-13T06:50:15.409+0000] {taskinstance.py:430} INFO - ::endgroup::
[2024-05-13T06:50:15.410+0000] {operators.py:172} INFO - Fivetran connector rescue_aerobics finished syncing at 2024-05-13 06:50:04.841000+00:00
[2024-05-13T06:50:15.410+0000] {taskinstance.py:441} INFO - ::group::Post task execution logs
[2024-05-13T06:50:15.434+0000] {taskinstance.py:1205} INFO - Marking task as SUCCESS. dag_id=customer_transactions_pipeline, task_id=Ingestion_Fivetran.MongoDB_to_AzureStorage, execution_date=20240503T020000, start_date=20240513T064919, end_date=20240513T065015
[2024-05-13T06:50:15.490+0000] {local_task_job_runner.py:240} INFO - Task exited with return code 0
[2024-05-13T06:50:15.521+0000] {taskinstance.py:3482} INFO - 0 downstream tasks scheduled from follow-on schedule check
[2024-05-13T06:50:15.523+0000] {local_task_job_runner.py:222} INFO - ::endgroup::
